<?xml version="1.0" encoding="UTF-8"?>
<coverage generated="1675851721700" clover="3.2.0">
  <project timestamp="1675851721700" name="All files">
    <metrics statements="647" coveredstatements="451" conditionals="326" coveredconditionals="201" methods="214" coveredmethods="140" elements="1187" coveredelements="792" complexity="0" loc="647" ncloc="647" packages="4" files="47" classes="47"/>
    <package name="src">
      <metrics statements="9" coveredstatements="9" conditionals="0" coveredconditionals="0" methods="1" coveredmethods="1"/>
      <file name="App.js" path="/Users/quintin/Developer/crazy-bee-project/frontend/src/App.js">
        <metrics statements="5" coveredstatements="5" conditionals="0" coveredconditionals="0" methods="1" coveredmethods="1"/>
        <line num="16" count="2" type="stmt"/>
        <line num="19" count="5" type="stmt"/>
        <line num="20" count="4" type="stmt"/>
        <line num="21" count="4" type="stmt"/>
        <line num="23" count="4" type="stmt"/>
      </file>
      <file name="index.js" path="/Users/quintin/Developer/crazy-bee-project/frontend/src/index.js">
        <metrics statements="4" coveredstatements="4" conditionals="0" coveredconditionals="0" methods="0" coveredmethods="0"/>
        <line num="20" count="1" type="stmt"/>
        <line num="80" count="1" type="stmt"/>
        <line num="81" count="1" type="stmt"/>
        <line num="86" count="1" type="stmt"/>
      </file>
    </package>
    <package name="src.components">
      <metrics statements="357" coveredstatements="231" conditionals="239" coveredconditionals="157" methods="140" coveredmethods="83"/>
      <file name="Accordion.js" path="/Users/quintin/Developer/crazy-bee-project/frontend/src/components/Accordion.js">
        <metrics statements="7" coveredstatements="7" conditionals="2" coveredconditionals="1" methods="5" coveredmethods="5"/>
        <line num="8" count="2" type="stmt"/>
        <line num="9" count="9" type="stmt"/>
        <line num="10" count="9" type="stmt"/>
        <line num="20" count="2" type="stmt"/>
        <line num="21" count="9" type="stmt"/>
        <line num="25" count="9" type="stmt"/>
        <line num="38" count="9" type="stmt"/>
      </file>
      <file name="ActionConfirm.js" path="/Users/quintin/Developer/crazy-bee-project/frontend/src/components/ActionConfirm.js">
        <metrics statements="14" coveredstatements="12" conditionals="5" coveredconditionals="1" methods="5" coveredmethods="4"/>
        <line num="10" count="8" type="stmt"/>
        <line num="11" count="17" type="stmt"/>
        <line num="26" count="15" type="stmt"/>
        <line num="28" count="15" type="stmt"/>
        <line num="29" count="2" type="stmt"/>
        <line num="30" count="2" type="stmt"/>
        <line num="33" count="15" type="stmt"/>
        <line num="34" count="0" type="stmt"/>
        <line num="35" count="0" type="stmt"/>
        <line num="38" count="15" type="stmt"/>
        <line num="39" count="2" type="stmt"/>
        <line num="40" count="2" type="cond" truecount="1" falsecount="1"/>
        <line num="41" count="2" type="stmt"/>
        <line num="44" count="15" type="stmt"/>
      </file>
      <file name="AlertMessage.js" path="/Users/quintin/Developer/crazy-bee-project/frontend/src/components/AlertMessage.js">
        <metrics statements="11" coveredstatements="8" conditionals="6" coveredconditionals="4" methods="4" coveredmethods="3"/>
        <line num="7" count="3" type="stmt"/>
        <line num="8" count="2" type="stmt"/>
        <line num="12" count="6" type="stmt"/>
        <line num="13" count="6" type="stmt"/>
        <line num="15" count="6" type="stmt"/>
        <line num="16" count="3" type="cond" truecount="2" falsecount="0"/>
        <line num="19" count="6" type="stmt"/>
        <line num="20" count="0" type="cond" truecount="0" falsecount="2"/>
        <line num="21" count="0" type="stmt"/>
        <line num="24" count="0" type="stmt"/>
        <line num="27" count="6" type="stmt"/>
      </file>
      <file name="ArtworkDisplay.js" path="/Users/quintin/Developer/crazy-bee-project/frontend/src/components/ArtworkDisplay.js">
        <metrics statements="17" coveredstatements="8" conditionals="6" coveredconditionals="3" methods="7" coveredmethods="2"/>
        <line num="13" count="2" type="stmt"/>
        <line num="14" count="0" type="stmt"/>
        <line num="23" count="2" type="stmt"/>
        <line num="25" count="2" type="stmt"/>
        <line num="26" count="0" type="stmt"/>
        <line num="29" count="2" type="stmt"/>
        <line num="30" count="0" type="stmt"/>
        <line num="31" count="0" type="stmt"/>
        <line num="33" count="0" type="stmt"/>
        <line num="34" count="0" type="stmt"/>
        <line num="41" count="0" type="stmt"/>
        <line num="42" count="0" type="stmt"/>
        <line num="46" count="2" type="stmt"/>
        <line num="47" count="2" type="cond" truecount="1" falsecount="1"/>
        <line num="51" count="2" type="cond" truecount="1" falsecount="1"/>
        <line num="52" count="0" type="stmt"/>
        <line num="74" count="2" type="stmt"/>
      </file>
      <file name="AssetForm.js" path="/Users/quintin/Developer/crazy-bee-project/frontend/src/components/AssetForm.js">
        <metrics statements="7" coveredstatements="7" conditionals="23" coveredconditionals="19" methods="7" coveredmethods="7"/>
        <line num="34" count="18" type="stmt"/>
        <line num="126" count="20" type="stmt"/>
        <line num="138" count="60" type="stmt"/>
        <line num="189" count="18" type="stmt"/>
        <line num="192" count="20" type="stmt"/>
        <line num="208" count="20" type="stmt"/>
        <line num="220" count="80" type="stmt"/>
      </file>
      <file name="AssetsList.js" path="/Users/quintin/Developer/crazy-bee-project/frontend/src/components/AssetsList.js">
        <metrics statements="40" coveredstatements="28" conditionals="25" coveredconditionals="23" methods="14" coveredmethods="8"/>
        <line num="37" count="12" type="stmt"/>
        <line num="38" count="12" type="stmt"/>
        <line num="39" count="12" type="stmt"/>
        <line num="40" count="12" type="stmt"/>
        <line num="41" count="12" type="stmt"/>
        <line num="42" count="12" type="stmt"/>
        <line num="44" count="12" type="stmt"/>
        <line num="45" count="7" type="stmt"/>
        <line num="49" count="12" type="cond" truecount="2" falsecount="0"/>
        <line num="50" count="8" type="stmt"/>
        <line num="51" count="8" type="cond" truecount="2" falsecount="0"/>
        <line num="52" count="8" type="cond" truecount="2" falsecount="0"/>
        <line num="54" count="8" type="stmt"/>
        <line num="57" count="5" type="stmt"/>
        <line num="59" count="5" type="stmt"/>
        <line num="60" count="5" type="stmt"/>
        <line num="61" count="5" type="cond" truecount="1" falsecount="1"/>
        <line num="62" count="6" type="stmt"/>
        <line num="63" count="5" type="stmt"/>
        <line num="66" count="1" type="stmt"/>
        <line num="67" count="1" type="stmt"/>
        <line num="68" count="1" type="stmt"/>
        <line num="72" count="12" type="stmt"/>
        <line num="73" count="1" type="stmt"/>
        <line num="76" count="12" type="stmt"/>
        <line num="77" count="0" type="stmt"/>
        <line num="78" count="0" type="stmt"/>
        <line num="81" count="12" type="stmt"/>
        <line num="82" count="0" type="stmt"/>
        <line num="85" count="0" type="stmt"/>
        <line num="86" count="0" type="stmt"/>
        <line num="87" count="0" type="stmt"/>
        <line num="88" count="0" type="stmt"/>
        <line num="91" count="0" type="stmt"/>
        <line num="92" count="0" type="stmt"/>
        <line num="93" count="0" type="stmt"/>
        <line num="97" count="12" type="stmt"/>
        <line num="117" count="5" type="stmt"/>
        <line num="165" count="0" type="stmt"/>
        <line num="173" count="0" type="stmt"/>
      </file>
      <file name="BackButton.js" path="/Users/quintin/Developer/crazy-bee-project/frontend/src/components/BackButton.js">
        <metrics statements="5" coveredstatements="4" conditionals="5" coveredconditionals="2" methods="2" coveredmethods="1"/>
        <line num="6" count="2" type="stmt"/>
        <line num="7" count="4" type="stmt"/>
        <line num="9" count="4" type="stmt"/>
        <line num="10" count="0" type="stmt"/>
        <line num="13" count="4" type="cond" truecount="2" falsecount="3"/>
      </file>
      <file name="CollectionForm.js" path="/Users/quintin/Developer/crazy-bee-project/frontend/src/components/CollectionForm.js">
        <metrics statements="12" coveredstatements="12" conditionals="17" coveredconditionals="13" methods="9" coveredmethods="9"/>
        <line num="22" count="3" type="stmt"/>
        <line num="23" count="3" type="stmt"/>
        <line num="24" count="3" type="stmt"/>
        <line num="47" count="14" type="stmt"/>
        <line num="113" count="16" type="stmt"/>
        <line num="125" count="48" type="stmt"/>
        <line num="176" count="14" type="stmt"/>
        <line num="179" count="16" type="stmt"/>
        <line num="195" count="14" type="stmt"/>
        <line num="205" count="5" type="stmt"/>
        <line num="207" count="15" type="stmt"/>
        <line num="214" count="56" type="stmt"/>
      </file>
      <file name="CollectionSummary.js" path="/Users/quintin/Developer/crazy-bee-project/frontend/src/components/CollectionSummary.js">
        <metrics statements="14" coveredstatements="11" conditionals="11" coveredconditionals="10" methods="6" coveredmethods="5"/>
        <line num="23" count="24" type="stmt"/>
        <line num="24" count="24" type="stmt"/>
        <line num="26" count="24" type="stmt"/>
        <line num="27" count="1" type="stmt"/>
        <line num="30" count="1" type="stmt"/>
        <line num="31" count="1" type="stmt"/>
        <line num="32" count="1" type="stmt"/>
        <line num="33" count="1" type="stmt"/>
        <line num="36" count="0" type="stmt"/>
        <line num="37" count="0" type="stmt"/>
        <line num="38" count="0" type="stmt"/>
        <line num="42" count="24" type="stmt"/>
        <line num="107" count="1" type="stmt"/>
        <line num="126" count="42" type="stmt"/>
      </file>
      <file name="Footer.js" path="/Users/quintin/Developer/crazy-bee-project/frontend/src/components/Footer.js">
        <metrics statements="1" coveredstatements="1" conditionals="0" coveredconditionals="0" methods="1" coveredmethods="1"/>
        <line num="8" count="4" type="stmt"/>
      </file>
      <file name="GenerateBar.js" path="/Users/quintin/Developer/crazy-bee-project/frontend/src/components/GenerateBar.js">
        <metrics statements="37" coveredstatements="15" conditionals="18" coveredconditionals="8" methods="11" coveredmethods="4"/>
        <line num="19" count="2" type="stmt"/>
        <line num="20" count="2" type="stmt"/>
        <line num="21" count="2" type="stmt"/>
        <line num="22" count="2" type="stmt"/>
        <line num="23" count="2" type="stmt"/>
        <line num="24" count="2" type="stmt"/>
        <line num="25" count="2" type="stmt"/>
        <line num="26" count="2" type="stmt"/>
        <line num="28" count="8" type="cond" truecount="1" falsecount="1"/>
        <line num="30" count="2" type="stmt"/>
        <line num="31" count="0" type="stmt"/>
        <line num="34" count="2" type="stmt"/>
        <line num="35" count="0" type="stmt"/>
        <line num="36" count="0" type="stmt"/>
        <line num="38" count="0" type="stmt"/>
        <line num="41" count="0" type="stmt"/>
        <line num="42" count="0" type="stmt"/>
        <line num="43" count="0" type="stmt"/>
        <line num="44" count="0" type="stmt"/>
        <line num="45" count="0" type="stmt"/>
        <line num="46" count="0" type="stmt"/>
        <line num="49" count="0" type="cond" truecount="0" falsecount="2"/>
        <line num="50" count="0" type="stmt"/>
        <line num="51" count="0" type="stmt"/>
        <line num="52" count="0" type="stmt"/>
        <line num="53" count="0" type="stmt"/>
        <line num="57" count="2" type="stmt"/>
        <line num="58" count="2" type="cond" truecount="1" falsecount="1"/>
        <line num="59" count="0" type="stmt"/>
        <line num="62" count="0" type="stmt"/>
        <line num="64" count="0" type="cond" truecount="0" falsecount="2"/>
        <line num="65" count="0" type="stmt"/>
        <line num="69" count="0" type="stmt"/>
        <line num="70" count="0" type="stmt"/>
        <line num="75" count="2" type="stmt"/>
        <line num="98" count="12" type="stmt"/>
        <line num="111" count="0" type="stmt"/>
      </file>
      <file name="LoadingSkeletons.js" path="/Users/quintin/Developer/crazy-bee-project/frontend/src/components/LoadingSkeletons.js">
        <metrics statements="2" coveredstatements="2" conditionals="0" coveredconditionals="0" methods="2" coveredmethods="2"/>
        <line num="7" count="15" type="stmt"/>
        <line num="11" count="112" type="stmt"/>
      </file>
      <file name="LoginPopup.js" path="/Users/quintin/Developer/crazy-bee-project/frontend/src/components/LoginPopup.js">
        <metrics statements="21" coveredstatements="18" conditionals="6" coveredconditionals="4" methods="7" coveredmethods="5"/>
        <line num="23" count="10" type="stmt"/>
        <line num="24" count="10" type="stmt"/>
        <line num="26" count="10" type="stmt"/>
        <line num="27" count="2" type="stmt"/>
        <line num="30" count="10" type="stmt"/>
        <line num="31" count="0" type="stmt"/>
        <line num="34" count="10" type="stmt"/>
        <line num="35" count="2" type="stmt"/>
        <line num="38" count="1" type="stmt"/>
        <line num="39" count="1" type="stmt"/>
        <line num="40" count="1" type="stmt"/>
        <line num="41" count="1" type="stmt"/>
        <line num="43" count="1" type="stmt"/>
        <line num="44" count="0" type="stmt"/>
        <line num="45" count="0" type="stmt"/>
        <line num="49" count="1" type="cond" truecount="2" falsecount="0"/>
        <line num="50" count="1" type="stmt"/>
        <line num="51" count="1" type="stmt"/>
        <line num="52" count="1" type="stmt"/>
        <line num="60" count="10" type="stmt"/>
        <line num="65" count="10" type="stmt"/>
      </file>
      <file name="Logout.js" path="/Users/quintin/Developer/crazy-bee-project/frontend/src/components/Logout.js">
        <metrics statements="6" coveredstatements="6" conditionals="0" coveredconditionals="0" methods="3" coveredmethods="2"/>
        <line num="8" count="1" type="stmt"/>
        <line num="10" count="1" type="stmt"/>
        <line num="11" count="1" type="stmt"/>
        <line num="12" count="1" type="stmt"/>
        <line num="14" count="1" type="stmt"/>
        <line num="17" count="1" type="stmt"/>
      </file>
      <file name="MessagesBadge.js" path="/Users/quintin/Developer/crazy-bee-project/frontend/src/components/MessagesBadge.js">
        <metrics statements="49" coveredstatements="21" conditionals="24" coveredconditionals="10" methods="15" coveredmethods="4"/>
        <line num="16" count="2" type="stmt"/>
        <line num="17" count="4" type="stmt"/>
        <line num="18" count="4" type="cond" truecount="1" falsecount="1"/>
        <line num="22" count="4" type="stmt"/>
        <line num="24" count="0" type="stmt"/>
        <line num="25" count="0" type="stmt"/>
        <line num="30" count="4" type="stmt"/>
        <line num="31" count="4" type="stmt"/>
        <line num="33" count="4" type="stmt"/>
        <line num="34" count="4" type="stmt"/>
        <line num="36" count="4" type="stmt"/>
        <line num="37" count="0" type="stmt"/>
        <line num="40" count="4" type="stmt"/>
        <line num="41" count="0" type="stmt"/>
        <line num="44" count="4" type="stmt"/>
        <line num="45" count="0" type="stmt"/>
        <line num="46" count="0" type="cond" truecount="0" falsecount="2"/>
        <line num="50" count="0" type="stmt"/>
        <line num="52" count="0" type="stmt"/>
        <line num="56" count="4" type="stmt"/>
        <line num="57" count="0" type="stmt"/>
        <line num="58" count="0" type="stmt"/>
        <line num="60" count="0" type="stmt"/>
        <line num="61" count="0" type="stmt"/>
        <line num="63" count="0" type="stmt"/>
        <line num="67" count="4" type="stmt"/>
        <line num="68" count="0" type="stmt"/>
        <line num="69" count="0" type="stmt"/>
        <line num="71" count="0" type="stmt"/>
        <line num="72" count="0" type="stmt"/>
        <line num="73" count="0" type="stmt"/>
        <line num="75" count="0" type="stmt"/>
        <line num="79" count="4" type="stmt"/>
        <line num="80" count="0" type="stmt"/>
        <line num="82" count="0" type="stmt"/>
        <line num="84" count="0" type="cond" truecount="0" falsecount="2"/>
        <line num="95" count="0" type="stmt"/>
        <line num="96" count="0" type="stmt"/>
        <line num="110" count="4" type="stmt"/>
        <line num="111" count="4" type="cond" truecount="2" falsecount="0"/>
        <line num="112" count="2" type="stmt"/>
        <line num="113" count="0" type="stmt"/>
        <line num="114" count="0" type="stmt"/>
        <line num="115" count="0" type="stmt"/>
        <line num="119" count="4" type="stmt"/>
        <line num="120" count="4" type="cond" truecount="2" falsecount="0"/>
        <line num="121" count="2" type="stmt"/>
        <line num="122" count="0" type="stmt"/>
        <line num="128" count="4" type="stmt"/>
      </file>
      <file name="NFTCollectionsList.js" path="/Users/quintin/Developer/crazy-bee-project/frontend/src/components/NFTCollectionsList.js">
        <metrics statements="41" coveredstatements="29" conditionals="21" coveredconditionals="19" methods="14" coveredmethods="8"/>
        <line num="27" count="13" type="stmt"/>
        <line num="28" count="13" type="stmt"/>
        <line num="29" count="13" type="stmt"/>
        <line num="30" count="13" type="stmt"/>
        <line num="31" count="13" type="stmt"/>
        <line num="32" count="13" type="stmt"/>
        <line num="34" count="13" type="stmt"/>
        <line num="35" count="8" type="stmt"/>
        <line num="39" count="13" type="cond" truecount="2" falsecount="0"/>
        <line num="40" count="9" type="stmt"/>
        <line num="43" count="9" type="cond" truecount="2" falsecount="0"/>
        <line num="45" count="9" type="stmt"/>
        <line num="48" count="5" type="stmt"/>
        <line num="50" count="5" type="stmt"/>
        <line num="51" count="5" type="stmt"/>
        <line num="52" count="5" type="cond" truecount="1" falsecount="1"/>
        <line num="53" count="5" type="stmt"/>
        <line num="54" count="5" type="stmt"/>
        <line num="57" count="2" type="stmt"/>
        <line num="58" count="2" type="stmt"/>
        <line num="59" count="2" type="stmt"/>
        <line num="60" count="2" type="stmt"/>
        <line num="64" count="13" type="stmt"/>
        <line num="65" count="1" type="cond" truecount="2" falsecount="0"/>
        <line num="68" count="13" type="stmt"/>
        <line num="69" count="0" type="stmt"/>
        <line num="70" count="0" type="stmt"/>
        <line num="73" count="13" type="stmt"/>
        <line num="74" count="0" type="stmt"/>
        <line num="77" count="0" type="stmt"/>
        <line num="78" count="0" type="stmt"/>
        <line num="79" count="0" type="stmt"/>
        <line num="80" count="0" type="stmt"/>
        <line num="83" count="0" type="stmt"/>
        <line num="84" count="0" type="stmt"/>
        <line num="85" count="0" type="stmt"/>
        <line num="89" count="13" type="stmt"/>
        <line num="100" count="4" type="stmt"/>
        <line num="127" count="9" type="stmt"/>
        <line num="150" count="0" type="stmt"/>
        <line num="159" count="0" type="stmt"/>
      </file>
      <file name="PageSearchBar.js" path="/Users/quintin/Developer/crazy-bee-project/frontend/src/components/PageSearchBar.js">
        <metrics statements="1" coveredstatements="1" conditionals="2" coveredconditionals="2" methods="1" coveredmethods="1"/>
        <line num="10" count="15" type="stmt"/>
      </file>
      <file name="SearchResultsList.js" path="/Users/quintin/Developer/crazy-bee-project/frontend/src/components/SearchResultsList.js">
        <metrics statements="4" coveredstatements="1" conditionals="14" coveredconditionals="6" methods="4" coveredmethods="1"/>
        <line num="22" count="2" type="stmt"/>
        <line num="39" count="0" type="stmt"/>
        <line num="66" count="0" type="stmt"/>
        <line num="100" count="0" type="stmt"/>
      </file>
      <file name="SignUpPopup.js" path="/Users/quintin/Developer/crazy-bee-project/frontend/src/components/SignUpPopup.js">
        <metrics statements="20" coveredstatements="7" conditionals="18" coveredconditionals="9" methods="7" coveredmethods="1"/>
        <line num="20" count="11" type="stmt"/>
        <line num="21" count="11" type="stmt"/>
        <line num="23" count="11" type="stmt"/>
        <line num="24" count="0" type="stmt"/>
        <line num="27" count="11" type="stmt"/>
        <line num="28" count="0" type="stmt"/>
        <line num="31" count="11" type="stmt"/>
        <line num="32" count="0" type="stmt"/>
        <line num="35" count="0" type="stmt"/>
        <line num="36" count="0" type="stmt"/>
        <line num="37" count="0" type="stmt"/>
        <line num="38" count="0" type="stmt"/>
        <line num="40" count="0" type="stmt"/>
        <line num="41" count="0" type="stmt"/>
        <line num="45" count="0" type="cond" truecount="0" falsecount="2"/>
        <line num="46" count="0" type="stmt"/>
        <line num="47" count="0" type="stmt"/>
        <line num="48" count="0" type="stmt"/>
        <line num="56" count="11" type="stmt"/>
        <line num="71" count="11" type="stmt"/>
      </file>
      <file name="SocketConnect.js" path="/Users/quintin/Developer/crazy-bee-project/frontend/src/components/SocketConnect.js">
        <metrics statements="9" coveredstatements="9" conditionals="0" coveredconditionals="0" methods="3" coveredmethods="3"/>
        <line num="5" count="5" type="stmt"/>
        <line num="7" count="4" type="stmt"/>
        <line num="8" count="2" type="stmt"/>
        <line num="9" count="2" type="stmt"/>
        <line num="10" count="2" type="stmt"/>
        <line num="12" count="2" type="stmt"/>
        <line num="13" count="2" type="stmt"/>
        <line num="14" count="2" type="stmt"/>
        <line num="18" count="4" type="stmt"/>
      </file>
      <file name="TopNav.js" path="/Users/quintin/Developer/crazy-bee-project/frontend/src/components/TopNav.js">
        <metrics statements="2" coveredstatements="2" conditionals="4" coveredconditionals="2" methods="1" coveredmethods="1"/>
        <line num="17" count="4" type="stmt"/>
        <line num="19" count="4" type="stmt"/>
      </file>
      <file name="TopSlogan.js" path="/Users/quintin/Developer/crazy-bee-project/frontend/src/components/TopSlogan.js">
        <metrics statements="5" coveredstatements="3" conditionals="12" coveredconditionals="9" methods="2" coveredmethods="1"/>
        <line num="19" count="9" type="stmt"/>
        <line num="21" count="9" type="stmt"/>
        <line num="22" count="0" type="stmt"/>
        <line num="24" count="0" type="cond" truecount="0" falsecount="2"/>
        <line num="27" count="9" type="stmt"/>
      </file>
      <file name="UserSummary.js" path="/Users/quintin/Developer/crazy-bee-project/frontend/src/components/UserSummary.js">
        <metrics statements="1" coveredstatements="1" conditionals="12" coveredconditionals="9" methods="1" coveredmethods="1"/>
        <line num="13" count="20" type="stmt"/>
      </file>
      <file name="WalletConnect.js" path="/Users/quintin/Developer/crazy-bee-project/frontend/src/components/WalletConnect.js">
        <metrics statements="31" coveredstatements="18" conditionals="8" coveredconditionals="3" methods="9" coveredmethods="4"/>
        <line num="17" count="2" type="stmt"/>
        <line num="18" count="0" type="stmt"/>
        <line num="22" count="4" type="stmt"/>
        <line num="23" count="4" type="stmt"/>
        <line num="24" count="4" type="stmt"/>
        <line num="26" count="4" type="stmt"/>
        <line num="27" count="0" type="stmt"/>
        <line num="28" count="0" type="stmt"/>
        <line num="31" count="4" type="stmt"/>
        <line num="32" count="0" type="stmt"/>
        <line num="33" count="0" type="stmt"/>
        <line num="36" count="4" type="stmt"/>
        <line num="37" count="2" type="stmt"/>
        <line num="39" count="2" type="cond" truecount="1" falsecount="1"/>
        <line num="40" count="0" type="stmt"/>
        <line num="42" count="2" type="stmt"/>
        <line num="46" count="4" type="stmt"/>
        <line num="47" count="0" type="stmt"/>
        <line num="48" count="0" type="stmt"/>
        <line num="49" count="0" type="stmt"/>
        <line num="52" count="4" type="stmt"/>
        <line num="54" count="2" type="stmt"/>
        <line num="55" count="2" type="stmt"/>
        <line num="56" count="2" type="stmt"/>
        <line num="58" count="2" type="stmt"/>
        <line num="60" count="2" type="cond" truecount="1" falsecount="1"/>
        <line num="61" count="0" type="stmt"/>
        <line num="62" count="0" type="cond" truecount="0" falsecount="2"/>
        <line num="63" count="0" type="stmt"/>
        <line num="64" count="0" type="stmt"/>
        <line num="70" count="4" type="cond" truecount="1" falsecount="1"/>
      </file>
    </package>
    <package name="src.lib">
      <metrics statements="50" coveredstatements="32" conditionals="10" coveredconditionals="3" methods="8" coveredmethods="4"/>
      <file name="AlertMessageContext.js" path="/Users/quintin/Developer/crazy-bee-project/frontend/src/lib/AlertMessageContext.js">
        <metrics statements="2" coveredstatements="2" conditionals="0" coveredconditionals="0" methods="1" coveredmethods="1"/>
        <line num="3" count="15" type="stmt"/>
        <line num="7" count="15" type="stmt"/>
      </file>
      <file name="CurrentUserContext.js" path="/Users/quintin/Developer/crazy-bee-project/frontend/src/lib/CurrentUserContext.js">
        <metrics statements="2" coveredstatements="2" conditionals="0" coveredconditionals="0" methods="0" coveredmethods="0"/>
        <line num="3" count="10" type="stmt"/>
        <line num="4" count="10" type="stmt"/>
      </file>
      <file name="SocketContext.js" path="/Users/quintin/Developer/crazy-bee-project/frontend/src/lib/SocketContext.js">
        <metrics statements="2" coveredstatements="2" conditionals="0" coveredconditionals="0" methods="0" coveredmethods="0"/>
        <line num="3" count="4" type="stmt"/>
        <line num="4" count="4" type="stmt"/>
      </file>
      <file name="axiosClient.js" path="/Users/quintin/Developer/crazy-bee-project/frontend/src/lib/axiosClient.js">
        <metrics statements="1" coveredstatements="1" conditionals="2" coveredconditionals="1" methods="0" coveredmethods="0"/>
        <line num="3" count="13" type="stmt"/>
      </file>
      <file name="dataConstants.js" path="/Users/quintin/Developer/crazy-bee-project/frontend/src/lib/dataConstants.js">
        <metrics statements="7" coveredstatements="7" conditionals="0" coveredconditionals="0" methods="0" coveredmethods="0"/>
        <line num="1" count="13" type="stmt"/>
        <line num="2" count="13" type="stmt"/>
        <line num="4" count="13" type="stmt"/>
        <line num="6" count="13" type="stmt"/>
        <line num="8" count="13" type="stmt"/>
        <line num="15" count="13" type="stmt"/>
        <line num="24" count="13" type="stmt"/>
      </file>
      <file name="nftInteraction.js" path="/Users/quintin/Developer/crazy-bee-project/frontend/src/lib/nftInteraction.js">
        <metrics statements="18" coveredstatements="5" conditionals="6" coveredconditionals="1" methods="2" coveredmethods="1"/>
        <line num="1" count="2" type="stmt"/>
        <line num="20" count="2" type="stmt"/>
        <line num="21" count="0" type="cond" truecount="0" falsecount="2"/>
        <line num="22" count="0" type="stmt"/>
        <line num="23" count="0" type="stmt"/>
        <line num="26" count="0" type="stmt"/>
        <line num="30" count="0" type="stmt"/>
        <line num="32" count="0" type="stmt"/>
        <line num="39" count="0" type="stmt"/>
        <line num="43" count="2" type="stmt"/>
        <line num="44" count="2" type="cond" truecount="1" falsecount="1"/>
        <line num="45" count="0" type="stmt"/>
        <line num="46" count="0" type="stmt"/>
        <line num="49" count="0" type="cond" truecount="0" falsecount="2"/>
        <line num="50" count="0" type="stmt"/>
        <line num="55" count="0" type="stmt"/>
        <line num="61" count="0" type="stmt"/>
        <line num="68" count="2" type="stmt"/>
      </file>
      <file name="testHelper.js" path="/Users/quintin/Developer/crazy-bee-project/frontend/src/lib/testHelper.js">
        <metrics statements="3" coveredstatements="3" conditionals="0" coveredconditionals="0" methods="0" coveredmethods="0"/>
        <line num="1" count="8" type="stmt"/>
        <line num="16" count="8" type="stmt"/>
        <line num="33" count="8" type="stmt"/>
      </file>
      <file name="useCurrentUser.js" path="/Users/quintin/Developer/crazy-bee-project/frontend/src/lib/useCurrentUser.js">
        <metrics statements="9" coveredstatements="5" conditionals="2" coveredconditionals="1" methods="4" coveredmethods="2"/>
        <line num="4" count="2" type="stmt"/>
        <line num="5" count="4" type="stmt"/>
        <line num="7" count="4" type="stmt"/>
        <line num="8" count="2" type="cond" truecount="1" falsecount="1"/>
        <line num="9" count="0" type="stmt"/>
        <line num="12" count="0" type="stmt"/>
        <line num="15" count="0" type="stmt"/>
        <line num="16" count="0" type="stmt"/>
        <line num="21" count="4" type="stmt"/>
      </file>
      <file name="utils.js" path="/Users/quintin/Developer/crazy-bee-project/frontend/src/lib/utils.js">
        <metrics statements="2" coveredstatements="1" conditionals="0" coveredconditionals="0" methods="1" coveredmethods="0"/>
        <line num="1" count="2" type="stmt"/>
        <line num="2" count="0" type="stmt"/>
      </file>
      <file name="validations.js" path="/Users/quintin/Developer/crazy-bee-project/frontend/src/lib/validations.js">
        <metrics statements="4" coveredstatements="4" conditionals="0" coveredconditionals="0" methods="0" coveredmethods="0"/>
        <line num="4" count="10" type="stmt"/>
        <line num="15" count="10" type="stmt"/>
        <line num="26" count="10" type="stmt"/>
        <line num="31" count="10" type="stmt"/>
      </file>
    </package>
    <package name="src.pages">
      <metrics statements="231" coveredstatements="179" conditionals="77" coveredconditionals="41" methods="65" coveredmethods="52"/>
      <file name="AICreatorPage.js" path="/Users/quintin/Developer/crazy-bee-project/frontend/src/pages/AICreatorPage.js">
        <metrics statements="1" coveredstatements="1" conditionals="0" coveredconditionals="0" methods="1" coveredmethods="1"/>
        <line num="8" count="2" type="stmt"/>
      </file>
      <file name="EditAssetPage.js" path="/Users/quintin/Developer/crazy-bee-project/frontend/src/pages/EditAssetPage.js">
        <metrics statements="36" coveredstatements="31" conditionals="2" coveredconditionals="0" methods="11" coveredmethods="10"/>
        <line num="13" count="2" type="stmt"/>
        <line num="25" count="10" type="stmt"/>
        <line num="26" count="10" type="stmt"/>
        <line num="27" count="9" type="stmt"/>
        <line num="28" count="9" type="stmt"/>
        <line num="29" count="9" type="stmt"/>
        <line num="30" count="9" type="stmt"/>
        <line num="31" count="9" type="stmt"/>
        <line num="39" count="9" type="stmt"/>
        <line num="44" count="9" type="stmt"/>
        <line num="45" count="4" type="stmt"/>
        <line num="48" count="3" type="stmt"/>
        <line num="49" count="3" type="stmt"/>
        <line num="52" count="1" type="stmt"/>
        <line num="53" count="1" type="stmt"/>
        <line num="54" count="1" type="stmt"/>
        <line num="58" count="9" type="stmt"/>
        <line num="59" count="4" type="stmt"/>
        <line num="62" count="3" type="stmt"/>
        <line num="65" count="1" type="stmt"/>
        <line num="66" count="1" type="stmt"/>
        <line num="70" count="9" type="stmt"/>
        <line num="71" count="1" type="stmt"/>
        <line num="74" count="9" type="stmt"/>
        <line num="75" count="1" type="stmt"/>
        <line num="77" count="1" type="stmt"/>
        <line num="80" count="1" type="stmt"/>
        <line num="81" count="1" type="stmt"/>
        <line num="82" count="1" type="stmt"/>
        <line num="83" count="1" type="stmt"/>
        <line num="86" count="0" type="cond" truecount="0" falsecount="2"/>
        <line num="87" count="0" type="stmt"/>
        <line num="88" count="0" type="stmt"/>
        <line num="89" count="0" type="stmt"/>
        <line num="90" count="0" type="stmt"/>
        <line num="94" count="9" type="stmt"/>
      </file>
      <file name="EditCollectionPage.js" path="/Users/quintin/Developer/crazy-bee-project/frontend/src/pages/EditCollectionPage.js">
        <metrics statements="30" coveredstatements="25" conditionals="2" coveredconditionals="0" methods="8" coveredmethods="7"/>
        <line num="13" count="2" type="stmt"/>
        <line num="25" count="9" type="stmt"/>
        <line num="26" count="9" type="stmt"/>
        <line num="27" count="8" type="stmt"/>
        <line num="28" count="8" type="stmt"/>
        <line num="29" count="8" type="stmt"/>
        <line num="30" count="8" type="stmt"/>
        <line num="38" count="8" type="stmt"/>
        <line num="43" count="8" type="stmt"/>
        <line num="44" count="4" type="stmt"/>
        <line num="47" count="3" type="stmt"/>
        <line num="48" count="3" type="stmt"/>
        <line num="51" count="1" type="stmt"/>
        <line num="52" count="1" type="stmt"/>
        <line num="53" count="1" type="stmt"/>
        <line num="57" count="8" type="stmt"/>
        <line num="58" count="1" type="stmt"/>
        <line num="61" count="8" type="stmt"/>
        <line num="62" count="1" type="stmt"/>
        <line num="64" count="1" type="stmt"/>
        <line num="67" count="1" type="stmt"/>
        <line num="68" count="1" type="stmt"/>
        <line num="69" count="1" type="stmt"/>
        <line num="70" count="1" type="stmt"/>
        <line num="73" count="0" type="cond" truecount="0" falsecount="2"/>
        <line num="74" count="0" type="stmt"/>
        <line num="75" count="0" type="stmt"/>
        <line num="76" count="0" type="stmt"/>
        <line num="77" count="0" type="stmt"/>
        <line num="81" count="8" type="stmt"/>
      </file>
      <file name="ErrorPage.js" path="/Users/quintin/Developer/crazy-bee-project/frontend/src/pages/ErrorPage.js">
        <metrics statements="3" coveredstatements="3" conditionals="2" coveredconditionals="2" methods="1" coveredmethods="1"/>
        <line num="4" count="1" type="stmt"/>
        <line num="5" count="1" type="stmt"/>
        <line num="7" count="1" type="stmt"/>
      </file>
      <file name="ExplorePage.js" path="/Users/quintin/Developer/crazy-bee-project/frontend/src/pages/ExplorePage.js">
        <metrics statements="30" coveredstatements="11" conditionals="12" coveredconditionals="5" methods="6" coveredmethods="1"/>
        <line num="15" count="2" type="stmt"/>
        <line num="16" count="2" type="stmt"/>
        <line num="17" count="2" type="stmt"/>
        <line num="18" count="2" type="stmt"/>
        <line num="19" count="2" type="stmt"/>
        <line num="20" count="2" type="stmt"/>
        <line num="21" count="2" type="cond" truecount="2" falsecount="0"/>
        <line num="23" count="2" type="stmt"/>
        <line num="24" count="0" type="stmt"/>
        <line num="25" count="0" type="stmt"/>
        <line num="27" count="0" type="stmt"/>
        <line num="30" count="0" type="stmt"/>
        <line num="32" count="0" type="stmt"/>
        <line num="34" count="0" type="stmt"/>
        <line num="35" count="0" type="stmt"/>
        <line num="36" count="0" type="stmt"/>
        <line num="37" count="0" type="stmt"/>
        <line num="40" count="0" type="stmt"/>
        <line num="41" count="0" type="stmt"/>
        <line num="42" count="0" type="stmt"/>
        <line num="43" count="0" type="stmt"/>
        <line num="44" count="0" type="stmt"/>
        <line num="48" count="2" type="stmt"/>
        <line num="49" count="0" type="stmt"/>
        <line num="50" count="0" type="stmt"/>
        <line num="51" count="0" type="stmt"/>
        <line num="52" count="0" type="stmt"/>
        <line num="55" count="2" type="stmt"/>
        <line num="56" count="0" type="stmt"/>
        <line num="59" count="2" type="stmt"/>
      </file>
      <file name="HomePage.js" path="/Users/quintin/Developer/crazy-bee-project/frontend/src/pages/HomePage.js">
        <metrics statements="1" coveredstatements="1" conditionals="0" coveredconditionals="0" methods="1" coveredmethods="1"/>
        <line num="6" count="6" type="stmt"/>
      </file>
      <file name="NewAssetPage.js" path="/Users/quintin/Developer/crazy-bee-project/frontend/src/pages/NewAssetPage.js">
        <metrics statements="36" coveredstatements="29" conditionals="10" coveredconditionals="4" methods="9" coveredmethods="7"/>
        <line num="13" count="2" type="stmt"/>
        <line num="25" count="9" type="stmt"/>
        <line num="26" count="9" type="stmt"/>
        <line num="27" count="9" type="stmt"/>
        <line num="28" count="9" type="stmt"/>
        <line num="29" count="9" type="stmt"/>
        <line num="30" count="9" type="stmt"/>
        <line num="31" count="9" type="stmt"/>
        <line num="32" count="9" type="stmt"/>
        <line num="34" count="9" type="stmt"/>
        <line num="35" count="9" type="stmt"/>
        <line num="37" count="9" type="cond" truecount="1" falsecount="1"/>
        <line num="38" count="9" type="cond" truecount="1" falsecount="1"/>
        <line num="40" count="9" type="stmt"/>
        <line num="48" count="9" type="stmt"/>
        <line num="53" count="9" type="stmt"/>
        <line num="54" count="3" type="stmt"/>
        <line num="57" count="3" type="stmt"/>
        <line num="58" count="3" type="stmt"/>
        <line num="61" count="0" type="stmt"/>
        <line num="62" count="0" type="stmt"/>
        <line num="63" count="0" type="stmt"/>
        <line num="67" count="9" type="stmt"/>
        <line num="68" count="1" type="stmt"/>
        <line num="71" count="9" type="stmt"/>
        <line num="72" count="1" type="stmt"/>
        <line num="82" count="1" type="stmt"/>
        <line num="83" count="1" type="stmt"/>
        <line num="84" count="1" type="stmt"/>
        <line num="86" count="1" type="cond" truecount="1" falsecount="1"/>
        <line num="92" count="1" type="cond" truecount="1" falsecount="1"/>
        <line num="95" count="0" type="cond" truecount="0" falsecount="2"/>
        <line num="96" count="0" type="stmt"/>
        <line num="97" count="0" type="stmt"/>
        <line num="98" count="0" type="stmt"/>
        <line num="102" count="9" type="stmt"/>
      </file>
      <file name="NewCollectionPage.js" path="/Users/quintin/Developer/crazy-bee-project/frontend/src/pages/NewCollectionPage.js">
        <metrics statements="23" coveredstatements="18" conditionals="4" coveredconditionals="1" methods="5" coveredmethods="4"/>
        <line num="13" count="2" type="stmt"/>
        <line num="25" count="6" type="stmt"/>
        <line num="26" count="6" type="stmt"/>
        <line num="27" count="6" type="stmt"/>
        <line num="28" count="6" type="stmt"/>
        <line num="29" count="6" type="stmt"/>
        <line num="36" count="6" type="stmt"/>
        <line num="41" count="6" type="stmt"/>
        <line num="42" count="1" type="stmt"/>
        <line num="45" count="6" type="stmt"/>
        <line num="46" count="1" type="stmt"/>
        <line num="48" count="1" type="stmt"/>
        <line num="51" count="1" type="stmt"/>
        <line num="52" count="1" type="stmt"/>
        <line num="53" count="1" type="stmt"/>
        <line num="54" count="1" type="cond" truecount="1" falsecount="1"/>
        <line num="60" count="1" type="stmt"/>
        <line num="63" count="0" type="cond" truecount="0" falsecount="2"/>
        <line num="64" count="0" type="stmt"/>
        <line num="65" count="0" type="stmt"/>
        <line num="66" count="0" type="stmt"/>
        <line num="67" count="0" type="stmt"/>
        <line num="71" count="6" type="stmt"/>
      </file>
      <file name="SingleAssetPage.js" path="/Users/quintin/Developer/crazy-bee-project/frontend/src/pages/SingleAssetPage.js">
        <metrics statements="47" coveredstatements="36" conditionals="33" coveredconditionals="20" methods="15" coveredmethods="12"/>
        <line num="25" count="2" type="stmt"/>
        <line num="26" count="18" type="cond" truecount="1" falsecount="1"/>
        <line num="27" count="0" type="stmt"/>
        <line num="47" count="18" type="cond" truecount="1" falsecount="1"/>
        <line num="51" count="0" type="stmt"/>
        <line num="52" count="18" type="cond" truecount="2" falsecount="2"/>
        <line num="53" count="0" type="stmt"/>
        <line num="58" count="18" type="cond" truecount="2" falsecount="2"/>
        <line num="59" count="0" type="stmt"/>
        <line num="75" count="18" type="stmt"/>
        <line num="79" count="7" type="stmt"/>
        <line num="80" count="7" type="stmt"/>
        <line num="81" count="6" type="stmt"/>
        <line num="82" count="6" type="stmt"/>
        <line num="83" count="6" type="stmt"/>
        <line num="84" count="6" type="stmt"/>
        <line num="85" count="6" type="stmt"/>
        <line num="86" count="6" type="stmt"/>
        <line num="88" count="6" type="stmt"/>
        <line num="89" count="3" type="stmt"/>
        <line num="92" count="2" type="stmt"/>
        <line num="93" count="2" type="stmt"/>
        <line num="96" count="1" type="stmt"/>
        <line num="97" count="1" type="stmt"/>
        <line num="98" count="1" type="stmt"/>
        <line num="102" count="6" type="stmt"/>
        <line num="103" count="5" type="cond" truecount="2" falsecount="0"/>
        <line num="104" count="2" type="stmt"/>
        <line num="107" count="2" type="stmt"/>
        <line num="110" count="0" type="stmt"/>
        <line num="111" count="0" type="stmt"/>
        <line num="114" count="2" type="stmt"/>
        <line num="117" count="2" type="stmt"/>
        <line num="120" count="0" type="stmt"/>
        <line num="121" count="0" type="stmt"/>
        <line num="126" count="6" type="stmt"/>
        <line num="127" count="1" type="stmt"/>
        <line num="130" count="1" type="stmt"/>
        <line num="131" count="1" type="stmt"/>
        <line num="132" count="1" type="stmt"/>
        <line num="133" count="1" type="stmt"/>
        <line num="136" count="0" type="stmt"/>
        <line num="137" count="0" type="stmt"/>
        <line num="138" count="0" type="stmt"/>
        <line num="142" count="6" type="stmt"/>
        <line num="223" count="1" type="stmt"/>
        <line num="276" count="18" type="stmt"/>
      </file>
      <file name="SingleCollectionPage.js" path="/Users/quintin/Developer/crazy-bee-project/frontend/src/pages/SingleCollectionPage.js">
        <metrics statements="12" coveredstatements="12" conditionals="6" coveredconditionals="6" methods="4" coveredmethods="4"/>
        <line num="9" count="7" type="stmt"/>
        <line num="10" count="7" type="stmt"/>
        <line num="11" count="6" type="stmt"/>
        <line num="12" count="6" type="stmt"/>
        <line num="14" count="6" type="stmt"/>
        <line num="15" count="3" type="stmt"/>
        <line num="18" count="2" type="stmt"/>
        <line num="19" count="2" type="stmt"/>
        <line num="22" count="1" type="stmt"/>
        <line num="23" count="1" type="stmt"/>
        <line num="24" count="1" type="stmt"/>
        <line num="28" count="6" type="stmt"/>
      </file>
      <file name="SingleUserCollectionsPage.js" path="/Users/quintin/Developer/crazy-bee-project/frontend/src/pages/SingleUserCollectionsPage.js">
        <metrics statements="12" coveredstatements="12" conditionals="6" coveredconditionals="3" methods="4" coveredmethods="4"/>
        <line num="9" count="7" type="stmt"/>
        <line num="10" count="7" type="stmt"/>
        <line num="11" count="6" type="stmt"/>
        <line num="12" count="6" type="stmt"/>
        <line num="14" count="6" type="stmt"/>
        <line num="15" count="3" type="stmt"/>
        <line num="18" count="2" type="stmt"/>
        <line num="19" count="2" type="stmt"/>
        <line num="22" count="1" type="stmt"/>
        <line num="23" count="1" type="stmt"/>
        <line num="25" count="1" type="stmt"/>
        <line num="29" count="6" type="stmt"/>
      </file>
    </package>
  </project>
</coverage>
