{"/Users/quintin/Developer/crazy-bee-project/frontend/src/App.js": {"path":"/Users/quintin/Developer/crazy-bee-project/frontend/src/App.js","statementMap":{"0":{"start":{"line":16,"column":14},"end":{"line":16,"column":27}},"1":{"start":{"line":19,"column":17},"end":{"line":19,"column":32}},"2":{"start":{"line":20,"column":24},"end":{"line":20,"column":40}},"3":{"start":{"line":21,"column":28},"end":{"line":21,"column":46}},"4":{"start":{"line":23,"column":2},"end":{"line":41,"column":3}}},"fnMap":{"0":{"name":"App","decl":{"start":{"line":18,"column":9},"end":{"line":18,"column":12}},"loc":{"start":{"line":18,"column":15},"end":{"line":42,"column":1}},"line":18}},"branchMap":{},"s":{"0":2,"1":5,"2":4,"3":4,"4":4},"f":{"0":5},"b":{},"_coverageSchema":"1a1c01bbd47fc00a2c39e90264f33305004495a9","hash":"7c2b2177c16f9d14a4be3c895cc137b44634acf2"}
,"/Users/quintin/Developer/crazy-bee-project/frontend/src/index.js": {"path":"/Users/quintin/Developer/crazy-bee-project/frontend/src/index.js","statementMap":{"0":{"start":{"line":20,"column":15},"end":{"line":78,"column":2}},"1":{"start":{"line":80,"column":13},"end":{"line":80,"column":65}},"2":{"start":{"line":81,"column":19},"end":{"line":81,"column":81}},"3":{"start":{"line":86,"column":0},"end":{"line":86,"column":17}}},"fnMap":{},"branchMap":{},"s":{"0":1,"1":1,"2":1,"3":1},"f":{},"b":{},"_coverageSchema":"1a1c01bbd47fc00a2c39e90264f33305004495a9","hash":"c7db26d683baab15eb137dd9af92770ed0bce9b5"}
,"/Users/quintin/Developer/crazy-bee-project/frontend/src/components/Accordion.js": {"path":"/Users/quintin/Developer/crazy-bee-project/frontend/src/components/Accordion.js","statementMap":{"0":{"start":{"line":8,"column":18},"end":{"line":18,"column":3}},"1":{"start":{"line":9,"column":2},"end":{"line":9,"column":65}},"2":{"start":{"line":10,"column":19},"end":{"line":18,"column":1}},"3":{"start":{"line":20,"column":25},"end":{"line":36,"column":3}},"4":{"start":{"line":21,"column":2},"end":{"line":24,"column":4}},"5":{"start":{"line":25,"column":19},"end":{"line":36,"column":1}},"6":{"start":{"line":38,"column":25},"end":{"line":41,"column":3}},"7":{"start":{"line":38,"column":69},"end":{"line":41,"column":1}}},"fnMap":{"0":{"name":"(anonymous_0)","decl":{"start":{"line":8,"column":25},"end":{"line":8,"column":26}},"loc":{"start":{"line":9,"column":2},"end":{"line":9,"column":65}},"line":9},"1":{"name":"(anonymous_1)","decl":{"start":{"line":10,"column":3},"end":{"line":10,"column":4}},"loc":{"start":{"line":10,"column":19},"end":{"line":18,"column":1}},"line":10},"2":{"name":"(anonymous_2)","decl":{"start":{"line":20,"column":32},"end":{"line":20,"column":33}},"loc":{"start":{"line":21,"column":2},"end":{"line":24,"column":4}},"line":21},"3":{"name":"(anonymous_3)","decl":{"start":{"line":25,"column":3},"end":{"line":25,"column":4}},"loc":{"start":{"line":25,"column":19},"end":{"line":36,"column":1}},"line":25},"4":{"name":"(anonymous_4)","decl":{"start":{"line":38,"column":53},"end":{"line":38,"column":54}},"loc":{"start":{"line":38,"column":69},"end":{"line":41,"column":1}},"line":38}},"branchMap":{"0":{"loc":{"start":{"line":27,"column":4},"end":{"line":27,"column":85}},"type":"cond-expr","locations":[{"start":{"line":27,"column":36},"end":{"line":27,"column":62}},{"start":{"line":27,"column":65},"end":{"line":27,"column":85}}],"line":27}},"s":{"0":2,"1":9,"2":9,"3":2,"4":9,"5":9,"6":2,"7":9},"f":{"0":9,"1":9,"2":9,"3":9,"4":9},"b":{"0":[0,9]},"_coverageSchema":"1a1c01bbd47fc00a2c39e90264f33305004495a9","hash":"46508c29780f81a4e603bbeccbf998203887b9b5"}
,"/Users/quintin/Developer/crazy-bee-project/frontend/src/components/ActionConfirm.js": {"path":"/Users/quintin/Developer/crazy-bee-project/frontend/src/components/ActionConfirm.js","statementMap":{"0":{"start":{"line":10,"column":19},"end":{"line":12,"column":2}},"1":{"start":{"line":11,"column":2},"end":{"line":11,"column":54}},"2":{"start":{"line":26,"column":26},"end":{"line":26,"column":47}},"3":{"start":{"line":28,"column":26},"end":{"line":31,"column":3}},"4":{"start":{"line":29,"column":4},"end":{"line":29,"column":26}},"5":{"start":{"line":30,"column":4},"end":{"line":30,"column":17}},"6":{"start":{"line":33,"column":22},"end":{"line":36,"column":3}},"7":{"start":{"line":34,"column":4},"end":{"line":34,"column":26}},"8":{"start":{"line":35,"column":4},"end":{"line":35,"column":18}},"9":{"start":{"line":38,"column":24},"end":{"line":42,"column":3}},"10":{"start":{"line":39,"column":4},"end":{"line":39,"column":26}},"11":{"start":{"line":40,"column":4},"end":{"line":40,"column":38}},"12":{"start":{"line":40,"column":23},"end":{"line":40,"column":38}},"13":{"start":{"line":41,"column":4},"end":{"line":41,"column":18}},"14":{"start":{"line":44,"column":2},"end":{"line":81,"column":3}}},"fnMap":{"0":{"name":"Transition","decl":{"start":{"line":10,"column":45},"end":{"line":10,"column":55}},"loc":{"start":{"line":10,"column":68},"end":{"line":12,"column":1}},"line":10},"1":{"name":"ActionConfirm","decl":{"start":{"line":14,"column":9},"end":{"line":14,"column":22}},"loc":{"start":{"line":25,"column":3},"end":{"line":82,"column":1}},"line":25},"2":{"name":"(anonymous_2)","decl":{"start":{"line":28,"column":26},"end":{"line":28,"column":27}},"loc":{"start":{"line":28,"column":37},"end":{"line":31,"column":3}},"line":28},"3":{"name":"(anonymous_3)","decl":{"start":{"line":33,"column":22},"end":{"line":33,"column":23}},"loc":{"start":{"line":33,"column":33},"end":{"line":36,"column":3}},"line":33},"4":{"name":"(anonymous_4)","decl":{"start":{"line":38,"column":24},"end":{"line":38,"column":25}},"loc":{"start":{"line":38,"column":35},"end":{"line":42,"column":3}},"line":38}},"branchMap":{"0":{"loc":{"start":{"line":15,"column":2},"end":{"line":15,"column":23}},"type":"default-arg","locations":[{"start":{"line":15,"column":12},"end":{"line":15,"column":23}}],"line":15},"1":{"loc":{"start":{"line":16,"column":2},"end":{"line":16,"column":16}},"type":"default-arg","locations":[{"start":{"line":16,"column":9},"end":{"line":16,"column":16}}],"line":16},"2":{"loc":{"start":{"line":17,"column":2},"end":{"line":17,"column":17}},"type":"default-arg","locations":[{"start":{"line":17,"column":10},"end":{"line":17,"column":17}}],"line":17},"3":{"loc":{"start":{"line":40,"column":4},"end":{"line":40,"column":38}},"type":"if","locations":[{"start":{"line":40,"column":4},"end":{"line":40,"column":38}},{"start":{},"end":{}}],"line":40}},"s":{"0":8,"1":17,"2":15,"3":15,"4":2,"5":2,"6":15,"7":0,"8":0,"9":15,"10":2,"11":2,"12":2,"13":2,"14":15},"f":{"0":17,"1":15,"2":2,"3":0,"4":2},"b":{"0":[0],"1":[0],"2":[0],"3":[2,0]},"_coverageSchema":"1a1c01bbd47fc00a2c39e90264f33305004495a9","hash":"758bfb2fa3abef693289b8f943a88471a4a443ea"}
,"/Users/quintin/Developer/crazy-bee-project/frontend/src/components/AlertMessage.js": {"path":"/Users/quintin/Developer/crazy-bee-project/frontend/src/components/AlertMessage.js","statementMap":{"0":{"start":{"line":7,"column":14},"end":{"line":9,"column":2}},"1":{"start":{"line":8,"column":2},"end":{"line":8,"column":73}},"2":{"start":{"line":12,"column":26},"end":{"line":12,"column":47}},"3":{"start":{"line":13,"column":20},"end":{"line":13,"column":57}},"4":{"start":{"line":15,"column":2},"end":{"line":17,"column":13}},"5":{"start":{"line":16,"column":4},"end":{"line":16,"column":37}},"6":{"start":{"line":16,"column":24},"end":{"line":16,"column":37}},"7":{"start":{"line":19,"column":22},"end":{"line":25,"column":3}},"8":{"start":{"line":20,"column":4},"end":{"line":22,"column":5}},"9":{"start":{"line":21,"column":6},"end":{"line":21,"column":12}},"10":{"start":{"line":24,"column":4},"end":{"line":24,"column":18}},"11":{"start":{"line":27,"column":2},"end":{"line":40,"column":3}}},"fnMap":{"0":{"name":"Alert","decl":{"start":{"line":7,"column":40},"end":{"line":7,"column":45}},"loc":{"start":{"line":7,"column":58},"end":{"line":9,"column":1}},"line":7},"1":{"name":"AlertMessage","decl":{"start":{"line":11,"column":9},"end":{"line":11,"column":21}},"loc":{"start":{"line":11,"column":24},"end":{"line":41,"column":1}},"line":11},"2":{"name":"(anonymous_2)","decl":{"start":{"line":15,"column":18},"end":{"line":15,"column":19}},"loc":{"start":{"line":15,"column":24},"end":{"line":17,"column":3}},"line":15},"3":{"name":"(anonymous_3)","decl":{"start":{"line":19,"column":22},"end":{"line":19,"column":23}},"loc":{"start":{"line":19,"column":41},"end":{"line":25,"column":3}},"line":19}},"branchMap":{"0":{"loc":{"start":{"line":16,"column":4},"end":{"line":16,"column":37}},"type":"if","locations":[{"start":{"line":16,"column":4},"end":{"line":16,"column":37}},{"start":{},"end":{}}],"line":16},"1":{"loc":{"start":{"line":20,"column":4},"end":{"line":22,"column":5}},"type":"if","locations":[{"start":{"line":20,"column":4},"end":{"line":22,"column":5}},{"start":{},"end":{}}],"line":20},"2":{"loc":{"start":{"line":35,"column":47},"end":{"line":35,"column":75}},"type":"binary-expr","locations":[{"start":{"line":35,"column":47},"end":{"line":35,"column":62}},{"start":{"line":35,"column":66},"end":{"line":35,"column":75}}],"line":35}},"s":{"0":3,"1":2,"2":6,"3":6,"4":6,"5":3,"6":1,"7":6,"8":0,"9":0,"10":0,"11":6},"f":{"0":2,"1":6,"2":3,"3":0},"b":{"0":[1,2],"1":[0,0],"2":[6,6]},"_coverageSchema":"1a1c01bbd47fc00a2c39e90264f33305004495a9","hash":"6d142afe80c87f0074c7036eecc8fe51cc45454d"}
,"/Users/quintin/Developer/crazy-bee-project/frontend/src/components/ArtworkDisplay.js": {"path":"/Users/quintin/Developer/crazy-bee-project/frontend/src/components/ArtworkDisplay.js","statementMap":{"0":{"start":{"line":13,"column":23},"end":{"line":20,"column":1}},"1":{"start":{"line":14,"column":2},"end":{"line":19,"column":13}},"2":{"start":{"line":23,"column":36},"end":{"line":23,"column":48}},"3":{"start":{"line":25,"column":22},"end":{"line":27,"column":3}},"4":{"start":{"line":26,"column":4},"end":{"line":26,"column":64}},"5":{"start":{"line":29,"column":24},"end":{"line":44,"column":3}},"6":{"start":{"line":30,"column":16},"end":{"line":30,"column":27}},"7":{"start":{"line":31,"column":4},"end":{"line":31,"column":34}},"8":{"start":{"line":33,"column":4},"end":{"line":39,"column":5}},"9":{"start":{"line":34,"column":6},"end":{"line":38,"column":8}},"10":{"start":{"line":41,"column":4},"end":{"line":43,"column":5}},"11":{"start":{"line":42,"column":6},"end":{"line":42,"column":76}},"12":{"start":{"line":46,"column":2},"end":{"line":49,"column":28}},"13":{"start":{"line":47,"column":4},"end":{"line":47,"column":45}},"14":{"start":{"line":47,"column":30},"end":{"line":47,"column":45}},"15":{"start":{"line":51,"column":2},"end":{"line":72,"column":3}},"16":{"start":{"line":52,"column":4},"end":{"line":71,"column":5}},"17":{"start":{"line":74,"column":2},"end":{"line":115,"column":3}}},"fnMap":{"0":{"name":"(anonymous_0)","decl":{"start":{"line":13,"column":23},"end":{"line":13,"column":24}},"loc":{"start":{"line":14,"column":2},"end":{"line":19,"column":13}},"line":14},"1":{"name":"ArtworkDisplay","decl":{"start":{"line":22,"column":9},"end":{"line":22,"column":23}},"loc":{"start":{"line":22,"column":82},"end":{"line":116,"column":1}},"line":22},"2":{"name":"(anonymous_2)","decl":{"start":{"line":25,"column":22},"end":{"line":25,"column":23}},"loc":{"start":{"line":25,"column":28},"end":{"line":27,"column":3}},"line":25},"3":{"name":"(anonymous_3)","decl":{"start":{"line":29,"column":24},"end":{"line":29,"column":25}},"loc":{"start":{"line":29,"column":30},"end":{"line":44,"column":3}},"line":29},"4":{"name":"(anonymous_4)","decl":{"start":{"line":33,"column":17},"end":{"line":33,"column":18}},"loc":{"start":{"line":33,"column":23},"end":{"line":39,"column":5}},"line":33},"5":{"name":"(anonymous_5)","decl":{"start":{"line":41,"column":18},"end":{"line":41,"column":19}},"loc":{"start":{"line":41,"column":27},"end":{"line":43,"column":5}},"line":41},"6":{"name":"(anonymous_6)","decl":{"start":{"line":46,"column":12},"end":{"line":46,"column":13}},"loc":{"start":{"line":46,"column":18},"end":{"line":49,"column":3}},"line":46}},"branchMap":{"0":{"loc":{"start":{"line":47,"column":4},"end":{"line":47,"column":45}},"type":"if","locations":[{"start":{"line":47,"column":4},"end":{"line":47,"column":45}},{"start":{},"end":{}}],"line":47},"1":{"loc":{"start":{"line":51,"column":2},"end":{"line":72,"column":3}},"type":"if","locations":[{"start":{"line":51,"column":2},"end":{"line":72,"column":3}},{"start":{},"end":{}}],"line":51},"2":{"loc":{"start":{"line":75,"column":4},"end":{"line":114,"column":5}},"type":"binary-expr","locations":[{"start":{"line":75,"column":4},"end":{"line":75,"column":37}},{"start":{"line":76,"column":6},"end":{"line":113,"column":14}}],"line":75}},"s":{"0":2,"1":0,"2":2,"3":2,"4":0,"5":2,"6":0,"7":0,"8":0,"9":0,"10":0,"11":0,"12":2,"13":2,"14":0,"15":2,"16":0,"17":2},"f":{"0":0,"1":2,"2":0,"3":0,"4":0,"5":0,"6":2},"b":{"0":[0,2],"1":[0,2],"2":[2,0]},"_coverageSchema":"1a1c01bbd47fc00a2c39e90264f33305004495a9","hash":"f26c70829b73d1654c3f18da7b1d5d3df06943df"}
,"/Users/quintin/Developer/crazy-bee-project/frontend/src/components/AssetForm.js": {"path":"/Users/quintin/Developer/crazy-bee-project/frontend/src/components/AssetForm.js","statementMap":{"0":{"start":{"line":34,"column":2},"end":{"line":279,"column":3}},"1":{"start":{"line":126,"column":22},"end":{"line":143,"column":36}},"2":{"start":{"line":138,"column":28},"end":{"line":140,"column":39}},"3":{"start":{"line":189,"column":22},"end":{"line":194,"column":24}},"4":{"start":{"line":192,"column":49},"end":{"line":192,"column":84}},"5":{"start":{"line":208,"column":22},"end":{"line":225,"column":36}},"6":{"start":{"line":220,"column":28},"end":{"line":222,"column":39}}},"fnMap":{"0":{"name":"AssetForm","decl":{"start":{"line":21,"column":9},"end":{"line":21,"column":18}},"loc":{"start":{"line":33,"column":3},"end":{"line":280,"column":1}},"line":33},"1":{"name":"(anonymous_1)","decl":{"start":{"line":125,"column":28},"end":{"line":125,"column":29}},"loc":{"start":{"line":126,"column":22},"end":{"line":143,"column":36}},"line":126},"2":{"name":"(anonymous_2)","decl":{"start":{"line":137,"column":40},"end":{"line":137,"column":41}},"loc":{"start":{"line":138,"column":28},"end":{"line":140,"column":39}},"line":138},"3":{"name":"(anonymous_3)","decl":{"start":{"line":188,"column":28},"end":{"line":188,"column":29}},"loc":{"start":{"line":189,"column":22},"end":{"line":194,"column":24}},"line":189},"4":{"name":"(anonymous_4)","decl":{"start":{"line":192,"column":37},"end":{"line":192,"column":38}},"loc":{"start":{"line":192,"column":49},"end":{"line":192,"column":84}},"line":192},"5":{"name":"(anonymous_5)","decl":{"start":{"line":207,"column":28},"end":{"line":207,"column":29}},"loc":{"start":{"line":208,"column":22},"end":{"line":225,"column":36}},"line":208},"6":{"name":"(anonymous_6)","decl":{"start":{"line":219,"column":46},"end":{"line":219,"column":47}},"loc":{"start":{"line":220,"column":28},"end":{"line":222,"column":39}},"line":220}},"branchMap":{"0":{"loc":{"start":{"line":31,"column":2},"end":{"line":31,"column":24}},"type":"default-arg","locations":[{"start":{"line":31,"column":20},"end":{"line":31,"column":24}}],"line":31},"1":{"loc":{"start":{"line":79,"column":15},"end":{"line":96,"column":18}},"type":"binary-expr","locations":[{"start":{"line":79,"column":15},"end":{"line":79,"column":40}},{"start":{"line":80,"column":17},"end":{"line":96,"column":17}}],"line":79},"2":{"loc":{"start":{"line":80,"column":17},"end":{"line":96,"column":17}},"type":"cond-expr","locations":[{"start":{"line":81,"column":18},"end":{"line":87,"column":26}},{"start":{"line":89,"column":18},"end":{"line":95,"column":26}}],"line":80},"3":{"loc":{"start":{"line":98,"column":15},"end":{"line":103,"column":15}},"type":"binary-expr","locations":[{"start":{"line":98,"column":15},"end":{"line":98,"column":41}},{"start":{"line":99,"column":16},"end":{"line":102,"column":24}}],"line":98},"4":{"loc":{"start":{"line":114,"column":27},"end":{"line":114,"column":53}},"type":"cond-expr","locations":[{"start":{"line":114,"column":41},"end":{"line":114,"column":45}},{"start":{"line":114,"column":48},"end":{"line":114,"column":53}}],"line":114},"5":{"loc":{"start":{"line":135,"column":33},"end":{"line":135,"column":61}},"type":"cond-expr","locations":[{"start":{"line":135,"column":49},"end":{"line":135,"column":53}},{"start":{"line":135,"column":56},"end":{"line":135,"column":61}}],"line":135},"6":{"loc":{"start":{"line":160,"column":27},"end":{"line":160,"column":56}},"type":"cond-expr","locations":[{"start":{"line":160,"column":44},"end":{"line":160,"column":48}},{"start":{"line":160,"column":51},"end":{"line":160,"column":56}}],"line":160},"7":{"loc":{"start":{"line":175,"column":27},"end":{"line":175,"column":60}},"type":"cond-expr","locations":[{"start":{"line":175,"column":48},"end":{"line":175,"column":52}},{"start":{"line":175,"column":55},"end":{"line":175,"column":60}}],"line":175},"8":{"loc":{"start":{"line":193,"column":31},"end":{"line":193,"column":64}},"type":"cond-expr","locations":[{"start":{"line":193,"column":52},"end":{"line":193,"column":56}},{"start":{"line":193,"column":59},"end":{"line":193,"column":64}}],"line":193},"9":{"loc":{"start":{"line":217,"column":33},"end":{"line":217,"column":64}},"type":"cond-expr","locations":[{"start":{"line":217,"column":52},"end":{"line":217,"column":56}},{"start":{"line":217,"column":59},"end":{"line":217,"column":64}}],"line":217},"10":{"loc":{"start":{"line":241,"column":27},"end":{"line":241,"column":62}},"type":"cond-expr","locations":[{"start":{"line":241,"column":50},"end":{"line":241,"column":54}},{"start":{"line":241,"column":57},"end":{"line":241,"column":62}}],"line":241},"11":{"loc":{"start":{"line":254,"column":27},"end":{"line":254,"column":57}},"type":"cond-expr","locations":[{"start":{"line":254,"column":45},"end":{"line":254,"column":49}},{"start":{"line":254,"column":52},"end":{"line":254,"column":57}}],"line":254}},"s":{"0":18,"1":20,"2":60,"3":18,"4":20,"5":20,"6":80},"f":{"0":18,"1":20,"2":60,"3":18,"4":20,"5":20,"6":80},"b":{"0":[9],"1":[18,9],"2":[0,9],"3":[18,9],"4":[2,16],"5":[2,18],"6":[0,18],"7":[0,18],"8":[0,18],"9":[2,18],"10":[2,16],"11":[2,16]},"_coverageSchema":"1a1c01bbd47fc00a2c39e90264f33305004495a9","hash":"20aabf8d31e2ed9b3bc0b8671439cdabb0a5c192"}
,"/Users/quintin/Developer/crazy-bee-project/frontend/src/components/AssetsList.js": {"path":"/Users/quintin/Developer/crazy-bee-project/frontend/src/components/AssetsList.js","statementMap":{"0":{"start":{"line":37,"column":19},"end":{"line":37,"column":32}},"1":{"start":{"line":38,"column":30},"end":{"line":38,"column":42}},"2":{"start":{"line":39,"column":34},"end":{"line":39,"column":49}},"3":{"start":{"line":40,"column":30},"end":{"line":40,"column":41}},"4":{"start":{"line":41,"column":32},"end":{"line":41,"column":46}},"5":{"start":{"line":42,"column":23},"end":{"line":42,"column":54}},"6":{"start":{"line":44,"column":2},"end":{"line":47,"column":8}},"7":{"start":{"line":45,"column":4},"end":{"line":45,"column":14}},"8":{"start":{"line":49,"column":19},"end":{"line":70,"column":3}},"9":{"start":{"line":50,"column":14},"end":{"line":50,"column":68}},"10":{"start":{"line":51,"column":4},"end":{"line":51,"column":74}},"11":{"start":{"line":51,"column":25},"end":{"line":51,"column":74}},"12":{"start":{"line":52,"column":4},"end":{"line":52,"column":47}},"13":{"start":{"line":52,"column":16},"end":{"line":52,"column":47}},"14":{"start":{"line":54,"column":4},"end":{"line":69,"column":8}},"15":{"start":{"line":57,"column":71},"end":{"line":57,"column":85}},"16":{"start":{"line":59,"column":8},"end":{"line":59,"column":25}},"17":{"start":{"line":60,"column":8},"end":{"line":60,"column":31}},"18":{"start":{"line":61,"column":8},"end":{"line":62,"column":92}},"19":{"start":{"line":61,"column":19},"end":{"line":61,"column":34}},"20":{"start":{"line":62,"column":13},"end":{"line":62,"column":92}},"21":{"start":{"line":62,"column":62},"end":{"line":62,"column":90}},"22":{"start":{"line":63,"column":8},"end":{"line":63,"column":33}},"23":{"start":{"line":66,"column":8},"end":{"line":66,"column":25}},"24":{"start":{"line":67,"column":24},"end":{"line":67,"column":66}},"25":{"start":{"line":68,"column":8},"end":{"line":68,"column":30}},"26":{"start":{"line":72,"column":25},"end":{"line":74,"column":3}},"27":{"start":{"line":73,"column":4},"end":{"line":73,"column":41}},"28":{"start":{"line":76,"column":26},"end":{"line":79,"column":3}},"29":{"start":{"line":77,"column":4},"end":{"line":77,"column":26}},"30":{"start":{"line":78,"column":4},"end":{"line":78,"column":78}},"31":{"start":{"line":81,"column":23},"end":{"line":95,"column":3}},"32":{"start":{"line":82,"column":4},"end":{"line":94,"column":8}},"33":{"start":{"line":85,"column":24},"end":{"line":85,"column":66}},"34":{"start":{"line":86,"column":8},"end":{"line":86,"column":28}},"35":{"start":{"line":87,"column":8},"end":{"line":87,"column":25}},"36":{"start":{"line":88,"column":8},"end":{"line":88,"column":29}},"37":{"start":{"line":91,"column":24},"end":{"line":91,"column":63}},"38":{"start":{"line":92,"column":8},"end":{"line":92,"column":30}},"39":{"start":{"line":93,"column":8},"end":{"line":93,"column":48}},"40":{"start":{"line":97,"column":2},"end":{"line":196,"column":3}},"41":{"start":{"line":117,"column":12},"end":{"line":181,"column":19}},"42":{"start":{"line":165,"column":45},"end":{"line":165,"column":68}},"43":{"start":{"line":173,"column":40},"end":{"line":173,"column":65}}},"fnMap":{"0":{"name":"AssetsList","decl":{"start":{"line":27,"column":9},"end":{"line":27,"column":19}},"loc":{"start":{"line":36,"column":3},"end":{"line":197,"column":1}},"line":36},"1":{"name":"(anonymous_1)","decl":{"start":{"line":44,"column":12},"end":{"line":44,"column":13}},"loc":{"start":{"line":44,"column":18},"end":{"line":47,"column":3}},"line":44},"2":{"name":"(anonymous_2)","decl":{"start":{"line":49,"column":19},"end":{"line":49,"column":20}},"loc":{"start":{"line":49,"column":50},"end":{"line":70,"column":3}},"line":49},"3":{"name":"(anonymous_3)","decl":{"start":{"line":56,"column":12},"end":{"line":56,"column":13}},"loc":{"start":{"line":56,"column":26},"end":{"line":64,"column":7}},"line":56},"4":{"name":"(anonymous_4)","decl":{"start":{"line":62,"column":51},"end":{"line":62,"column":52}},"loc":{"start":{"line":62,"column":62},"end":{"line":62,"column":90}},"line":62},"5":{"name":"(anonymous_5)","decl":{"start":{"line":65,"column":13},"end":{"line":65,"column":14}},"loc":{"start":{"line":65,"column":24},"end":{"line":69,"column":7}},"line":65},"6":{"name":"(anonymous_6)","decl":{"start":{"line":72,"column":25},"end":{"line":72,"column":26}},"loc":{"start":{"line":72,"column":31},"end":{"line":74,"column":3}},"line":72},"7":{"name":"(anonymous_7)","decl":{"start":{"line":76,"column":26},"end":{"line":76,"column":27}},"loc":{"start":{"line":76,"column":44},"end":{"line":79,"column":3}},"line":76},"8":{"name":"(anonymous_8)","decl":{"start":{"line":81,"column":23},"end":{"line":81,"column":24}},"loc":{"start":{"line":81,"column":31},"end":{"line":95,"column":3}},"line":81},"9":{"name":"(anonymous_9)","decl":{"start":{"line":84,"column":12},"end":{"line":84,"column":13}},"loc":{"start":{"line":84,"column":26},"end":{"line":89,"column":7}},"line":84},"10":{"name":"(anonymous_10)","decl":{"start":{"line":90,"column":13},"end":{"line":90,"column":14}},"loc":{"start":{"line":90,"column":24},"end":{"line":94,"column":7}},"line":90},"11":{"name":"(anonymous_11)","decl":{"start":{"line":116,"column":21},"end":{"line":116,"column":22}},"loc":{"start":{"line":117,"column":12},"end":{"line":181,"column":19}},"line":117},"12":{"name":"(anonymous_12)","decl":{"start":{"line":165,"column":39},"end":{"line":165,"column":40}},"loc":{"start":{"line":165,"column":45},"end":{"line":165,"column":68}},"line":165},"13":{"name":"(anonymous_13)","decl":{"start":{"line":173,"column":33},"end":{"line":173,"column":34}},"loc":{"start":{"line":173,"column":40},"end":{"line":173,"column":65}},"line":173}},"branchMap":{"0":{"loc":{"start":{"line":33,"column":2},"end":{"line":33,"column":22}},"type":"default-arg","locations":[{"start":{"line":33,"column":17},"end":{"line":33,"column":22}}],"line":33},"1":{"loc":{"start":{"line":34,"column":2},"end":{"line":34,"column":19}},"type":"default-arg","locations":[{"start":{"line":34,"column":14},"end":{"line":34,"column":19}}],"line":34},"2":{"loc":{"start":{"line":49,"column":20},"end":{"line":49,"column":30}},"type":"default-arg","locations":[{"start":{"line":49,"column":29},"end":{"line":49,"column":30}}],"line":49},"3":{"loc":{"start":{"line":49,"column":32},"end":{"line":49,"column":45}},"type":"default-arg","locations":[{"start":{"line":49,"column":40},"end":{"line":49,"column":45}}],"line":49},"4":{"loc":{"start":{"line":51,"column":4},"end":{"line":51,"column":74}},"type":"if","locations":[{"start":{"line":51,"column":4},"end":{"line":51,"column":74}},{"start":{},"end":{}}],"line":51},"5":{"loc":{"start":{"line":52,"column":4},"end":{"line":52,"column":47}},"type":"if","locations":[{"start":{"line":52,"column":4},"end":{"line":52,"column":47}},{"start":{},"end":{}}],"line":52},"6":{"loc":{"start":{"line":61,"column":8},"end":{"line":62,"column":92}},"type":"if","locations":[{"start":{"line":61,"column":8},"end":{"line":62,"column":92}},{"start":{"line":62,"column":13},"end":{"line":62,"column":92}}],"line":61},"7":{"loc":{"start":{"line":98,"column":35},"end":{"line":98,"column":73}},"type":"cond-expr","locations":[{"start":{"line":98,"column":47},"end":{"line":98,"column":66}},{"start":{"line":98,"column":69},"end":{"line":98,"column":73}}],"line":98},"8":{"loc":{"start":{"line":100,"column":9},"end":{"line":100,"column":72}},"type":"binary-expr","locations":[{"start":{"line":100,"column":9},"end":{"line":100,"column":21}},{"start":{"line":100,"column":25},"end":{"line":100,"column":72}}],"line":100},"9":{"loc":{"start":{"line":101,"column":9},"end":{"line":110,"column":9}},"type":"binary-expr","locations":[{"start":{"line":101,"column":9},"end":{"line":101,"column":21}},{"start":{"line":102,"column":10},"end":{"line":109,"column":17}}],"line":101},"10":{"loc":{"start":{"line":113,"column":9},"end":{"line":183,"column":9}},"type":"cond-expr","locations":[{"start":{"line":114,"column":10},"end":{"line":114,"column":75}},{"start":{"line":116,"column":10},"end":{"line":182,"column":12}}],"line":113},"11":{"loc":{"start":{"line":132,"column":21},"end":{"line":136,"column":21}},"type":"binary-expr","locations":[{"start":{"line":132,"column":21},"end":{"line":132,"column":82}},{"start":{"line":133,"column":22},"end":{"line":135,"column":32}}],"line":132},"12":{"loc":{"start":{"line":153,"column":19},"end":{"line":178,"column":19}},"type":"binary-expr","locations":[{"start":{"line":153,"column":19},"end":{"line":153,"column":29}},{"start":{"line":154,"column":20},"end":{"line":177,"column":34}}],"line":153},"13":{"loc":{"start":{"line":185,"column":7},"end":{"line":194,"column":7}},"type":"binary-expr","locations":[{"start":{"line":185,"column":7},"end":{"line":185,"column":21}},{"start":{"line":185,"column":25},"end":{"line":185,"column":33}},{"start":{"line":186,"column":8},"end":{"line":193,"column":17}}],"line":185}},"s":{"0":12,"1":12,"2":12,"3":12,"4":12,"5":12,"6":12,"7":7,"8":12,"9":8,"10":8,"11":4,"12":8,"13":2,"14":8,"15":5,"16":5,"17":5,"18":5,"19":0,"20":5,"21":6,"22":5,"23":1,"24":1,"25":1,"26":12,"27":1,"28":12,"29":0,"30":0,"31":12,"32":0,"33":0,"34":0,"35":0,"36":0,"37":0,"38":0,"39":0,"40":12,"41":5,"42":0,"43":0},"f":{"0":12,"1":7,"2":8,"3":5,"4":6,"5":1,"6":1,"7":0,"8":0,"9":0,"10":0,"11":5,"12":0,"13":0},"b":{"0":[5],"1":[9],"2":[7],"3":[8],"4":[4,4],"5":[2,6],"6":[0,5],"7":[3,9],"8":[12,7],"9":[12,4],"10":[7,5],"11":[5,0],"12":[5,5],"13":[12,10,3]},"_coverageSchema":"1a1c01bbd47fc00a2c39e90264f33305004495a9","hash":"7cef266b6962873f3ac0eda9bc1ef0b57340375a"}
,"/Users/quintin/Developer/crazy-bee-project/frontend/src/components/BackButton.js": {"path":"/Users/quintin/Developer/crazy-bee-project/frontend/src/components/BackButton.js","statementMap":{"0":{"start":{"line":6,"column":19},"end":{"line":26,"column":1}},"1":{"start":{"line":7,"column":19},"end":{"line":7,"column":32}},"2":{"start":{"line":9,"column":22},"end":{"line":11,"column":3}},"3":{"start":{"line":10,"column":4},"end":{"line":10,"column":25}},"4":{"start":{"line":13,"column":2},"end":{"line":25,"column":3}}},"fnMap":{"0":{"name":"(anonymous_0)","decl":{"start":{"line":6,"column":19},"end":{"line":6,"column":20}},"loc":{"start":{"line":6,"column":25},"end":{"line":26,"column":1}},"line":6},"1":{"name":"(anonymous_1)","decl":{"start":{"line":9,"column":22},"end":{"line":9,"column":23}},"loc":{"start":{"line":9,"column":28},"end":{"line":11,"column":3}},"line":9}},"branchMap":{"0":{"loc":{"start":{"line":13,"column":9},"end":{"line":25,"column":3}},"type":"cond-expr","locations":[{"start":{"line":15,"column":42},"end":{"line":15,"column":46}},{"start":{"line":16,"column":4},"end":{"line":24,"column":17}}],"line":13},"1":{"loc":{"start":{"line":13,"column":9},"end":{"line":15,"column":39}},"type":"binary-expr","locations":[{"start":{"line":13,"column":9},"end":{"line":13,"column":34}},{"start":{"line":14,"column":4},"end":{"line":14,"column":36}},{"start":{"line":15,"column":4},"end":{"line":15,"column":39}}],"line":13}},"s":{"0":2,"1":4,"2":4,"3":0,"4":4},"f":{"0":4,"1":0},"b":{"0":[4,0],"1":[4,0,0]},"_coverageSchema":"1a1c01bbd47fc00a2c39e90264f33305004495a9","hash":"b9a2c76d2af7e9114e88935aecd24949620e5307"}
,"/Users/quintin/Developer/crazy-bee-project/frontend/src/components/CollectionForm.js": {"path":"/Users/quintin/Developer/crazy-bee-project/frontend/src/components/CollectionForm.js","statementMap":{"0":{"start":{"line":22,"column":20},"end":{"line":22,"column":22}},"1":{"start":{"line":23,"column":25},"end":{"line":23,"column":26}},"2":{"start":{"line":24,"column":18},"end":{"line":31,"column":1}},"3":{"start":{"line":47,"column":2},"end":{"line":275,"column":3}},"4":{"start":{"line":113,"column":22},"end":{"line":130,"column":36}},"5":{"start":{"line":125,"column":28},"end":{"line":127,"column":39}},"6":{"start":{"line":176,"column":22},"end":{"line":181,"column":24}},"7":{"start":{"line":179,"column":49},"end":{"line":179,"column":84}},"8":{"start":{"line":195,"column":22},"end":{"line":219,"column":36}},"9":{"start":{"line":205,"column":28},"end":{"line":209,"column":34}},"10":{"start":{"line":207,"column":32},"end":{"line":207,"column":66}},"11":{"start":{"line":214,"column":28},"end":{"line":216,"column":39}}},"fnMap":{"0":{"name":"CollectionForm","decl":{"start":{"line":33,"column":9},"end":{"line":33,"column":23}},"loc":{"start":{"line":46,"column":3},"end":{"line":276,"column":1}},"line":46},"1":{"name":"(anonymous_1)","decl":{"start":{"line":112,"column":28},"end":{"line":112,"column":29}},"loc":{"start":{"line":113,"column":22},"end":{"line":130,"column":36}},"line":113},"2":{"name":"(anonymous_2)","decl":{"start":{"line":124,"column":40},"end":{"line":124,"column":41}},"loc":{"start":{"line":125,"column":28},"end":{"line":127,"column":39}},"line":125},"3":{"name":"(anonymous_3)","decl":{"start":{"line":175,"column":28},"end":{"line":175,"column":29}},"loc":{"start":{"line":176,"column":22},"end":{"line":181,"column":24}},"line":176},"4":{"name":"(anonymous_4)","decl":{"start":{"line":179,"column":37},"end":{"line":179,"column":38}},"loc":{"start":{"line":179,"column":49},"end":{"line":179,"column":84}},"line":179},"5":{"name":"(anonymous_5)","decl":{"start":{"line":194,"column":28},"end":{"line":194,"column":29}},"loc":{"start":{"line":195,"column":22},"end":{"line":219,"column":36}},"line":195},"6":{"name":"(anonymous_6)","decl":{"start":{"line":204,"column":39},"end":{"line":204,"column":40}},"loc":{"start":{"line":205,"column":28},"end":{"line":209,"column":34}},"line":205},"7":{"name":"(anonymous_7)","decl":{"start":{"line":206,"column":44},"end":{"line":206,"column":45}},"loc":{"start":{"line":207,"column":32},"end":{"line":207,"column":66}},"line":207},"8":{"name":"(anonymous_8)","decl":{"start":{"line":213,"column":46},"end":{"line":213,"column":47}},"loc":{"start":{"line":214,"column":28},"end":{"line":216,"column":39}},"line":214}},"branchMap":{"0":{"loc":{"start":{"line":45,"column":2},"end":{"line":45,"column":24}},"type":"default-arg","locations":[{"start":{"line":45,"column":20},"end":{"line":45,"column":24}}],"line":45},"1":{"loc":{"start":{"line":101,"column":27},"end":{"line":101,"column":53}},"type":"cond-expr","locations":[{"start":{"line":101,"column":41},"end":{"line":101,"column":45}},{"start":{"line":101,"column":48},"end":{"line":101,"column":53}}],"line":101},"2":{"loc":{"start":{"line":122,"column":33},"end":{"line":122,"column":61}},"type":"cond-expr","locations":[{"start":{"line":122,"column":49},"end":{"line":122,"column":53}},{"start":{"line":122,"column":56},"end":{"line":122,"column":61}}],"line":122},"3":{"loc":{"start":{"line":147,"column":27},"end":{"line":147,"column":56}},"type":"cond-expr","locations":[{"start":{"line":147,"column":44},"end":{"line":147,"column":48}},{"start":{"line":147,"column":51},"end":{"line":147,"column":56}}],"line":147},"4":{"loc":{"start":{"line":162,"column":27},"end":{"line":162,"column":60}},"type":"cond-expr","locations":[{"start":{"line":162,"column":48},"end":{"line":162,"column":52}},{"start":{"line":162,"column":55},"end":{"line":162,"column":60}}],"line":162},"5":{"loc":{"start":{"line":180,"column":31},"end":{"line":180,"column":64}},"type":"cond-expr","locations":[{"start":{"line":180,"column":52},"end":{"line":180,"column":56}},{"start":{"line":180,"column":59},"end":{"line":180,"column":64}}],"line":180},"6":{"loc":{"start":{"line":211,"column":33},"end":{"line":211,"column":70}},"type":"cond-expr","locations":[{"start":{"line":211,"column":58},"end":{"line":211,"column":62}},{"start":{"line":211,"column":65},"end":{"line":211,"column":70}}],"line":211},"7":{"loc":{"start":{"line":235,"column":27},"end":{"line":235,"column":62}},"type":"cond-expr","locations":[{"start":{"line":235,"column":50},"end":{"line":235,"column":54}},{"start":{"line":235,"column":57},"end":{"line":235,"column":62}}],"line":235},"8":{"loc":{"start":{"line":248,"column":27},"end":{"line":248,"column":63}},"type":"cond-expr","locations":[{"start":{"line":248,"column":51},"end":{"line":248,"column":55}},{"start":{"line":248,"column":58},"end":{"line":248,"column":63}}],"line":248}},"s":{"0":3,"1":3,"2":3,"3":14,"4":16,"5":48,"6":14,"7":16,"8":14,"9":5,"10":15,"11":56},"f":{"0":14,"1":16,"2":48,"3":14,"4":16,"5":14,"6":5,"7":15,"8":56},"b":{"0":[6],"1":[2,12],"2":[2,14],"3":[0,14],"4":[0,14],"5":[0,14],"6":[0,14],"7":[2,12],"8":[2,12]},"_coverageSchema":"1a1c01bbd47fc00a2c39e90264f33305004495a9","hash":"0df739107cc4017365c34996b4635170e2b211f7"}
,"/Users/quintin/Developer/crazy-bee-project/frontend/src/components/CollectionSummary.js": {"path":"/Users/quintin/Developer/crazy-bee-project/frontend/src/components/CollectionSummary.js","statementMap":{"0":{"start":{"line":23,"column":19},"end":{"line":23,"column":32}},"1":{"start":{"line":24,"column":23},"end":{"line":24,"column":54}},"2":{"start":{"line":26,"column":23},"end":{"line":40,"column":3}},"3":{"start":{"line":27,"column":4},"end":{"line":39,"column":8}},"4":{"start":{"line":30,"column":24},"end":{"line":30,"column":75}},"5":{"start":{"line":31,"column":8},"end":{"line":31,"column":28}},"6":{"start":{"line":32,"column":8},"end":{"line":32,"column":29}},"7":{"start":{"line":33,"column":8},"end":{"line":33,"column":20}},"8":{"start":{"line":36,"column":24},"end":{"line":36,"column":71}},"9":{"start":{"line":37,"column":8},"end":{"line":37,"column":30}},"10":{"start":{"line":38,"column":8},"end":{"line":38,"column":48}},"11":{"start":{"line":42,"column":2},"end":{"line":153,"column":3}},"12":{"start":{"line":107,"column":43},"end":{"line":107,"column":74}},"13":{"start":{"line":126,"column":20},"end":{"line":134,"column":22}}},"fnMap":{"0":{"name":"CollectionSummary","decl":{"start":{"line":16,"column":9},"end":{"line":16,"column":26}},"loc":{"start":{"line":22,"column":3},"end":{"line":154,"column":1}},"line":22},"1":{"name":"(anonymous_1)","decl":{"start":{"line":26,"column":23},"end":{"line":26,"column":24}},"loc":{"start":{"line":26,"column":31},"end":{"line":40,"column":3}},"line":26},"2":{"name":"(anonymous_2)","decl":{"start":{"line":29,"column":12},"end":{"line":29,"column":13}},"loc":{"start":{"line":29,"column":26},"end":{"line":34,"column":7}},"line":29},"3":{"name":"(anonymous_3)","decl":{"start":{"line":35,"column":13},"end":{"line":35,"column":14}},"loc":{"start":{"line":35,"column":24},"end":{"line":39,"column":7}},"line":35},"4":{"name":"(anonymous_4)","decl":{"start":{"line":107,"column":37},"end":{"line":107,"column":38}},"loc":{"start":{"line":107,"column":43},"end":{"line":107,"column":74}},"line":107},"5":{"name":"(anonymous_5)","decl":{"start":{"line":125,"column":53},"end":{"line":125,"column":54}},"loc":{"start":{"line":126,"column":20},"end":{"line":134,"column":22}},"line":126}},"branchMap":{"0":{"loc":{"start":{"line":20,"column":2},"end":{"line":20,"column":26}},"type":"default-arg","locations":[{"start":{"line":20,"column":22},"end":{"line":20,"column":26}}],"line":20},"1":{"loc":{"start":{"line":21,"column":2},"end":{"line":21,"column":20}},"type":"default-arg","locations":[{"start":{"line":21,"column":15},"end":{"line":21,"column":20}}],"line":21},"2":{"loc":{"start":{"line":44,"column":7},"end":{"line":44,"column":38}},"type":"binary-expr","locations":[{"start":{"line":44,"column":7},"end":{"line":44,"column":14}},{"start":{"line":44,"column":18},"end":{"line":44,"column":38}}],"line":44},"3":{"loc":{"start":{"line":45,"column":7},"end":{"line":151,"column":7}},"type":"binary-expr","locations":[{"start":{"line":45,"column":7},"end":{"line":45,"column":20}},{"start":{"line":46,"column":8},"end":{"line":150,"column":11}}],"line":45},"4":{"loc":{"start":{"line":47,"column":11},"end":{"line":49,"column":11}},"type":"binary-expr","locations":[{"start":{"line":47,"column":11},"end":{"line":47,"column":28}},{"start":{"line":48,"column":12},"end":{"line":48,"column":95}}],"line":47},"5":{"loc":{"start":{"line":87,"column":17},"end":{"line":110,"column":17}},"type":"binary-expr","locations":[{"start":{"line":87,"column":17},"end":{"line":87,"column":27}},{"start":{"line":87,"column":31},"end":{"line":87,"column":65}},{"start":{"line":88,"column":18},"end":{"line":109,"column":24}}],"line":87}},"s":{"0":24,"1":24,"2":24,"3":1,"4":1,"5":1,"6":1,"7":1,"8":0,"9":0,"10":0,"11":24,"12":1,"13":42},"f":{"0":24,"1":1,"2":1,"3":0,"4":1,"5":42},"b":{"0":[6],"1":[0],"2":[24,10],"3":[24,14],"4":[14,3],"5":[14,3,3]},"_coverageSchema":"1a1c01bbd47fc00a2c39e90264f33305004495a9","hash":"9b26b783b7c9e74a8fe33aaac8f166e04c49a9d1"}
,"/Users/quintin/Developer/crazy-bee-project/frontend/src/components/Footer.js": {"path":"/Users/quintin/Developer/crazy-bee-project/frontend/src/components/Footer.js","statementMap":{"0":{"start":{"line":8,"column":2},"end":{"line":23,"column":3}}},"fnMap":{"0":{"name":"Footer","decl":{"start":{"line":7,"column":9},"end":{"line":7,"column":15}},"loc":{"start":{"line":7,"column":18},"end":{"line":24,"column":1}},"line":7}},"branchMap":{},"s":{"0":4},"f":{"0":4},"b":{},"_coverageSchema":"1a1c01bbd47fc00a2c39e90264f33305004495a9","hash":"9c38de8149d7c13d951926da4393d26937f41828"}
,"/Users/quintin/Developer/crazy-bee-project/frontend/src/components/GenerateBar.js": {"path":"/Users/quintin/Developer/crazy-bee-project/frontend/src/components/GenerateBar.js","statementMap":{"0":{"start":{"line":19,"column":38},"end":{"line":19,"column":50}},"1":{"start":{"line":20,"column":46},"end":{"line":20,"column":81}},"2":{"start":{"line":21,"column":44},"end":{"line":21,"column":59}},"3":{"start":{"line":22,"column":32},"end":{"line":22,"column":47}},"4":{"start":{"line":23,"column":36},"end":{"line":23,"column":76}},"5":{"start":{"line":24,"column":56},"end":{"line":24,"column":70}},"6":{"start":{"line":25,"column":22},"end":{"line":25,"column":52}},"7":{"start":{"line":26,"column":23},"end":{"line":26,"column":54}},"8":{"start":{"line":28,"column":24},"end":{"line":28,"column":72}},"9":{"start":{"line":28,"column":30},"end":{"line":28,"column":72}},"10":{"start":{"line":30,"column":28},"end":{"line":32,"column":3}},"11":{"start":{"line":31,"column":4},"end":{"line":31,"column":41}},"12":{"start":{"line":34,"column":23},"end":{"line":55,"column":3}},"13":{"start":{"line":35,"column":4},"end":{"line":35,"column":26}},"14":{"start":{"line":36,"column":4},"end":{"line":36,"column":20}},"15":{"start":{"line":38,"column":4},"end":{"line":54,"column":8}},"16":{"start":{"line":41,"column":24},"end":{"line":41,"column":66}},"17":{"start":{"line":42,"column":8},"end":{"line":42,"column":44}},"18":{"start":{"line":43,"column":8},"end":{"line":43,"column":36}},"19":{"start":{"line":44,"column":8},"end":{"line":44,"column":30}},"20":{"start":{"line":45,"column":8},"end":{"line":45,"column":29}},"21":{"start":{"line":46,"column":8},"end":{"line":46,"column":25}},"22":{"start":{"line":49,"column":23},"end":{"line":49,"column":67}},"23":{"start":{"line":50,"column":24},"end":{"line":50,"column":61}},"24":{"start":{"line":51,"column":8},"end":{"line":51,"column":30}},"25":{"start":{"line":52,"column":8},"end":{"line":52,"column":48}},"26":{"start":{"line":53,"column":8},"end":{"line":53,"column":25}},"27":{"start":{"line":57,"column":2},"end":{"line":73,"column":24}},"28":{"start":{"line":58,"column":4},"end":{"line":72,"column":5}},"29":{"start":{"line":59,"column":6},"end":{"line":71,"column":10}},"30":{"start":{"line":62,"column":27},"end":{"line":62,"column":41}},"31":{"start":{"line":64,"column":10},"end":{"line":66,"column":11}},"32":{"start":{"line":65,"column":12},"end":{"line":65,"column":43}},"33":{"start":{"line":69,"column":26},"end":{"line":69,"column":115}},"34":{"start":{"line":70,"column":10},"end":{"line":70,"column":32}},"35":{"start":{"line":75,"column":2},"end":{"line":133,"column":3}},"36":{"start":{"line":98,"column":14},"end":{"line":100,"column":25}},"37":{"start":{"line":111,"column":31},"end":{"line":111,"column":64}}},"fnMap":{"0":{"name":"GenerateBar","decl":{"start":{"line":18,"column":9},"end":{"line":18,"column":20}},"loc":{"start":{"line":18,"column":23},"end":{"line":134,"column":1}},"line":18},"1":{"name":"(anonymous_1)","decl":{"start":{"line":28,"column":24},"end":{"line":28,"column":25}},"loc":{"start":{"line":28,"column":30},"end":{"line":28,"column":72}},"line":28},"2":{"name":"(anonymous_2)","decl":{"start":{"line":30,"column":28},"end":{"line":30,"column":29}},"loc":{"start":{"line":30,"column":39},"end":{"line":32,"column":3}},"line":30},"3":{"name":"(anonymous_3)","decl":{"start":{"line":34,"column":23},"end":{"line":34,"column":24}},"loc":{"start":{"line":34,"column":40},"end":{"line":55,"column":3}},"line":34},"4":{"name":"(anonymous_4)","decl":{"start":{"line":40,"column":12},"end":{"line":40,"column":13}},"loc":{"start":{"line":40,"column":26},"end":{"line":47,"column":7}},"line":40},"5":{"name":"(anonymous_5)","decl":{"start":{"line":48,"column":13},"end":{"line":48,"column":14}},"loc":{"start":{"line":48,"column":24},"end":{"line":54,"column":7}},"line":48},"6":{"name":"(anonymous_6)","decl":{"start":{"line":57,"column":12},"end":{"line":57,"column":13}},"loc":{"start":{"line":57,"column":18},"end":{"line":73,"column":3}},"line":57},"7":{"name":"(anonymous_7)","decl":{"start":{"line":61,"column":14},"end":{"line":61,"column":15}},"loc":{"start":{"line":61,"column":28},"end":{"line":67,"column":9}},"line":61},"8":{"name":"(anonymous_8)","decl":{"start":{"line":68,"column":15},"end":{"line":68,"column":16}},"loc":{"start":{"line":68,"column":26},"end":{"line":71,"column":9}},"line":68},"9":{"name":"(anonymous_9)","decl":{"start":{"line":97,"column":33},"end":{"line":97,"column":34}},"loc":{"start":{"line":98,"column":14},"end":{"line":100,"column":25}},"line":98},"10":{"name":"(anonymous_10)","decl":{"start":{"line":111,"column":20},"end":{"line":111,"column":21}},"loc":{"start":{"line":111,"column":31},"end":{"line":111,"column":64}},"line":111}},"branchMap":{"0":{"loc":{"start":{"line":28,"column":32},"end":{"line":28,"column":71}},"type":"binary-expr","locations":[{"start":{"line":28,"column":32},"end":{"line":28,"column":48}},{"start":{"line":28,"column":52},"end":{"line":28,"column":71}}],"line":28},"1":{"loc":{"start":{"line":49,"column":23},"end":{"line":49,"column":67}},"type":"binary-expr","locations":[{"start":{"line":49,"column":23},"end":{"line":49,"column":50}},{"start":{"line":49,"column":54},"end":{"line":49,"column":67}}],"line":49},"2":{"loc":{"start":{"line":58,"column":4},"end":{"line":72,"column":5}},"type":"if","locations":[{"start":{"line":58,"column":4},"end":{"line":72,"column":5}},{"start":{},"end":{}}],"line":58},"3":{"loc":{"start":{"line":64,"column":10},"end":{"line":66,"column":11}},"type":"if","locations":[{"start":{"line":64,"column":10},"end":{"line":66,"column":11}},{"start":{},"end":{}}],"line":64},"4":{"loc":{"start":{"line":95,"column":22},"end":{"line":95,"column":54}},"type":"binary-expr","locations":[{"start":{"line":95,"column":22},"end":{"line":95,"column":37}},{"start":{"line":95,"column":41},"end":{"line":95,"column":54}}],"line":95},"5":{"loc":{"start":{"line":112,"column":20},"end":{"line":112,"column":52}},"type":"binary-expr","locations":[{"start":{"line":112,"column":20},"end":{"line":112,"column":35}},{"start":{"line":112,"column":39},"end":{"line":112,"column":52}}],"line":112},"6":{"loc":{"start":{"line":114,"column":66},"end":{"line":114,"column":98}},"type":"binary-expr","locations":[{"start":{"line":114,"column":66},"end":{"line":114,"column":81}},{"start":{"line":114,"column":85},"end":{"line":114,"column":98}}],"line":114},"7":{"loc":{"start":{"line":118,"column":7},"end":{"line":118,"column":49}},"type":"binary-expr","locations":[{"start":{"line":118,"column":7},"end":{"line":118,"column":14}},{"start":{"line":118,"column":18},"end":{"line":118,"column":49}}],"line":118},"8":{"loc":{"start":{"line":119,"column":7},"end":{"line":124,"column":7}},"type":"binary-expr","locations":[{"start":{"line":119,"column":7},"end":{"line":119,"column":22}},{"start":{"line":120,"column":8},"end":{"line":123,"column":16}}],"line":119}},"s":{"0":2,"1":2,"2":2,"3":2,"4":2,"5":2,"6":2,"7":2,"8":2,"9":8,"10":2,"11":0,"12":2,"13":0,"14":0,"15":0,"16":0,"17":0,"18":0,"19":0,"20":0,"21":0,"22":0,"23":0,"24":0,"25":0,"26":0,"27":2,"28":2,"29":0,"30":0,"31":0,"32":0,"33":0,"34":0,"35":2,"36":12,"37":0},"f":{"0":2,"1":8,"2":0,"3":0,"4":0,"5":0,"6":2,"7":0,"8":0,"9":12,"10":0},"b":{"0":[8,0],"1":[0,0],"2":[0,2],"3":[0,0],"4":[2,0],"5":[2,0],"6":[2,0],"7":[2,0],"8":[2,2]},"_coverageSchema":"1a1c01bbd47fc00a2c39e90264f33305004495a9","hash":"0710c3e2ae8434165742568fccaac95c66719e08"}
,"/Users/quintin/Developer/crazy-bee-project/frontend/src/components/LoadingSkeletons.js": {"path":"/Users/quintin/Developer/crazy-bee-project/frontend/src/components/LoadingSkeletons.js","statementMap":{"0":{"start":{"line":7,"column":2},"end":{"line":19,"column":3}},"1":{"start":{"line":11,"column":10},"end":{"line":15,"column":17}}},"fnMap":{"0":{"name":"LoadingSkeletons","decl":{"start":{"line":6,"column":9},"end":{"line":6,"column":25}},"loc":{"start":{"line":6,"column":48},"end":{"line":20,"column":1}},"line":6},"1":{"name":"(anonymous_1)","decl":{"start":{"line":10,"column":51},"end":{"line":10,"column":52}},"loc":{"start":{"line":11,"column":10},"end":{"line":15,"column":17}},"line":11}},"branchMap":{},"s":{"0":15,"1":112},"f":{"0":15,"1":112},"b":{},"_coverageSchema":"1a1c01bbd47fc00a2c39e90264f33305004495a9","hash":"dffad5671789670a9306d4caed962127808761cb"}
,"/Users/quintin/Developer/crazy-bee-project/frontend/src/components/LoginPopup.js": {"path":"/Users/quintin/Developer/crazy-bee-project/frontend/src/components/LoginPopup.js","statementMap":{"0":{"start":{"line":23,"column":26},"end":{"line":23,"column":41}},"1":{"start":{"line":24,"column":23},"end":{"line":24,"column":54}},"2":{"start":{"line":26,"column":26},"end":{"line":28,"column":3}},"3":{"start":{"line":27,"column":4},"end":{"line":27,"column":17}},"4":{"start":{"line":30,"column":22},"end":{"line":32,"column":3}},"5":{"start":{"line":31,"column":4},"end":{"line":31,"column":18}},"6":{"start":{"line":34,"column":19},"end":{"line":54,"column":3}},"7":{"start":{"line":35,"column":4},"end":{"line":53,"column":8}},"8":{"start":{"line":38,"column":24},"end":{"line":38,"column":73}},"9":{"start":{"line":39,"column":8},"end":{"line":39,"column":78}},"10":{"start":{"line":40,"column":8},"end":{"line":40,"column":22}},"11":{"start":{"line":41,"column":8},"end":{"line":41,"column":29}},"12":{"start":{"line":43,"column":8},"end":{"line":46,"column":15}},"13":{"start":{"line":44,"column":10},"end":{"line":44,"column":58}},"14":{"start":{"line":45,"column":10},"end":{"line":45,"column":39}},"15":{"start":{"line":49,"column":23},"end":{"line":49,"column":67}},"16":{"start":{"line":50,"column":24},"end":{"line":50,"column":52}},"17":{"start":{"line":51,"column":8},"end":{"line":51,"column":30}},"18":{"start":{"line":52,"column":8},"end":{"line":52,"column":48}},"19":{"start":{"line":60,"column":6},"end":{"line":63,"column":4}},"20":{"start":{"line":65,"column":2},"end":{"line":146,"column":3}}},"fnMap":{"0":{"name":"LoginPopup","decl":{"start":{"line":22,"column":9},"end":{"line":22,"column":19}},"loc":{"start":{"line":22,"column":22},"end":{"line":147,"column":1}},"line":22},"1":{"name":"(anonymous_1)","decl":{"start":{"line":26,"column":26},"end":{"line":26,"column":27}},"loc":{"start":{"line":26,"column":32},"end":{"line":28,"column":3}},"line":26},"2":{"name":"(anonymous_2)","decl":{"start":{"line":30,"column":22},"end":{"line":30,"column":23}},"loc":{"start":{"line":30,"column":28},"end":{"line":32,"column":3}},"line":30},"3":{"name":"(anonymous_3)","decl":{"start":{"line":34,"column":19},"end":{"line":34,"column":20}},"loc":{"start":{"line":34,"column":29},"end":{"line":54,"column":3}},"line":34},"4":{"name":"(anonymous_4)","decl":{"start":{"line":37,"column":12},"end":{"line":37,"column":13}},"loc":{"start":{"line":37,"column":26},"end":{"line":47,"column":7}},"line":37},"5":{"name":"(anonymous_5)","decl":{"start":{"line":43,"column":19},"end":{"line":43,"column":20}},"loc":{"start":{"line":43,"column":25},"end":{"line":46,"column":9}},"line":43},"6":{"name":"(anonymous_6)","decl":{"start":{"line":48,"column":13},"end":{"line":48,"column":14}},"loc":{"start":{"line":48,"column":24},"end":{"line":53,"column":7}},"line":48}},"branchMap":{"0":{"loc":{"start":{"line":49,"column":23},"end":{"line":49,"column":67}},"type":"binary-expr","locations":[{"start":{"line":49,"column":23},"end":{"line":49,"column":50}},{"start":{"line":49,"column":54},"end":{"line":49,"column":67}}],"line":49},"1":{"loc":{"start":{"line":96,"column":21},"end":{"line":96,"column":48}},"type":"cond-expr","locations":[{"start":{"line":96,"column":36},"end":{"line":96,"column":40}},{"start":{"line":96,"column":43},"end":{"line":96,"column":48}}],"line":96},"2":{"loc":{"start":{"line":110,"column":21},"end":{"line":110,"column":51}},"type":"cond-expr","locations":[{"start":{"line":110,"column":39},"end":{"line":110,"column":43}},{"start":{"line":110,"column":46},"end":{"line":110,"column":51}}],"line":110}},"s":{"0":10,"1":10,"2":10,"3":2,"4":10,"5":0,"6":10,"7":2,"8":1,"9":1,"10":1,"11":1,"12":1,"13":0,"14":0,"15":1,"16":1,"17":1,"18":1,"19":10,"20":10},"f":{"0":10,"1":2,"2":0,"3":2,"4":1,"5":0,"6":1},"b":{"0":[1,1],"1":[0,10],"2":[0,10]},"_coverageSchema":"1a1c01bbd47fc00a2c39e90264f33305004495a9","hash":"658e4bdc8f93da00315a39681d7752924717eb84"}
,"/Users/quintin/Developer/crazy-bee-project/frontend/src/components/Logout.js": {"path":"/Users/quintin/Developer/crazy-bee-project/frontend/src/components/Logout.js","statementMap":{"0":{"start":{"line":8,"column":23},"end":{"line":8,"column":54}},"1":{"start":{"line":10,"column":21},"end":{"line":15,"column":3}},"2":{"start":{"line":11,"column":4},"end":{"line":11,"column":67}},"3":{"start":{"line":12,"column":4},"end":{"line":12,"column":34}},"4":{"start":{"line":14,"column":4},"end":{"line":14,"column":56}},"5":{"start":{"line":14,"column":21},"end":{"line":14,"column":50}},"6":{"start":{"line":17,"column":2},"end":{"line":23,"column":3}}},"fnMap":{"0":{"name":"Logout","decl":{"start":{"line":7,"column":9},"end":{"line":7,"column":15}},"loc":{"start":{"line":7,"column":18},"end":{"line":24,"column":1}},"line":7},"1":{"name":"(anonymous_1)","decl":{"start":{"line":10,"column":21},"end":{"line":10,"column":22}},"loc":{"start":{"line":10,"column":27},"end":{"line":15,"column":3}},"line":10},"2":{"name":"(anonymous_2)","decl":{"start":{"line":14,"column":15},"end":{"line":14,"column":16}},"loc":{"start":{"line":14,"column":21},"end":{"line":14,"column":50}},"line":14}},"branchMap":{},"s":{"0":1,"1":1,"2":1,"3":1,"4":1,"5":0,"6":1},"f":{"0":1,"1":1,"2":0},"b":{},"_coverageSchema":"1a1c01bbd47fc00a2c39e90264f33305004495a9","hash":"2cbd0715570947544cb4f745273663b9ae31c4ab"}
,"/Users/quintin/Developer/crazy-bee-project/frontend/src/components/MessagesBadge.js": {"path":"/Users/quintin/Developer/crazy-bee-project/frontend/src/components/MessagesBadge.js","statementMap":{"0":{"start":{"line":16,"column":26},"end":{"line":27,"column":1}},"1":{"start":{"line":17,"column":2},"end":{"line":26,"column":3}},"2":{"start":{"line":18,"column":34},"end":{"line":20,"column":10}},"3":{"start":{"line":22,"column":4},"end":{"line":22,"column":39}},"4":{"start":{"line":24,"column":4},"end":{"line":24,"column":93}},"5":{"start":{"line":25,"column":4},"end":{"line":25,"column":12}},"6":{"start":{"line":30,"column":17},"end":{"line":30,"column":42}},"7":{"start":{"line":31,"column":34},"end":{"line":31,"column":63}},"8":{"start":{"line":33,"column":34},"end":{"line":33,"column":48}},"9":{"start":{"line":34,"column":15},"end":{"line":34,"column":32}},"10":{"start":{"line":36,"column":22},"end":{"line":38,"column":3}},"11":{"start":{"line":37,"column":4},"end":{"line":37,"column":36}},"12":{"start":{"line":40,"column":22},"end":{"line":42,"column":3}},"13":{"start":{"line":41,"column":4},"end":{"line":41,"column":21}},"14":{"start":{"line":44,"column":35},"end":{"line":54,"column":3}},"15":{"start":{"line":45,"column":4},"end":{"line":53,"column":5}},"16":{"start":{"line":46,"column":36},"end":{"line":48,"column":12}},"17":{"start":{"line":50,"column":6},"end":{"line":50,"column":34}},"18":{"start":{"line":52,"column":6},"end":{"line":52,"column":15}},"19":{"start":{"line":56,"column":26},"end":{"line":65,"column":3}},"20":{"start":{"line":57,"column":4},"end":{"line":64,"column":5}},"21":{"start":{"line":58,"column":36},"end":{"line":58,"column":62}},"22":{"start":{"line":60,"column":6},"end":{"line":60,"column":37}},"23":{"start":{"line":61,"column":6},"end":{"line":61,"column":82}},"24":{"start":{"line":63,"column":6},"end":{"line":63,"column":94}},"25":{"start":{"line":67,"column":28},"end":{"line":77,"column":3}},"26":{"start":{"line":68,"column":4},"end":{"line":76,"column":5}},"27":{"start":{"line":69,"column":36},"end":{"line":69,"column":62}},"28":{"start":{"line":71,"column":31},"end":{"line":71,"column":83}},"29":{"start":{"line":71,"column":67},"end":{"line":71,"column":82}},"30":{"start":{"line":72,"column":6},"end":{"line":72,"column":77}},"31":{"start":{"line":73,"column":6},"end":{"line":73,"column":38}},"32":{"start":{"line":75,"column":6},"end":{"line":75,"column":95}},"33":{"start":{"line":79,"column":37},"end":{"line":108,"column":3}},"34":{"start":{"line":80,"column":34},"end":{"line":80,"column":60}},"35":{"start":{"line":82,"column":4},"end":{"line":107,"column":6}},"36":{"start":{"line":84,"column":8},"end":{"line":93,"column":9}},"37":{"start":{"line":95,"column":6},"end":{"line":106,"column":7}},"38":{"start":{"line":96,"column":46},"end":{"line":96,"column":68}},"39":{"start":{"line":110,"column":2},"end":{"line":126,"column":14}},"40":{"start":{"line":111,"column":4},"end":{"line":117,"column":5}},"41":{"start":{"line":112,"column":6},"end":{"line":116,"column":8}},"42":{"start":{"line":113,"column":8},"end":{"line":113,"column":73}},"43":{"start":{"line":114,"column":8},"end":{"line":114,"column":28}},"44":{"start":{"line":115,"column":8},"end":{"line":115,"column":40}},"45":{"start":{"line":119,"column":4},"end":{"line":124,"column":5}},"46":{"start":{"line":120,"column":6},"end":{"line":123,"column":9}},"47":{"start":{"line":121,"column":8},"end":{"line":123,"column":9}},"48":{"start":{"line":122,"column":10},"end":{"line":122,"column":79}},"49":{"start":{"line":128,"column":2},"end":{"line":199,"column":3}}},"fnMap":{"0":{"name":"(anonymous_0)","decl":{"start":{"line":16,"column":26},"end":{"line":16,"column":27}},"loc":{"start":{"line":16,"column":32},"end":{"line":27,"column":1}},"line":16},"1":{"name":"MessagesBadge","decl":{"start":{"line":29,"column":9},"end":{"line":29,"column":22}},"loc":{"start":{"line":29,"column":25},"end":{"line":200,"column":1}},"line":29},"2":{"name":"(anonymous_2)","decl":{"start":{"line":36,"column":22},"end":{"line":36,"column":23}},"loc":{"start":{"line":36,"column":33},"end":{"line":38,"column":3}},"line":36},"3":{"name":"(anonymous_3)","decl":{"start":{"line":40,"column":22},"end":{"line":40,"column":23}},"loc":{"start":{"line":40,"column":28},"end":{"line":42,"column":3}},"line":40},"4":{"name":"(anonymous_4)","decl":{"start":{"line":44,"column":35},"end":{"line":44,"column":36}},"loc":{"start":{"line":44,"column":41},"end":{"line":54,"column":3}},"line":44},"5":{"name":"(anonymous_5)","decl":{"start":{"line":56,"column":26},"end":{"line":56,"column":27}},"loc":{"start":{"line":56,"column":35},"end":{"line":65,"column":3}},"line":56},"6":{"name":"(anonymous_6)","decl":{"start":{"line":67,"column":28},"end":{"line":67,"column":29}},"loc":{"start":{"line":67,"column":37},"end":{"line":77,"column":3}},"line":67},"7":{"name":"(anonymous_7)","decl":{"start":{"line":71,"column":60},"end":{"line":71,"column":61}},"loc":{"start":{"line":71,"column":67},"end":{"line":71,"column":82}},"line":71},"8":{"name":"(anonymous_8)","decl":{"start":{"line":79,"column":37},"end":{"line":79,"column":38}},"loc":{"start":{"line":79,"column":43},"end":{"line":108,"column":3}},"line":79},"9":{"name":"(anonymous_9)","decl":{"start":{"line":82,"column":37},"end":{"line":82,"column":38}},"loc":{"start":{"line":82,"column":46},"end":{"line":107,"column":5}},"line":82},"10":{"name":"(anonymous_10)","decl":{"start":{"line":96,"column":40},"end":{"line":96,"column":41}},"loc":{"start":{"line":96,"column":46},"end":{"line":96,"column":68}},"line":96},"11":{"name":"(anonymous_11)","decl":{"start":{"line":110,"column":12},"end":{"line":110,"column":13}},"loc":{"start":{"line":110,"column":18},"end":{"line":126,"column":3}},"line":110},"12":{"name":"(anonymous_12)","decl":{"start":{"line":112,"column":76},"end":{"line":112,"column":77}},"loc":{"start":{"line":112,"column":85},"end":{"line":116,"column":7}},"line":112},"13":{"name":"(anonymous_13)","decl":{"start":{"line":119,"column":11},"end":{"line":119,"column":12}},"loc":{"start":{"line":119,"column":17},"end":{"line":124,"column":5}},"line":119},"14":{"name":"(anonymous_14)","decl":{"start":{"line":121,"column":47},"end":{"line":121,"column":48}},"loc":{"start":{"line":122,"column":10},"end":{"line":122,"column":79}},"line":122}},"branchMap":{"0":{"loc":{"start":{"line":18,"column":34},"end":{"line":20,"column":10}},"type":"cond-expr","locations":[{"start":{"line":19,"column":8},"end":{"line":19,"column":57}},{"start":{"line":20,"column":8},"end":{"line":20,"column":10}}],"line":18},"1":{"loc":{"start":{"line":46,"column":36},"end":{"line":48,"column":12}},"type":"cond-expr","locations":[{"start":{"line":47,"column":10},"end":{"line":47,"column":59}},{"start":{"line":48,"column":10},"end":{"line":48,"column":12}}],"line":46},"2":{"loc":{"start":{"line":84,"column":8},"end":{"line":93,"column":9}},"type":"cond-expr","locations":[{"start":{"line":85,"column":10},"end":{"line":88,"column":17}},{"start":{"line":90,"column":10},"end":{"line":92,"column":17}}],"line":84},"3":{"loc":{"start":{"line":98,"column":13},"end":{"line":102,"column":13}},"type":"cond-expr","locations":[{"start":{"line":99,"column":14},"end":{"line":99,"column":44}},{"start":{"line":101,"column":14},"end":{"line":101,"column":50}}],"line":98},"4":{"loc":{"start":{"line":111,"column":4},"end":{"line":117,"column":5}},"type":"if","locations":[{"start":{"line":111,"column":4},"end":{"line":117,"column":5}},{"start":{},"end":{}}],"line":111},"5":{"loc":{"start":{"line":120,"column":6},"end":{"line":123,"column":9}},"type":"if","locations":[{"start":{"line":120,"column":6},"end":{"line":123,"column":9}},{"start":{},"end":{}}],"line":120},"6":{"loc":{"start":{"line":133,"column":12},"end":{"line":139,"column":13}},"type":"cond-expr","locations":[{"start":{"line":134,"column":14},"end":{"line":136,"column":17}},{"start":{"line":138,"column":14},"end":{"line":138,"column":32}}],"line":133},"7":{"loc":{"start":{"line":135,"column":57},"end":{"line":135,"column":82}},"type":"cond-expr","locations":[{"start":{"line":135,"column":74},"end":{"line":135,"column":77}},{"start":{"line":135,"column":80},"end":{"line":135,"column":82}}],"line":135},"8":{"loc":{"start":{"line":145,"column":27},"end":{"line":145,"column":66}},"type":"cond-expr","locations":[{"start":{"line":145,"column":34},"end":{"line":145,"column":54}},{"start":{"line":145,"column":57},"end":{"line":145,"column":66}}],"line":145},"9":{"loc":{"start":{"line":147,"column":27},"end":{"line":147,"column":52}},"type":"cond-expr","locations":[{"start":{"line":147,"column":34},"end":{"line":147,"column":40}},{"start":{"line":147,"column":43},"end":{"line":147,"column":52}}],"line":147},"10":{"loc":{"start":{"line":149,"column":13},"end":{"line":155,"column":13}},"type":"cond-expr","locations":[{"start":{"line":150,"column":14},"end":{"line":152,"column":22}},{"start":{"line":154,"column":14},"end":{"line":154,"column":39}}],"line":149},"11":{"loc":{"start":{"line":159,"column":7},"end":{"line":197,"column":7}},"type":"binary-expr","locations":[{"start":{"line":159,"column":7},"end":{"line":159,"column":19}},{"start":{"line":160,"column":8},"end":{"line":196,"column":15}}],"line":159}},"s":{"0":2,"1":4,"2":4,"3":4,"4":0,"5":0,"6":4,"7":4,"8":4,"9":4,"10":4,"11":0,"12":4,"13":0,"14":4,"15":0,"16":0,"17":0,"18":0,"19":4,"20":0,"21":0,"22":0,"23":0,"24":0,"25":4,"26":0,"27":0,"28":0,"29":0,"30":0,"31":0,"32":0,"33":4,"34":0,"35":0,"36":0,"37":0,"38":0,"39":4,"40":4,"41":2,"42":0,"43":0,"44":0,"45":4,"46":4,"47":2,"48":0,"49":4},"f":{"0":4,"1":4,"2":0,"3":0,"4":0,"5":0,"6":0,"7":0,"8":0,"9":0,"10":0,"11":4,"12":0,"13":4,"14":0},"b":{"0":[0,4],"1":[0,0],"2":[0,0],"3":[0,0],"4":[2,2],"5":[2,2],"6":[0,4],"7":[0,0],"8":[0,4],"9":[0,4],"10":[0,4],"11":[4,0]},"_coverageSchema":"1a1c01bbd47fc00a2c39e90264f33305004495a9","hash":"f767ddd1aad1cc56b20d38a2bf5961c6c25960f0"}
,"/Users/quintin/Developer/crazy-bee-project/frontend/src/components/NFTCollectionsList.js": {"path":"/Users/quintin/Developer/crazy-bee-project/frontend/src/components/NFTCollectionsList.js","statementMap":{"0":{"start":{"line":27,"column":19},"end":{"line":27,"column":32}},"1":{"start":{"line":28,"column":46},"end":{"line":28,"column":58}},"2":{"start":{"line":29,"column":34},"end":{"line":29,"column":49}},"3":{"start":{"line":30,"column":30},"end":{"line":30,"column":41}},"4":{"start":{"line":31,"column":32},"end":{"line":31,"column":46}},"5":{"start":{"line":32,"column":23},"end":{"line":32,"column":54}},"6":{"start":{"line":34,"column":2},"end":{"line":37,"column":8}},"7":{"start":{"line":35,"column":4},"end":{"line":35,"column":14}},"8":{"start":{"line":39,"column":19},"end":{"line":62,"column":3}},"9":{"start":{"line":40,"column":14},"end":{"line":42,"column":23}},"10":{"start":{"line":43,"column":4},"end":{"line":43,"column":47}},"11":{"start":{"line":43,"column":16},"end":{"line":43,"column":47}},"12":{"start":{"line":45,"column":4},"end":{"line":61,"column":8}},"13":{"start":{"line":48,"column":71},"end":{"line":48,"column":85}},"14":{"start":{"line":50,"column":8},"end":{"line":50,"column":25}},"15":{"start":{"line":51,"column":8},"end":{"line":51,"column":31}},"16":{"start":{"line":52,"column":8},"end":{"line":53,"column":59}},"17":{"start":{"line":52,"column":19},"end":{"line":52,"column":42}},"18":{"start":{"line":53,"column":13},"end":{"line":53,"column":59}},"19":{"start":{"line":54,"column":8},"end":{"line":54,"column":33}},"20":{"start":{"line":57,"column":8},"end":{"line":57,"column":25}},"21":{"start":{"line":58,"column":24},"end":{"line":58,"column":74}},"22":{"start":{"line":59,"column":8},"end":{"line":59,"column":30}},"23":{"start":{"line":60,"column":8},"end":{"line":60,"column":48}},"24":{"start":{"line":64,"column":25},"end":{"line":66,"column":3}},"25":{"start":{"line":65,"column":4},"end":{"line":65,"column":74}},"26":{"start":{"line":68,"column":26},"end":{"line":71,"column":3}},"27":{"start":{"line":69,"column":4},"end":{"line":69,"column":26}},"28":{"start":{"line":70,"column":4},"end":{"line":70,"column":99}},"29":{"start":{"line":73,"column":23},"end":{"line":87,"column":3}},"30":{"start":{"line":74,"column":4},"end":{"line":86,"column":8}},"31":{"start":{"line":77,"column":24},"end":{"line":77,"column":75}},"32":{"start":{"line":78,"column":8},"end":{"line":78,"column":28}},"33":{"start":{"line":79,"column":8},"end":{"line":79,"column":25}},"34":{"start":{"line":80,"column":8},"end":{"line":80,"column":29}},"35":{"start":{"line":83,"column":24},"end":{"line":83,"column":71}},"36":{"start":{"line":84,"column":8},"end":{"line":84,"column":30}},"37":{"start":{"line":85,"column":8},"end":{"line":85,"column":48}},"38":{"start":{"line":89,"column":2},"end":{"line":182,"column":3}},"39":{"start":{"line":100,"column":12},"end":{"line":167,"column":19}},"40":{"start":{"line":127,"column":22},"end":{"line":135,"column":24}},"41":{"start":{"line":150,"column":45},"end":{"line":150,"column":76}},"42":{"start":{"line":159,"column":40},"end":{"line":159,"column":73}}},"fnMap":{"0":{"name":"NFTCollectionsList","decl":{"start":{"line":20,"column":9},"end":{"line":20,"column":27}},"loc":{"start":{"line":26,"column":3},"end":{"line":183,"column":1}},"line":26},"1":{"name":"(anonymous_1)","decl":{"start":{"line":34,"column":12},"end":{"line":34,"column":13}},"loc":{"start":{"line":34,"column":18},"end":{"line":37,"column":3}},"line":34},"2":{"name":"(anonymous_2)","decl":{"start":{"line":39,"column":19},"end":{"line":39,"column":20}},"loc":{"start":{"line":39,"column":50},"end":{"line":62,"column":3}},"line":39},"3":{"name":"(anonymous_3)","decl":{"start":{"line":47,"column":12},"end":{"line":47,"column":13}},"loc":{"start":{"line":47,"column":26},"end":{"line":55,"column":7}},"line":47},"4":{"name":"(anonymous_4)","decl":{"start":{"line":56,"column":13},"end":{"line":56,"column":14}},"loc":{"start":{"line":56,"column":24},"end":{"line":61,"column":7}},"line":56},"5":{"name":"(anonymous_5)","decl":{"start":{"line":64,"column":25},"end":{"line":64,"column":26}},"loc":{"start":{"line":64,"column":31},"end":{"line":66,"column":3}},"line":64},"6":{"name":"(anonymous_6)","decl":{"start":{"line":68,"column":26},"end":{"line":68,"column":27}},"loc":{"start":{"line":68,"column":52},"end":{"line":71,"column":3}},"line":68},"7":{"name":"(anonymous_7)","decl":{"start":{"line":73,"column":23},"end":{"line":73,"column":24}},"loc":{"start":{"line":73,"column":31},"end":{"line":87,"column":3}},"line":73},"8":{"name":"(anonymous_8)","decl":{"start":{"line":76,"column":12},"end":{"line":76,"column":13}},"loc":{"start":{"line":76,"column":26},"end":{"line":81,"column":7}},"line":76},"9":{"name":"(anonymous_9)","decl":{"start":{"line":82,"column":13},"end":{"line":82,"column":14}},"loc":{"start":{"line":82,"column":24},"end":{"line":86,"column":7}},"line":82},"10":{"name":"(anonymous_10)","decl":{"start":{"line":99,"column":29},"end":{"line":99,"column":30}},"loc":{"start":{"line":100,"column":12},"end":{"line":167,"column":19}},"line":100},"11":{"name":"(anonymous_11)","decl":{"start":{"line":126,"column":56},"end":{"line":126,"column":57}},"loc":{"start":{"line":127,"column":22},"end":{"line":135,"column":24}},"line":127},"12":{"name":"(anonymous_12)","decl":{"start":{"line":150,"column":39},"end":{"line":150,"column":40}},"loc":{"start":{"line":150,"column":45},"end":{"line":150,"column":76}},"line":150},"13":{"name":"(anonymous_13)","decl":{"start":{"line":159,"column":33},"end":{"line":159,"column":34}},"loc":{"start":{"line":159,"column":40},"end":{"line":159,"column":73}},"line":159}},"branchMap":{"0":{"loc":{"start":{"line":39,"column":20},"end":{"line":39,"column":30}},"type":"default-arg","locations":[{"start":{"line":39,"column":29},"end":{"line":39,"column":30}}],"line":39},"1":{"loc":{"start":{"line":39,"column":32},"end":{"line":39,"column":45}},"type":"default-arg","locations":[{"start":{"line":39,"column":40},"end":{"line":39,"column":45}}],"line":39},"2":{"loc":{"start":{"line":41,"column":6},"end":{"line":41,"column":55}},"type":"binary-expr","locations":[{"start":{"line":41,"column":6},"end":{"line":41,"column":25}},{"start":{"line":41,"column":29},"end":{"line":41,"column":55}}],"line":41},"3":{"loc":{"start":{"line":43,"column":4},"end":{"line":43,"column":47}},"type":"if","locations":[{"start":{"line":43,"column":4},"end":{"line":43,"column":47}},{"start":{},"end":{}}],"line":43},"4":{"loc":{"start":{"line":52,"column":8},"end":{"line":53,"column":59}},"type":"if","locations":[{"start":{"line":52,"column":8},"end":{"line":53,"column":59}},{"start":{"line":53,"column":13},"end":{"line":53,"column":59}}],"line":52},"5":{"loc":{"start":{"line":65,"column":23},"end":{"line":65,"column":72}},"type":"binary-expr","locations":[{"start":{"line":65,"column":23},"end":{"line":65,"column":42}},{"start":{"line":65,"column":46},"end":{"line":65,"column":72}}],"line":65},"6":{"loc":{"start":{"line":91,"column":7},"end":{"line":91,"column":79}},"type":"binary-expr","locations":[{"start":{"line":91,"column":7},"end":{"line":91,"column":19}},{"start":{"line":91,"column":23},"end":{"line":91,"column":79}}],"line":91},"7":{"loc":{"start":{"line":93,"column":9},"end":{"line":169,"column":9}},"type":"cond-expr","locations":[{"start":{"line":94,"column":10},"end":{"line":97,"column":12}},{"start":{"line":99,"column":10},"end":{"line":168,"column":12}}],"line":93},"8":{"loc":{"start":{"line":95,"column":24},"end":{"line":95,"column":73}},"type":"binary-expr","locations":[{"start":{"line":95,"column":24},"end":{"line":95,"column":43}},{"start":{"line":95,"column":47},"end":{"line":95,"column":73}}],"line":95},"9":{"loc":{"start":{"line":138,"column":19},"end":{"line":164,"column":19}},"type":"binary-expr","locations":[{"start":{"line":138,"column":19},"end":{"line":138,"column":29}},{"start":{"line":139,"column":20},"end":{"line":163,"column":34}}],"line":138},"10":{"loc":{"start":{"line":171,"column":7},"end":{"line":180,"column":7}},"type":"binary-expr","locations":[{"start":{"line":171,"column":7},"end":{"line":171,"column":21}},{"start":{"line":171,"column":25},"end":{"line":171,"column":33}},{"start":{"line":172,"column":8},"end":{"line":179,"column":17}}],"line":171}},"s":{"0":13,"1":13,"2":13,"3":13,"4":13,"5":13,"6":13,"7":8,"8":13,"9":9,"10":9,"11":4,"12":9,"13":5,"14":5,"15":5,"16":5,"17":0,"18":5,"19":5,"20":2,"21":2,"22":2,"23":2,"24":13,"25":1,"26":13,"27":0,"28":0,"29":13,"30":0,"31":0,"32":0,"33":0,"34":0,"35":0,"36":0,"37":0,"38":13,"39":4,"40":9,"41":0,"42":0},"f":{"0":13,"1":8,"2":9,"3":5,"4":2,"5":1,"6":0,"7":0,"8":0,"9":0,"10":4,"11":9,"12":0,"13":0},"b":{"0":[8],"1":[9],"2":[9,7],"3":[4,5],"4":[0,5],"5":[1,1],"6":[13,6],"7":[8,5],"8":[8,6],"9":[4,0],"10":[13,6,3]},"_coverageSchema":"1a1c01bbd47fc00a2c39e90264f33305004495a9","hash":"dcba27ba3281fc51a2517fe3c12dcaa130a1f637"}
,"/Users/quintin/Developer/crazy-bee-project/frontend/src/components/PageSearchBar.js": {"path":"/Users/quintin/Developer/crazy-bee-project/frontend/src/components/PageSearchBar.js","statementMap":{"0":{"start":{"line":10,"column":2},"end":{"line":37,"column":3}}},"fnMap":{"0":{"name":"PageSearchBar","decl":{"start":{"line":9,"column":9},"end":{"line":9,"column":22}},"loc":{"start":{"line":9,"column":78},"end":{"line":38,"column":1}},"line":9}},"branchMap":{"0":{"loc":{"start":{"line":15,"column":12},"end":{"line":15,"column":28}},"type":"cond-expr","locations":[{"start":{"line":15,"column":23},"end":{"line":15,"column":24}},{"start":{"line":15,"column":27},"end":{"line":15,"column":28}}],"line":15}},"s":{"0":15},"f":{"0":15},"b":{"0":[2,13]},"_coverageSchema":"1a1c01bbd47fc00a2c39e90264f33305004495a9","hash":"941213eb74878329b7cdb048b0fa9a6ed0b640a3"}
,"/Users/quintin/Developer/crazy-bee-project/frontend/src/components/SearchResultsList.js": {"path":"/Users/quintin/Developer/crazy-bee-project/frontend/src/components/SearchResultsList.js","statementMap":{"0":{"start":{"line":22,"column":2},"end":{"line":145,"column":3}},"1":{"start":{"line":39,"column":16},"end":{"line":79,"column":23}},"2":{"start":{"line":66,"column":26},"end":{"line":74,"column":28}},"3":{"start":{"line":100,"column":16},"end":{"line":138,"column":23}}},"fnMap":{"0":{"name":"SearchResultsList","decl":{"start":{"line":21,"column":9},"end":{"line":21,"column":26}},"loc":{"start":{"line":21,"column":66},"end":{"line":146,"column":1}},"line":21},"1":{"name":"(anonymous_1)","decl":{"start":{"line":38,"column":34},"end":{"line":38,"column":35}},"loc":{"start":{"line":39,"column":16},"end":{"line":79,"column":23}},"line":39},"2":{"name":"(anonymous_2)","decl":{"start":{"line":65,"column":60},"end":{"line":65,"column":61}},"loc":{"start":{"line":66,"column":26},"end":{"line":74,"column":28}},"line":66},"3":{"name":"(anonymous_3)","decl":{"start":{"line":99,"column":26},"end":{"line":99,"column":27}},"loc":{"start":{"line":100,"column":16},"end":{"line":138,"column":23}},"line":100}},"branchMap":{"0":{"loc":{"start":{"line":24,"column":7},"end":{"line":30,"column":7}},"type":"binary-expr","locations":[{"start":{"line":24,"column":7},"end":{"line":24,"column":33}},{"start":{"line":25,"column":8},"end":{"line":29,"column":20}}],"line":24},"1":{"loc":{"start":{"line":32,"column":7},"end":{"line":84,"column":7}},"type":"cond-expr","locations":[{"start":{"line":33,"column":8},"end":{"line":33,"column":93}},{"start":{"line":35,"column":8},"end":{"line":83,"column":9}}],"line":32},"2":{"loc":{"start":{"line":35,"column":8},"end":{"line":83,"column":9}},"type":"binary-expr","locations":[{"start":{"line":35,"column":8},"end":{"line":35,"column":34}},{"start":{"line":36,"column":10},"end":{"line":82,"column":22}}],"line":35},"3":{"loc":{"start":{"line":86,"column":7},"end":{"line":92,"column":7}},"type":"binary-expr","locations":[{"start":{"line":86,"column":7},"end":{"line":86,"column":25}},{"start":{"line":87,"column":8},"end":{"line":91,"column":20}}],"line":86},"4":{"loc":{"start":{"line":93,"column":7},"end":{"line":143,"column":7}},"type":"cond-expr","locations":[{"start":{"line":94,"column":8},"end":{"line":94,"column":77}},{"start":{"line":96,"column":8},"end":{"line":142,"column":9}}],"line":93},"5":{"loc":{"start":{"line":96,"column":8},"end":{"line":142,"column":9}},"type":"binary-expr","locations":[{"start":{"line":96,"column":8},"end":{"line":96,"column":26}},{"start":{"line":97,"column":10},"end":{"line":141,"column":22}}],"line":96},"6":{"loc":{"start":{"line":115,"column":25},"end":{"line":119,"column":25}},"type":"binary-expr","locations":[{"start":{"line":115,"column":25},"end":{"line":115,"column":86}},{"start":{"line":116,"column":26},"end":{"line":118,"column":36}}],"line":115}},"s":{"0":2,"1":0,"2":0,"3":0},"f":{"0":2,"1":0,"2":0,"3":0},"b":{"0":[2,0],"1":[0,2],"2":[2,0],"3":[2,0],"4":[0,2],"5":[2,0],"6":[0,0]},"_coverageSchema":"1a1c01bbd47fc00a2c39e90264f33305004495a9","hash":"528227bae7d7cc9a50e9db1213eea208c5435de8"}
,"/Users/quintin/Developer/crazy-bee-project/frontend/src/components/SignUpPopup.js": {"path":"/Users/quintin/Developer/crazy-bee-project/frontend/src/components/SignUpPopup.js","statementMap":{"0":{"start":{"line":20,"column":26},"end":{"line":20,"column":41}},"1":{"start":{"line":21,"column":23},"end":{"line":21,"column":54}},"2":{"start":{"line":23,"column":26},"end":{"line":25,"column":3}},"3":{"start":{"line":24,"column":4},"end":{"line":24,"column":17}},"4":{"start":{"line":27,"column":22},"end":{"line":29,"column":3}},"5":{"start":{"line":28,"column":4},"end":{"line":28,"column":18}},"6":{"start":{"line":31,"column":19},"end":{"line":50,"column":3}},"7":{"start":{"line":32,"column":4},"end":{"line":49,"column":8}},"8":{"start":{"line":35,"column":24},"end":{"line":35,"column":75}},"9":{"start":{"line":36,"column":8},"end":{"line":36,"column":73}},"10":{"start":{"line":37,"column":8},"end":{"line":37,"column":22}},"11":{"start":{"line":38,"column":8},"end":{"line":38,"column":29}},"12":{"start":{"line":40,"column":8},"end":{"line":42,"column":15}},"13":{"start":{"line":41,"column":10},"end":{"line":41,"column":39}},"14":{"start":{"line":45,"column":23},"end":{"line":45,"column":67}},"15":{"start":{"line":46,"column":24},"end":{"line":46,"column":51}},"16":{"start":{"line":47,"column":8},"end":{"line":47,"column":30}},"17":{"start":{"line":48,"column":8},"end":{"line":48,"column":48}},"18":{"start":{"line":56,"column":6},"end":{"line":69,"column":4}},"19":{"start":{"line":71,"column":2},"end":{"line":236,"column":3}}},"fnMap":{"0":{"name":"SignUpPopup","decl":{"start":{"line":19,"column":9},"end":{"line":19,"column":20}},"loc":{"start":{"line":19,"column":50},"end":{"line":237,"column":1}},"line":19},"1":{"name":"(anonymous_1)","decl":{"start":{"line":23,"column":26},"end":{"line":23,"column":27}},"loc":{"start":{"line":23,"column":32},"end":{"line":25,"column":3}},"line":23},"2":{"name":"(anonymous_2)","decl":{"start":{"line":27,"column":22},"end":{"line":27,"column":23}},"loc":{"start":{"line":27,"column":28},"end":{"line":29,"column":3}},"line":27},"3":{"name":"(anonymous_3)","decl":{"start":{"line":31,"column":19},"end":{"line":31,"column":20}},"loc":{"start":{"line":31,"column":29},"end":{"line":50,"column":3}},"line":31},"4":{"name":"(anonymous_4)","decl":{"start":{"line":34,"column":12},"end":{"line":34,"column":13}},"loc":{"start":{"line":34,"column":26},"end":{"line":43,"column":7}},"line":34},"5":{"name":"(anonymous_5)","decl":{"start":{"line":40,"column":19},"end":{"line":40,"column":20}},"loc":{"start":{"line":40,"column":25},"end":{"line":42,"column":9}},"line":40},"6":{"name":"(anonymous_6)","decl":{"start":{"line":44,"column":13},"end":{"line":44,"column":14}},"loc":{"start":{"line":44,"column":24},"end":{"line":49,"column":7}},"line":44}},"branchMap":{"0":{"loc":{"start":{"line":45,"column":23},"end":{"line":45,"column":67}},"type":"binary-expr","locations":[{"start":{"line":45,"column":23},"end":{"line":45,"column":50}},{"start":{"line":45,"column":54},"end":{"line":45,"column":67}}],"line":45},"1":{"loc":{"start":{"line":80,"column":11},"end":{"line":80,"column":33}},"type":"binary-expr","locations":[{"start":{"line":80,"column":11},"end":{"line":80,"column":21}},{"start":{"line":80,"column":25},"end":{"line":80,"column":33}}],"line":80},"2":{"loc":{"start":{"line":110,"column":21},"end":{"line":110,"column":52}},"type":"cond-expr","locations":[{"start":{"line":110,"column":40},"end":{"line":110,"column":44}},{"start":{"line":110,"column":47},"end":{"line":110,"column":52}}],"line":110},"3":{"loc":{"start":{"line":124,"column":21},"end":{"line":124,"column":51}},"type":"cond-expr","locations":[{"start":{"line":124,"column":39},"end":{"line":124,"column":43}},{"start":{"lin
[...]
,"/Users/quintin/Developer/crazy-bee-project/frontend/src/pages/NewCollectionPage.js": {"path":"/Users/quintin/Developer/crazy-bee-project/frontend/src/pages/NewCollectionPage.js","statementMap":{"0":{"start":{"line":13,"column":29},"end":{"line":22,"column":1}},"1":{"start":{"line":25,"column":19},"end":{"line":25,"column":32}},"2":{"start":{"line":26,"column":40},"end":{"line":26,"column":54}},"3":{"start":{"line":27,"column":23},"end":{"line":27,"column":54}},"4":{"start":{"line":28,"column":22},"end":{"line":28,"column":52}},"5":{"start":{"line":29,"column":17},"end":{"line":29,"column":42}},"6":{"start":{"line":36,"column":6},"end":{"line":39,"column":4}},"7":{"start":{"line":41,"column":28},"end":{"line":43,"column":3}},"8":{"start":{"line":42,"column":4},"end":{"line":42,"column":16}},"9":{"start":{"line":45,"column":19},"end":{"line":69,"column":3}},"10":{"start":{"line":46,"column":4},"end":{"line":46,"column":24}},"11":{"start":{"line":48,"column":4},"end":{"line":68,"column":8}},"12":{"start":{"line":51,"column":24},"end":{"line":51,"column":64}},"13":{"start":{"line":52,"column":8},"end":{"line":52,"column":43}},"14":{"start":{"line":53,"column":8},"end":{"line":53,"column":29}},"15":{"start":{"line":54,"column":8},"end":{"line":59,"column":12}},"16":{"start":{"line":60,"column":8},"end":{"line":60,"column":20}},"17":{"start":{"line":63,"column":23},"end":{"line":63,"column":67}},"18":{"start":{"line":64,"column":24},"end":{"line":64,"column":65}},"19":{"start":{"line":65,"column":8},"end":{"line":65,"column":30}},"20":{"start":{"line":66,"column":8},"end":{"line":66,"column":31}},"21":{"start":{"line":67,"column":8},"end":{"line":67,"column":48}},"22":{"start":{"line":71,"column":2},"end":{"line":84,"column":3}}},"fnMap":{"0":{"name":"NewCollectionPage","decl":{"start":{"line":24,"column":9},"end":{"line":24,"column":26}},"loc":{"start":{"line":24,"column":29},"end":{"line":85,"column":1}},"line":24},"1":{"name":"(anonymous_1)","decl":{"start":{"line":41,"column":28},"end":{"line":41,"column":29}},"loc":{"start":{"line":41,"column":34},"end":{"line":43,"column":3}},"line":41},"2":{"name":"(anonymous_2)","decl":{"start":{"line":45,"column":19},"end":{"line":45,"column":20}},"loc":{"start":{"line":45,"column":29},"end":{"line":69,"column":3}},"line":45},"3":{"name":"(anonymous_3)","decl":{"start":{"line":50,"column":12},"end":{"line":50,"column":13}},"loc":{"start":{"line":50,"column":26},"end":{"line":61,"column":7}},"line":50},"4":{"name":"(anonymous_4)","decl":{"start":{"line":62,"column":13},"end":{"line":62,"column":14}},"loc":{"start":{"line":62,"column":24},"end":{"line":68,"column":7}},"line":62}},"branchMap":{"0":{"loc":{"start":{"line":54,"column":8},"end":{"line":59,"column":12}},"type":"binary-expr","locations":[{"start":{"line":54,"column":8},"end":{"line":54,"column":14}},{"start":{"line":55,"column":10},"end":{"line":59,"column":12}}],"line":54},"1":{"loc":{"start":{"line":63,"column":23},"end":{"line":63,"column":67}},"type":"binary-expr","locations":[{"start":{"line":63,"column":23},"end":{"line":63,"column":50}},{"start":{"line":63,"column":54},"end":{"line":63,"column":67}}],"line":63}},"s":{"0":2,"1":6,"2":6,"3":6,"4":6,"5":6,"6":6,"7":6,"8":1,"9":6,"10":1,"11":1,"12":1,"13":1,"14":1,"15":1,"16":1,"17":0,"18":0,"19":0,"20":0,"21":0,"22":6},"f":{"0":6,"1":1,"2":1,"3":1,"4":0},"b":{"0":[1,0],"1":[0,0]},"_coverageSchema":"1a1c01bbd47fc00a2c39e90264f33305004495a9","hash":"ced3400f34ef5b79e76220d1cfd669cddf39abd1"}
,"/Users/quintin/Developer/crazy-bee-project/frontend/src/pages/SingleAssetPage.js": {"path":"/Users/quintin/Developer/crazy-bee-project/frontend/src/pages/SingleAssetPage.js","statementMap":{"0":{"start":{"line":25,"column":31},"end":{"line":76,"column":1}},"1":{"start":{"line":26,"column":2},"end":{"line":73,"column":3}},"2":{"start":{"line":27,"column":4},"end":{"line":46,"column":5}},"3":{"start":{"line":47,"column":9},"end":{"line":73,"column":3}},"4":{"start":{"line":51,"column":4},"end":{"line":51,"column":59}},"5":{"start":{"line":52,"column":9},"end":{"line":73,"column":3}},"6":{"start":{"line":53,"column":4},"end":{"line":57,"column":5}},"7":{"start":{"line":58,"column":9},"end":{"line":73,"column":3}},"8":{"start":{"line":59,"column":4},"end":{"line":72,"column":5}},"9":{"start":{"line":75,"column":2},"end":{"line":75,"column":14}},"10":{"start":{"line":79,"column":22},"end":{"line":79,"column":33}},"11":{"start":{"line":80,"column":19},"end":{"line":80,"column":32}},"12":{"start":{"line":81,"column":28},"end":{"line":81,"column":42}},"13":{"start":{"line":82,"column":44},"end":{"line":82,"column":58}},"14":{"start":{"line":83,"column":38},"end":{"line":83,"column":52}},"15":{"start":{"line":84,"column":32},"end":{"line":84,"column":46}},"16":{"start":{"line":85,"column":22},"end":{"line":85,"column":52}},"17":{"start":{"line":86,"column":23},"end":{"line":86,"column":54}},"18":{"start":{"line":88,"column":2},"end":{"line":100,"column":15}},"19":{"start":{"line":89,"column":4},"end":{"line":99,"column":8}},"20":{"start":{"line":92,"column":8},"end":{"line":92,"column":25}},"21":{"start":{"line":93,"column":8},"end":{"line":93,"column":38}},"22":{"start":{"line":96,"column":8},"end":{"line":96,"column":25}},"23":{"start":{"line":97,"column":24},"end":{"line":97,"column":65}},"24":{"start":{"line":98,"column":8},"end":{"line":98,"column":30}},"25":{"start":{"line":102,"column":2},"end":{"line":124,"column":13}},"26":{"start":{"line":103,"column":4},"end":{"line":123,"column":5}},"27":{"start":{"line":104,"column":6},"end":{"line":112,"column":10}},"28":{"start":{"line":107,"column":10},"end":{"line":107,"column":48}},"29":{"start":{"line":110,"column":26},"end":{"line":110,"column":67}},"30":{"start":{"line":111,"column":10},"end":{"line":111,"column":32}},"31":{"start":{"line":114,"column":6},"end":{"line":122,"column":10}},"32":{"start":{"line":117,"column":10},"end":{"line":117,"column":45}},"33":{"start":{"line":120,"column":26},"end":{"line":120,"column":67}},"34":{"start":{"line":121,"column":10},"end":{"line":121,"column":32}},"35":{"start":{"line":126,"column":23},"end":{"line":140,"column":3}},"36":{"start":{"line":127,"column":4},"end":{"line":139,"column":8}},"37":{"start":{"line":130,"column":24},"end":{"line":130,"column":66}},"38":{"start":{"line":131,"column":8},"end":{"line":131,"column":28}},"39":{"start":{"line":132,"column":8},"end":{"line":132,"column":29}},"40":{"start":{"line":133,"column":8},"end":{"line":133,"column":20}},"41":{"start":{"line":136,"column":24},"end":{"line":136,"column":62}},"42":{"start":{"line":137,"column":8},"end":{"line":137,"column":30}},"43":{"start":{"line":138,"column":8},"end":{"line":138,"column":48}},"44":{"start":{"line":142,"column":2},"end":{"line":322,"column":3}},"45":{"start":{"line":223,"column":47},"end":{"line":223,"column":70}},"46":{"start":{"line":276,"column":28},"end":{"line":290,"column":39}}},"fnMap":{"0":{"name":"(anonymous_0)","decl":{"start":{"line":25,"column":31},"end":{"line":25,"column":32}},"loc":{"start":{"line":25,"column":61},"end":{"line":76,"column":1}},"line":25},"1":{"name":"SingleCollectionPage","decl":{"start":{"line":78,"column":9},"end":{"line":78,"column":29}},"loc":{"start":{"line":78,"column":32},"end":{"line":323,"column":1}},"line":78},"2":{"name":"(anonymous_2)","decl":{"start":{"line":88,"column":12},"end":{"line":88,"column":13}},"loc":{"start":{"line":88,"column":18},"end":{"line":100,"column":3}},"line":88},"3":{"name":"(anonymous_3)","decl":{"start":{"line":91,"column":12},"end":{"line":91,"column":13}},"loc":{"start":{"line":91,"column":26},"end":{"line":94,"column":7}},"line":91},"4":{"name":"(anonymous_4)","decl":{"start":{"line":95,"column":13},"end":{"line":95,"column":14}},"loc":{"start":{"line":95,"column":24},"end":{"line":99,"column":7}},"line":95},"5":{"name":"(anonymous_5)","decl":{"start":{"line":102,"column":12},"end":{"line":102,"column":13}},"loc":{"start":{"line":102,"column":18},"end":{"line":124,"column":3}},"line":102},"6":{"name":"(anonymous_6)","decl":{"start":{"line":106,"column":14},"end":{"line":106,"column":15}},"loc":{"start":{"line":106,"column":28},"end":{"line":108,"column":9}},"line":106},"7":{"name":"(anonymous_7)","decl":{"start":{"line":109,"column":15},"end":{"line":109,"column":16}},"loc":{"start":{"line":109,"column":26},"end":{"line":112,"column":9}},"line":109},"8":{"name":"(anonymous_8)","decl":{"start":{"line":116,"column":14},"end":{"line":116,"column":15}},"loc":{"start":{"line":116,"column":28},"end":{"line":118,"column":9}},"line":116},"9":{"name":"(anonymous_9)","decl":{"start":{"line":119,"column":15},"end":{"line":119,"column":16}},"loc":{"start":{"line":119,"column":26},"end":{"line":122,"column":9}},"line":119},"10":{"name":"(anonymous_10)","decl":{"start":{"line":126,"column":23},"end":{"line":126,"column":24}},"loc":{"start":{"line":126,"column":31},"end":{"line":140,"column":3}},"line":126},"11":{"name":"(anonymous_11)","decl":{"start":{"line":129,"column":12},"end":{"line":129,"column":13}},"loc":{"start":{"line":129,"column":26},"end":{"line":134,"column":7}},"line":129},"12":{"name":"(anonymous_12)","decl":{"start":{"line":135,"column":13},"end":{"line":135,"column":14}},"loc":{"start":{"line":135,"column":24},"end":{"line":139,"column":7}},"line":135},"13":{"name":"(anonymous_13)","decl":{"start":{"line":223,"column":41},"end":{"line":223,"column":42}},"loc":{"start":{"line":223,"column":47},"end":{"line":223,"column":70}},"line":223},"14":{"name":"(anonymous_14)","decl":{"start":{"line":275,"column":63},"end":{"line":275,"column":64}},"loc":{"start":{"line":276,"column":28},"end":{"line":290,"column":39}},"line":276}},"branchMap":{"0":{"loc":{"start":{"line":26,"column":2},"end":{"line":73,"column":3}},"type":"if","locations":[{"start":{"line":26,"column":2},"end":{"line":73,"column":3}},{"start":{"line":47,"column":9},"end":{"line":73,"column":3}}],"line":26},"1":{"loc":{"start":{"line":35,"column":14},"end":{"line":39,"column":27}},"type":"cond-expr","locations":[{"start":{"line":36,"column":18},"end":{"line":36,"column":27}},{"start":{"line":37,"column":18},"end":{"line":39,"column":27}}],"line":35},"2":{"loc":{"start":{"line":37,"column":18},"end":{"line":39,"column":27}},"type":"cond-expr","locations":[{"start":{"line":38,"column":18},"end":{"line":38,"column":27}},{"start":{"line":39,"column":18},"end":{"line":39,"column":27}}],"line":37},"3":{"loc":{"start":{"line":44,"column":9},"end":{"line":44,"column":95}},"type":"binary-expr","locations":[{"start":{"line":44,"column":9},"end":{"line":44,"column":43}},{"start":{"line":44,"column":47},"end":{"line":44,"column":95}}],"line":44},"4":{"loc":{"start":{"line":47,"column":9},"end":{"line":73,"column":3}},"type":"if","locations":[{"start":{"line":47,"column":9},"end":{"line":73,"column":3}},{"start":{"line":52,"column":9},"end":{"line":73,"column":3}}],"line":47},"5":{"loc":{"start":{"line":48,"column":4},"end":{"line":49,"column":59}},"type":"binary-expr","locations":[{"start":{"line":48,"column":4},"end":{"line":48,"column":62}},{"start":{"line":49,"column":4},"end":{"line":49,"column":59}}],"line":48},"6":{"loc":{"start":{"line":52,"column":9},"end":{"line":73,"column":3}},"type":"if","locations":[{"start":{"line":52,"column":9},"end":{"line":73,"column":3}},{"start":{"line":58,"column":9},"end":{"line":73,"column":3}}],"line":52},"7":{"loc":{"start":{"line":52,"column":13},"end":{"line":52,"column":59}},"type":"binary-expr","locations":[{"start":{"line":52,"column":13},"end":{"line":52,"column":32}},{"start":{"line":52,"column":36},"end":{"line":52,"column":59}}],"line":52},"8":{"loc":{"start":{"line":58,"column":9},"end":{"line":73,"column":3}},"type":"if","locations":[{"start":{"line":58,"column":9},"end":{"line":73,"column":3}},{"start":{},"end":{}}],"line":58},"9":{"loc":{"start":{"line":58,"column":13},"end":{"line":58,"column":57}},"type":"binary-expr","locations":[{"start":{"line":58,"column":13},"end":{"line":58,"column":36}},{"start":{"line":58,"column":40},"end":{"line":58,"column":57}}],"line":58},"10":{"loc":{"start":{"line":103,"column":4},"end":{"line":123,"column":5}},"type":"if","locations":[{"start":{"line":103,"column":4},"end":{"line":123,"column":5}},{"start":{},"end":{}}],"line":103},"11":{"loc":{"start":{"line":144,"column":7},"end":{"line":144,"column":38}},"type":"binary-expr","locations":[{"start":{"line":144,"column":7},"end":{"line":144,"column":14}},{"start":{"line":144,"column":18},"end":{"line":144,"column":38}}],"line":144},"12":{"loc":{"start":{"line":145,"column":7},"end":{"line":320,"column":7}},"type":"binary-expr","locations":[{"start":{"line":145,"column":7},"end":{"line":145,"column":12}},{"start":{"line":146,"column":8},"end":{"line":319,"column":11}}],"line":145},"13":{"loc":{"start":{"line":179,"column":19},"end":{"line":189,"column":19}},"type":"binary-expr","locations":[{"start":{"line":179,"column":19},"end":{"line":179,"column":32}},{"start":{"line":180,"column":20},"end":{"line":188,"column":33}}],"line":179},"14":{"loc":{"start":{"line":198,"column":21},"end":{"line":226,"column":21}},"type":"binary-expr","locations":[{"start":{"line":198,"column":21},"end":{"line":198,"column":32}},{"start":{"line":198,"column":36},"end":{"line":198,"column":68}},{"start":{"line":199,"column":22},"end":{"line":225,"column":29}}],"line":198},"15":{"loc":{"start":{"line":270,"column":19},"end":{"line":295,"column":19}},"type":"binary-expr","locations":[{"start":{"line":270,"column":19},"end":{"line":270,"column":37}},{"start":{"line":271,"column":20},"end":{"line":294,"column":37}}],"line":270}},"s":{"0":2,"1":18,"2":0,"3":18,"4":0,"5":18,"6":0,"7":18,"8":0,"9":18,"10":7,"11":7,"12":6,"13":6,"14":6,"15":6,"16":6,"17":6,"18":6,"19":3,"20":2,"21":2,"22":1,"23":1,"24":1,"25":6,"26":5,"27":2,"28":2,"29":0,"30":0,"31":2,"32":2,"33":0,"34":0,"35":6,"36":1,"37":1,"38":1,"39":1,"40":1,"41":0,"42":0,"43":0,"44":6,"45":1,"46":18},"f":{"0":18,"1":7,"2":3,"3":2,"4":1,"5":5,"6":2,"7":0,"8":2,"9":0,"10":1,"11":1,"12":0,"13":1,"14":18},"b":{"0":[0,18],"1":[0,0],"2":[0,0],"3":[0,0],"4":[0,18],"5":[18,0],"6":[0,18],"7":[18,0],"8":[0,18],"9":[18,0],"10":[2,3],"11":[6,3],"12":[6,3],"13":[3,1],"14":[3,3,3],"15":[3,3]},"_coverageSchema":"1a1c01bbd47fc00a2c39e90264f33305004495a9","hash":"9efeb8637b1051e65c96b7efff5a8b2429c4b7ce"}
,"/Users/quintin/Developer/crazy-bee-project/frontend/src/pages/SingleCollectionPage.js": {"path":"/Users/quintin/Developer/crazy-bee-project/frontend/src/pages/SingleCollectionPage.js","statementMap":{"0":{"start":{"line":9,"column":30},"end":{"line":9,"column":41}},"1":{"start":{"line":10,"column":44},"end":{"line":10,"column":58}},"2":{"start":{"line":11,"column":32},"end":{"line":11,"column":46}},"3":{"start":{"line":12,"column":22},"end":{"line":12,"column":52}},"4":{"start":{"line":14,"column":2},"end":{"line":26,"column":23}},"5":{"start":{"line":15,"column":4},"end":{"line":25,"column":8}},"6":{"start":{"line":18,"column":8},"end":{"line":18,"column":25}},"7":{"start":{"line":19,"column":8},"end":{"line":19,"column":46}},"8":{"start":{"line":22,"column":8},"end":{"line":22,"column":25}},"9":{"start":{"line":23,"column":24},"end":{"line":23,"column":73}},"10":{"start":{"line":24,"column":8},"end":{"line":24,"column":30}},"11":{"start":{"line":28,"column":2},"end":{"line":44,"column":3}}},"fnMap":{"0":{"name":"SingleCollectionPage","decl":{"start":{"line":8,"column":9},"end":{"line":8,"column":29}},"loc":{"start":{"line":8,"column":32},"end":{"line":45,"column":1}},"line":8},"1":{"name":"(anonymous_1)","decl":{"start":{"line":14,"column":12},"end":{"line":14,"column":13}},"loc":{"start":{"line":14,"column":18},"end":{"line":26,"column":3}},"line":14},"2":{"name":"(anonymous_2)","decl":{"start":{"line":17,"column":12},"end":{"line":17,"column":13}},"loc":{"start":{"line":17,"column":26},"end":{"line":20,"column":7}},"line":17},"3":{"name":"(anonymous_3)","decl":{"start":{"line":21,"column":13},"end":{"line":21,"column":14}},"loc":{"start":{"line":21,"column":24},"end":{"line":25,"column":7}},"line":21}},"branchMap":{"0":{"loc":{"start":{"line":34,"column":20},"end":{"line":34,"column":76}},"type":"binary-expr","locations":[{"start":{"line":34,"column":20},"end":{"line":34,"column":31}},{"start":{"line":34,"column":35},"end":{"line":34,"column":76}}],"line":34},"1":{"loc":{"start":{"line":40,"column":22},"end":{"line":40,"column":78}},"type":"binary-expr","locations":[{"start":{"line":40,"column":22},"end":{"line":40,"column":33}},{"start":{"line":40,"column":37},"end":{"line":40,"column":78}}],"line":40},"2":{"loc":{"start":{"line":41,"column":20},"end":{"line":41,"column":76}},"type":"binary-expr","locations":[{"start":{"line":41,"column":20},"end":{"line":41,"column":31}},{"start":{"line":41,"column":35},"end":{"line":41,"column":76}}],"line":41}},"s":{"0":7,"1":7,"2":6,"3":6,"4":6,"5":3,"6":2,"7":2,"8":1,"9":1,"10":1,"11":6},"f":{"0":7,"1":3,"2":2,"3":1},"b":{"0":[6,6],"1":[6,6],"2":[6,6]},"_coverageSchema":"1a1c01bbd47fc00a2c39e90264f33305004495a9","hash":"e27f0d67467a3358f4d3b7303ee1e292f9e2c1de"}
,"/Users/quintin/Developer/crazy-bee-project/frontend/src/pages/SingleUserCollectionsPage.js": {"path":"/Users/quintin/Developer/crazy-bee-project/frontend/src/pages/SingleUserCollectionsPage.js","statementMap":{"0":{"start":{"line":9,"column":21},"end":{"line":9,"column":32}},"1":{"start":{"line":10,"column":26},"end":{"line":10,"column":40}},"2":{"start":{"line":11,"column":32},"end":{"line":11,"column":46}},"3":{"start":{"line":12,"column":22},"end":{"line":12,"column":52}},"4":{"start":{"line":14,"column":2},"end":{"line":27,"column":14}},"5":{"start":{"line":15,"column":4},"end":{"line":26,"column":8}},"6":{"start":{"line":18,"column":8},"end":{"line":18,"column":25}},"7":{"start":{"line":19,"column":8},"end":{"line":19,"column":37}},"8":{"start":{"line":22,"column":8},"end":{"line":22,"column":25}},"9":{"start":{"line":23,"column":24},"end":{"line":23,"column":74}},"10":{"start":{"line":25,"column":8},"end":{"line":25,"column":30}},"11":{"start":{"line":29,"column":2},"end":{"line":45,"column":3}}},"fnMap":{"0":{"name":"SingleUserCollectionsPage","decl":{"start":{"line":8,"column":9},"end":{"line":8,"column":34}},"loc":{"start":{"line":8,"column":37},"end":{"line":46,"column":1}},"line":8},"1":{"name":"(anonymous_1)","decl":{"start":{"line":14,"column":12},"end":{"line":14,"column":13}},"loc":{"start":{"line":14,"column":18},"end":{"line":27,"column":3}},"line":14},"2":{"name":"(anonymous_2)","decl":{"start":{"line":17,"column":12},"end":{"line":17,"column":13}},"loc":{"start":{"line":17,"column":26},"end":{"line":20,"column":7}},"line":17},"3":{"name":"(anonymous_3)","decl":{"start":{"line":21,"column":13},"end":{"line":21,"column":14}},"loc":{"start":{"line":21,"column":24},"end":{"line":26,"column":7}},"line":21}},"branchMap":{"0":{"loc":{"start":{"line":35,"column":22},"end":{"line":35,"column":63}},"type":"binary-expr","locations":[{"start":{"line":35,"column":22},"end":{"line":35,"column":33}},{"start":{"line":35,"column":37},"end":{"line":35,"column":63}}],"line":35},"1":{"loc":{"start":{"line":41,"column":20},"end":{"line":41,"column":61}},"type":"binary-expr","locations":[{"start":{"line":41,"column":20},"end":{"line":41,"column":31}},{"start":{"line":41,"column":35},"end":{"line":41,"column":61}}],"line":41},"2":{"loc":{"start":{"line":42,"column":22},"end":{"line":42,"column":63}},"type":"binary-expr","locations":[{"start":{"line":42,"column":22},"end":{"line":42,"column":33}},{"start":{"line":42,"column":37},"end":{"line":42,"column":63}}],"line":42}},"s":{"0":7,"1":7,"2":6,"3":6,"4":6,"5":3,"6":2,"7":2,"8":1,"9":1,"10":1,"11":6},"f":{"0":7,"1":3,"2":2,"3":1},"b":{"0":[6,0],"1":[6,0],"2":[6,0]},"_coverageSchema":"1a1c01bbd47fc00a2c39e90264f33305004495a9","hash":"e32374780b32dc5e9abbfc42bfc636168ea198e2"}
}
