TN:
SF:src/App.js
FN:18,App
FNF:1
FNH:1
FNDA:5,App
DA:16,2
DA:19,5
DA:20,4
DA:21,4
DA:23,4
LF:5
LH:5
BRF:0
BRH:0
end_of_record
TN:
SF:src/index.js
FNF:0
FNH:0
DA:20,1
DA:80,1
DA:81,1
DA:86,1
LF:4
LH:4
BRF:0
BRH:0
end_of_record
TN:
SF:src/components/Accordion.js
FN:8,(anonymous_0)
FN:10,(anonymous_1)
FN:20,(anonymous_2)
FN:25,(anonymous_3)
FN:38,(anonymous_4)
FNF:5
FNH:5
FNDA:9,(anonymous_0)
FNDA:9,(anonymous_1)
FNDA:9,(anonymous_2)
FNDA:9,(anonymous_3)
FNDA:9,(anonymous_4)
DA:8,2
DA:9,9
DA:10,9
DA:20,2
DA:21,9
DA:25,9
DA:38,9
LF:7
LH:7
BRDA:27,0,0,0
BRDA:27,0,1,9
BRF:2
BRH:1
end_of_record
TN:
SF:src/components/ActionConfirm.js
FN:10,Transition
FN:14,ActionConfirm
FN:28,(anonymous_2)
FN:33,(anonymous_3)
FN:38,(anonymous_4)
FNF:5
FNH:4
FNDA:17,Transition
FNDA:15,ActionConfirm
FNDA:2,(anonymous_2)
FNDA:0,(anonymous_3)
FNDA:2,(anonymous_4)
DA:10,8
DA:11,17
DA:26,15
DA:28,15
DA:29,2
DA:30,2
DA:33,15
DA:34,0
DA:35,0
DA:38,15
DA:39,2
DA:40,2
DA:41,2
DA:44,15
LF:14
LH:12
BRDA:15,0,0,0
BRDA:16,1,0,0
BRDA:17,2,0,0
BRDA:40,3,0,2
BRDA:40,3,1,0
BRF:5
BRH:1
end_of_record
TN:
SF:src/components/AlertMessage.js
FN:7,Alert
FN:11,AlertMessage
FN:15,(anonymous_2)
FN:19,(anonymous_3)
FNF:4
FNH:3
FNDA:2,Alert
FNDA:6,AlertMessage
FNDA:3,(anonymous_2)
FNDA:0,(anonymous_3)
DA:7,3
DA:8,2
DA:12,6
DA:13,6
DA:15,6
DA:16,3
DA:19,6
DA:20,0
DA:21,0
DA:24,0
DA:27,6
LF:11
LH:8
BRDA:16,0,0,1
BRDA:16,0,1,2
BRDA:20,1,0,0
BRDA:20,1,1,0
BRDA:35,2,0,6
BRDA:35,2,1,6
BRF:6
BRH:4
end_of_record
TN:
SF:src/components/ArtworkDisplay.js
FN:13,(anonymous_0)
FN:22,ArtworkDisplay
FN:25,(anonymous_2)
FN:29,(anonymous_3)
FN:33,(anonymous_4)
FN:41,(anonymous_5)
FN:46,(anonymous_6)
FNF:7
FNH:2
FNDA:0,(anonymous_0)
FNDA:2,ArtworkDisplay
FNDA:0,(anonymous_2)
FNDA:0,(anonymous_3)
FNDA:0,(anonymous_4)
FNDA:0,(anonymous_5)
FNDA:2,(anonymous_6)
DA:13,2
DA:14,0
DA:23,2
DA:25,2
DA:26,0
DA:29,2
DA:30,0
DA:31,0
DA:33,0
DA:34,0
DA:41,0
DA:42,0
DA:46,2
DA:47,2
DA:51,2
DA:52,0
DA:74,2
LF:17
LH:8
BRDA:47,0,0,0
BRDA:47,0,1,2
BRDA:51,1,0,0
BRDA:51,1,1,2
BRDA:75,2,0,2
BRDA:75,2,1,0
BRF:6
BRH:3
end_of_record
TN:
SF:src/components/AssetForm.js
FN:21,AssetForm
FN:125,(anonymous_1)
FN:137,(anonymous_2)
FN:188,(anonymous_3)
FN:192,(anonymous_4)
FN:207,(anonymous_5)
FN:219,(anonymous_6)
FNF:7
FNH:7
FNDA:18,AssetForm
FNDA:20,(anonymous_1)
FNDA:60,(anonymous_2)
FNDA:18,(anonymous_3)
FNDA:20,(anonymous_4)
FNDA:20,(anonymous_5)
FNDA:80,(anonymous_6)
DA:34,18
DA:126,20
DA:138,60
DA:189,18
DA:192,20
DA:208,20
DA:220,80
LF:7
LH:7
BRDA:31,0,0,9
BRDA:79,1,0,18
BRDA:79,1,1,9
BRDA:80,2,0,0
BRDA:80,2,1,9
BRDA:98,3,0,18
BRDA:98,3,1,9
BRDA:114,4,0,2
BRDA:114,4,1,16
BRDA:135,5,0,2
BRDA:135,5,1,18
BRDA:160,6,0,0
BRDA:160,6,1,18
BRDA:175,7,0,0
BRDA:175,7,1,18
BRDA:193,8,0,0
BRDA:193,8,1,18
BRDA:217,9,0,2
BRDA:217,9,1,18
BRDA:241,10,0,2
BRDA:241,10,1,16
BRDA:254,11,0,2
BRDA:254,11,1,16
BRF:23
BRH:19
end_of_record
TN:
SF:src/components/AssetsList.js
FN:27,AssetsList
FN:44,(anonymous_1)
FN:49,(anonymous_2)
FN:56,(anonymous_3)
FN:62,(anonymous_4)
FN:65,(anonymous_5)
FN:72,(anonymous_6)
FN:76,(anonymous_7)
FN:81,(anonymous_8)
FN:84,(anonymous_9)
FN:90,(anonymous_10)
FN:116,(anonymous_11)
FN:165,(anonymous_12)
FN:173,(anonymous_13)
FNF:14
FNH:8
FNDA:12,AssetsList
FNDA:7,(anonymous_1)
FNDA:8,(anonymous_2)
FNDA:5,(anonymous_3)
FNDA:6,(anonymous_4)
FNDA:1,(anonymous_5)
FNDA:1,(anonymous_6)
FNDA:0,(anonymous_7)
FNDA:0,(anonymous_8)
FNDA:0,(anonymous_9)
FNDA:0,(anonymous_10)
FNDA:5,(anonymous_11)
FNDA:0,(anonymous_12)
FNDA:0,(anonymous_13)
DA:37,12
DA:38,12
DA:39,12
DA:40,12
DA:41,12
DA:42,12
DA:44,12
DA:45,7
DA:49,12
DA:50,8
DA:51,8
DA:52,8
DA:54,8
DA:57,5
DA:59,5
DA:60,5
DA:61,5
DA:62,6
DA:63,5
DA:66,1
DA:67,1
DA:68,1
DA:72,12
DA:73,1
DA:76,12
DA:77,0
DA:78,0
DA:81,12
DA:82,0
DA:85,0
DA:86,0
DA:87,0
DA:88,0
DA:91,0
DA:92,0
DA:93,0
DA:97,12
DA:117,5
DA:165,0
DA:173,0
LF:40
LH:28
BRDA:33,0,0,5
BRDA:34,1,0,9
BRDA:49,2,0,7
BRDA:49,3,0,8
BRDA:51,4,0,4
BRDA:51,4,1,4
BRDA:52,5,0,2
BRDA:52,5,1,6
BRDA:61,6,0,0
BRDA:61,6,1,5
BRDA:98,7,0,3
BRDA:98,7,1,9
BRDA:100,8,0,12
BRDA:100,8,1,7
BRDA:101,9,0,12
BRDA:101,9,1,4
BRDA:113,10,0,7
BRDA:113,10,1,5
BRDA:132,11,0,5
BRDA:132,11,1,0
BRDA:153,12,0,5
BRDA:153,12,1,5
BRDA:185,13,0,12
BRDA:185,13,1,10
BRDA:185,13,2,3
BRF:25
BRH:23
end_of_record
TN:
SF:src/components/BackButton.js
FN:6,(anonymous_0)
FN:9,(anonymous_1)
FNF:2
FNH:1
FNDA:4,(anonymous_0)
FNDA:0,(anonymous_1)
DA:6,2
DA:7,4
DA:9,4
DA:10,0
DA:13,4
LF:5
LH:4
BRDA:13,0,0,4
BRDA:13,0,1,0
BRDA:13,1,0,4
BRDA:13,1,1,0
BRDA:13,1,2,0
BRF:5
BRH:2
end_of_record
TN:
SF:src/components/CollectionForm.js
FN:33,CollectionForm
FN:112,(anonymous_1)
FN:124,(anonymous_2)
FN:175,(anonymous_3)
FN:179,(anonymous_4)
FN:194,(anonymous_5)
FN:204,(anonymous_6)
FN:206,(anonymous_7)
FN:213,(anonymous_8)
FNF:9
FNH:9
FNDA:14,CollectionForm
FNDA:16,(anonymous_1)
FNDA:48,(anonymous_2)
FNDA:14,(anonymous_3)
FNDA:16,(anonymous_4)
FNDA:14,(anonymous_5)
FNDA:5,(anonymous_6)
FNDA:15,(anonymous_7)
FNDA:56,(anonymous_8)
DA:22,3
DA:23,3
DA:24,3
DA:47,14
DA:113,16
DA:125,48
DA:176,14
DA:179,16
DA:195,14
DA:205,5
DA:207,15
DA:214,56
LF:12
LH:12
BRDA:45,0,0,6
BRDA:101,1,0,2
BRDA:101,1,1,12
BRDA:122,2,0,2
BRDA:122,2,1,14
BRDA:147,3,0,0
BRDA:147,3,1,14
BRDA:162,4,0,0
BRDA:162,4,1,14
BRDA:180,5,0,0
BRDA:180,5,1,14
BRDA:211,6,0,0
BRDA:211,6,1,14
BRDA:235,7,0,2
BRDA:235,7,1,12
BRDA:248,8,0,2
BRDA:248,8,1,12
BRF:17
BRH:13
end_of_record
TN:
SF:src/components/CollectionSummary.js
FN:16,CollectionSummary
FN:26,(anonymous_1)
FN:29,(anonymous_2)
FN:35,(anonymous_3)
FN:107,(anonymous_4)
FN:125,(anonymous_5)
FNF:6
FNH:5
FNDA:24,CollectionSummary
FNDA:1,(anonymous_1)
FNDA:1,(anonymous_2)
FNDA:0,(anonymous_3)
FNDA:1,(anonymous_4)
FNDA:42,(anonymous_5)
DA:23,24
DA:24,24
DA:26,24
DA:27,1
DA:30,1
DA:31,1
DA:32,1
DA:33,1
DA:36,0
DA:37,0
DA:38,0
DA:42,24
DA:107,1
DA:126,42
LF:14
LH:11
BRDA:20,0,0,6
BRDA:21,1,0,0
BRDA:44,2,0,24
BRDA:44,2,1,10
BRDA:45,3,0,24
BRDA:45,3,1,14
BRDA:47,4,0,14
BRDA:47,4,1,3
BRDA:87,5,0,14
BRDA:87,5,1,3
BRDA:87,5,2,3
BRF:11
BRH:10
end_of_record
TN:
SF:src/components/Footer.js
FN:7,Footer
FNF:1
FNH:1
FNDA:4,Footer
DA:8,4
LF:1
LH:1
BRF:0
BRH:0
end_of_record
TN:
SF:src/components/GenerateBar.js
FN:18,GenerateBar
FN:28,(anonymous_1)
FN:30,(anonymous_2)
FN:34,(anonymous_3)
FN:40,(anonymous_4)
FN:48,(anonymous_5)
FN:57,(anonymous_6)
FN:61,(anonymous_7)
FN:68,(anonymous_8)
FN:97,(anonymous_9)
FN:111,(anonymous_10)
FNF:11
FNH:4
FNDA:2,GenerateBar
FNDA:8,(anonymous_1)
FNDA:0,(anonymous_2)
FNDA:0,(anonymous_3)
FNDA:0,(anonymous_4)
FNDA:0,(anonymous_5)
FNDA:2,(anonymous_6)
FNDA:0,(anonymous_7)
FNDA:0,(anonymous_8)
FNDA:12,(anonymous_9)
FNDA:0,(anonymous_10)
DA:19,2
DA:20,2
DA:21,2
DA:22,2
DA:23,2
DA:24,2
DA:25,2
DA:26,2
DA:28,8
DA:30,2
DA:31,0
DA:34,2
DA:35,0
DA:36,0
DA:38,0
DA:41,0
DA:42,0
DA:43,0
DA:44,0
DA:45,0
DA:46,0
DA:49,0
DA:50,0
DA:51,0
DA:52,0
DA:53,0
DA:57,2
DA:58,2
DA:59,0
DA:62,0
DA:64,0
DA:65,0
DA:69,0
DA:70,0
DA:75,2
DA:98,12
DA:111,0
LF:37
LH:15
BRDA:28,0,0,8
BRDA:28,0,1,0
BRDA:49,1,0,0
BRDA:49,1,1,0
BRDA:58,2,0,0
BRDA:58,2,1,2
BRDA:64,3,0,0
BRDA:64,3,1,0
BRDA:95,4,0,2
BRDA:95,4,1,0
BRDA:112,5,0,2
BRDA:112,5,1,0
BRDA:114,6,0,2
BRDA:114,6,1,0
BRDA:118,7,0,2
BRDA:118,7,1,0
BRDA:119,8,0,2
BRDA:119,8,1,2
BRF:18
BRH:8
end_of_record
TN:
SF:src/components/LoadingSkeletons.js
FN:6,LoadingSkeletons
FN:10,(anonymous_1)
FNF:2
FNH:2
FNDA:15,LoadingSkeletons
FNDA:112,(anonymous_1)
DA:7,15
DA:11,112
LF:2
LH:2
BRF:0
BRH:0
end_of_record
TN:
SF:src/components/LoginPopup.js
FN:22,LoginPopup
FN:26,(anonymous_1)
FN:30,(anonymous_2)
FN:34,(anonymous_3)
FN:37,(anonymous_4)
FN:43,(anonymous_5)
FN:48,(anonymous_6)
FNF:7
FNH:5
FNDA:10,LoginPopup
FNDA:2,(anonymous_1)
FNDA:0,(anonymous_2)
FNDA:2,(anonymous_3)
FNDA:1,(anonymous_4)
FNDA:0,(anonymous_5)
FNDA:1,(anonymous_6)
DA:23,10
DA:24,10
DA:26,10
DA:27,2
DA:30,10
DA:31,0
DA:34,10
DA:35,2
DA:38,1
DA:39,1
DA:40,1
DA:41,1
DA:43,1
DA:44,0
DA:45,0
DA:49,1
DA:50,1
DA:51,1
DA:52,1
DA:60,10
DA:65,10
LF:21
LH:18
BRDA:49,0,0,1
BRDA:49,0,1,1
BRDA:96,1,0,0
BRDA:96,1,1,10
BRDA:110,2,0,0
BRDA:110,2,1,10
BRF:6
BRH:4
end_of_record
TN:
SF:src/components/Logout.js
FN:7,Logout
FN:10,(anonymous_1)
FN:14,(anonymous_2)
FNF:3
FNH:2
FNDA:1,Logout
FNDA:1,(anonymous_1)
FNDA:0,(anonymous_2)
DA:8,1
DA:10,1
DA:11,1
DA:12,1
DA:14,1
DA:17,1
LF:6
LH:6
BRF:0
BRH:0
end_of_record
TN:
SF:src/components/MessagesBadge.js
FN:16,(anonymous_0)
FN:29,MessagesBadge
FN:36,(anonymous_2)
FN:40,(anonymous_3)
FN:44,(anonymous_4)
FN:56,(anonymous_5)
FN:67,(anonymous_6)
FN:71,(anonymous_7)
FN:79,(anonymous_8)
FN:82,(anonymous_9)
FN:96,(anonymous_10)
FN:110,(anonymous_11)
FN:112,(anonymous_12)
FN:119,(anonymous_13)
FN:121,(anonymous_14)
FNF:15
FNH:4
FNDA:4,(anonymous_0)
FNDA:4,MessagesBadge
FNDA:0,(anonymous_2)
FNDA:0,(anonymous_3)
FNDA:0,(anonymous_4)
FNDA:0,(anonymous_5)
FNDA:0,(anonymous_6)
FNDA:0,(anonymous_7)
FNDA:0,(anonymous_8)
FNDA:0,(anonymous_9)
FNDA:0,(anonymous_10)
FNDA:4,(anonymous_11)
FNDA:0,(anonymous_12)
FNDA:4,(anonymous_13)
FNDA:0,(anonymous_14)
DA:16,2
DA:17,4
DA:18,4
DA:22,4
DA:24,0
DA:25,0
DA:30,4
DA:31,4
DA:33,4
DA:34,4
DA:36,4
DA:37,0
DA:40,4
DA:41,0
DA:44,4
DA:45,0
DA:46,0
DA:50,0
DA:52,0
DA:56,4
DA:57,0
DA:58,0
DA:60,0
DA:61,0
DA:63,0
DA:67,4
DA:68,0
DA:69,0
DA:71,0
DA:72,0
DA:73,0
DA:75,0
DA:79,4
DA:80,0
DA:82,0
DA:84,0
DA:95,0
DA:96,0
DA:110,4
DA:111,4
DA:112,2
DA:113,0
DA:114,0
DA:115,0
DA:119,4
DA:120,4
DA:121,2
DA:122,0
DA:128,4
LF:49
LH:21
BRDA:18,0,0,0
BRDA:18,0,1,4
BRDA:46,1,0,0
BRDA:46,1,1,0
BRDA:84,2,0,0
BRDA:84,2,1,0
BRDA:98,3,0,0
BRDA:98,3,1,0
BRDA:111,4,0,2
BRDA:111,4,1,2
BRDA:120,5,0,2
BRDA:120,5,1,2
BRDA:133,6,0,0
BRDA:133,6,1,4
BRDA:135,7,0,0
BRDA:135,7,1,0
BRDA:145,8,0,0
BRDA:145,8,1,4
BRDA:147,9,0,0
BRDA:147,9,1,4
BRDA:149,10,0,0
BRDA:149,10,1,4
BRDA:159,11,0,4
BRDA:159,11,1,0
BRF:24
BRH:10
end_of_record
TN:
SF:src/components/NFTCollectionsList.js
FN:20,NFTCollectionsList
FN:34,(anonymous_1)
FN:39,(anonymous_2)
FN:47,(anonymous_3)
FN:56,(anonymous_4)
FN:64,(anonymous_5)
FN:68,(anonymous_6)
FN:73,(anonymous_7)
FN:76,(anonymous_8)
FN:82,(anonymous_9)
FN:99,(anonymous_10)
FN:126,(anonymous_11)
FN:150,(anonymous_12)
FN:159,(anonymous_13)
FNF:14
FNH:8
FNDA:13,NFTCollectionsList
FNDA:8,(anonymous_1)
FNDA:9,(anonymous_2)
FNDA:5,(anonymous_3)
FNDA:2,(anonymous_4)
FNDA:1,(anonymous_5)
FNDA:0,(anonymous_6)
FNDA:0,(anonymous_7)
FNDA:0,(anonymous_8)
FNDA:0,(anonymous_9)
FNDA:4,(anonymous_10)
FNDA:9,(anonymous_11)
FNDA:0,(anonymous_12)
FNDA:0,(anonymous_13)
DA:27,13
DA:28,13
DA:29,13
DA:30,13
DA:31,13
DA:32,13
DA:34,13
DA:35,8
DA:39,13
DA:40,9
DA:43,9
DA:45,9
DA:48,5
DA:50,5
DA:51,5
DA:52,5
DA:53,5
DA:54,5
DA:57,2
DA:58,2
DA:59,2
DA:60,2
DA:64,13
DA:65,1
DA:68,13
DA:69,0
DA:70,0
DA:73,13
DA:74,0
DA:77,0
DA:78,0
DA:79,0
DA:80,0
DA:83,0
DA:84,0
DA:85,0
DA:89,13
DA:100,4
DA:127,9
DA:150,0
DA:159,0
LF:41
LH:29
BRDA:39,0,0,8
BRDA:39,1,0,9
BRDA:41,2,0,9
BRDA:41,2,1,7
BRDA:43,3,0,4
BRDA:43,3,1,5
BRDA:52,4,0,0
BRDA:52,4,1,5
BRDA:65,5,0,1
BRDA:65,5,1,1
BRDA:91,6,0,13
BRDA:91,6,1,6
BRDA:93,7,0,8
BRDA:93,7,1,5
BRDA:95,8,0,8
BRDA:95,8,1,6
BRDA:138,9,0,4
BRDA:138,9,1,0
BRDA:171,10,0,13
BRDA:171,10,1,6
BRDA:171,10,2,3
BRF:21
BRH:19
end_of_record
TN:
SF:src/components/PageSearchBar.js
FN:9,PageSearchBar
FNF:1
FNH:1
FNDA:15,PageSearchBar
DA:10,15
LF:1
LH:1
BRDA:15,0,0,2
BRDA:15,0,1,13
BRF:2
BRH:2
end_of_record
TN:
SF:src/components/SearchResultsList.js
FN:21,SearchResultsList
FN:38,(anonymous_1)
FN:65,(anonymous_2)
FN:99,(anonymous_3)
FNF:4
FNH:1
FNDA:2,SearchResultsList
FNDA:0,(anonymous_1)
FNDA:0,(anonymous_2)
FNDA:0,(anonymous_3)
DA:22,2
DA:39,0
DA:66,0
DA:100,0
LF:4
LH:1
BRDA:24,0,0,2
BRDA:24,0,1,0
BRDA:32,1,0,0
BRDA:32,1,1,2
BRDA:35,2,0,2
BRDA:35,2,1,0
BRDA:86,3,0,2
BRDA:86,3,1,0
BRDA:93,4,0,0
BRDA:93,4,1,2
BRDA:96,5,0,2
BRDA:96,5,1,0
BRDA:115,6,0,0
BRDA:115,6,1,0
BRF:14
BRH:6
end_of_record
TN:
SF:src/components/SignUpPopup.js
FN:19,SignUpPopup
FN:23,(anonymous_1)
FN:27,(anonymous_2)
FN:31,(anonymous_3)
FN:34,(anonymous_4)
FN:40,(anonymous_5)
FN:44,(anonymous_6)
FNF:7
FNH:1
FNDA:11,SignUpPopup
FNDA:0,(anonymous_1)
FNDA:0,(anonymous_2)
FNDA:0,(anonymous_3)
FNDA:0,(anonymous_4)
FNDA:0,(anonymous_5)
FNDA:0,(anonymous_6)
DA:20,11
DA:21,11
DA:23,11
DA:24,0
DA:27,11
DA:28,0
DA:31,11
DA:32,0
DA:35,0
DA:36,0
DA:37,0
DA:38,0
DA:40,0
DA:41,0
DA:45,0
DA:46,0
DA:47,0
DA:48,0
DA:56,11
DA:71,11
LF:20
LH:7
BRDA:45,0,0,0
BRDA:45,0,1,0
BRDA:80,1,0,11
BRDA:80,1,1,4
BRDA:110,2,0,0
BRDA:110,2,1,11
BRDA:124,3,0,0
BRDA:124,3,1,11
BRDA:141,4,0,0
BRDA:141,4,1,11
BRDA:155,5,0,0
BRDA:155,5,1,11
BRDA:173,6,0,0
BRDA:173,6,1,11
BRDA:187,7,0,0
BRDA:187,7,1,11
BRDA:201,8,0,0
BRDA:201,8,1,11
BRF:18
BRH:9
end_of_record
TN:
SF:src/components/SocketConnect.js
FN:4,SocketConnect
FN:7,(anonymous_1)
FN:12,(anonymous_2)
FNF:3
FNH:3
FNDA:5,SocketConnect
FNDA:2,(anonymous_1)
FNDA:2,(anonymous_2)
DA:5,5
DA:7,4
DA:8,2
DA:9,2
DA:10,2
DA:12,2
DA:13,2
DA:14,2
DA:18,4
LF:9
LH:9
BRF:0
BRH:0
end_of_record
TN:
SF:src/components/TopNav.js
FN:16,TopNav
FNF:1
FNH:1
FNDA:4,TopNav
DA:17,4
DA:19,4
LF:2
LH:2
BRDA:51,0,0,0
BRDA:51,0,1,4
BRDA:52,1,0,4
BRDA:52,1,1,0
BRF:4
BRH:2
end_of_record
TN:
SF:src/components/TopSlogan.js
FN:10,TopSlogan
FN:21,(anonymous_1)
FNF:2
FNH:1
FNDA:9,TopSlogan
FNDA:0,(anonymous_1)
DA:19,9
DA:21,9
DA:22,0
DA:24,0
DA:27,9
LF:5
LH:3
BRDA:24,0,0,0
BRDA:24,0,1,0
BRDA:39,1,0,9
BRDA:39,1,1,9
BRDA:44,2,0,9
BRDA:44,2,1,2
BRDA:50,3,0,9
BRDA:50,3,1,7
BRDA:55,4,0,9
BRDA:55,4,1,0
BRDA:60,5,0,9
BRDA:60,5,1,7
BRF:12
BRH:9
end_of_record
TN:
SF:src/components/UserSummary.js
FN:12,UserSummary
FNF:1
FNH:1
FNDA:20,UserSummary
DA:13,20
LF:1
LH:1
BRDA:12,0,0,6
BRDA:12,1,0,0
BRDA:15,2,0,20
BRDA:15,2,1,8
BRDA:16,3,0,20
BRDA:16,3,1,17
BRDA:18,4,0,17
BRDA:18,4,1,3
BRDA:54,5,0,17
BRDA:54,5,1,0
BRDA:75,6,0,17
BRDA:75,6,1,0
BRF:12
BRH:9
end_of_record
TN:
SF:src/components/WalletConnect.js
FN:17,Transition
FN:21,WalletConnect
FN:26,(anonymous_2)
FN:31,(anonymous_3)
FN:36,(anonymous_4)
FN:46,(anonymous_5)
FN:52,(anonymous_6)
FN:53,fetchWallet
FN:61,(anonymous_8)
FNF:9
FNH:4
FNDA:0,Transition
FNDA:4,WalletConnect
FNDA:0,(anonymous_2)
FNDA:0,(anonymous_3)
FNDA:2,(anonymous_4)
FNDA:0,(anonymous_5)
FNDA:2,(anonymous_6)
FNDA:2,fetchWallet
FNDA:0,(anonymous_8)
DA:17,2
DA:18,0
DA:22,4
DA:23,4
DA:24,4
DA:26,4
DA:27,0
DA:28,0
DA:31,4
DA:32,0
DA:33,0
DA:36,4
DA:37,2
DA:39,2
DA:40,0
DA:42,2
DA:46,4
DA:47,0
DA:48,0
DA:49,0
DA:52,4
DA:54,2
DA:55,2
DA:56,2
DA:58,2
DA:60,2
DA:61,0
DA:62,0
DA:63,0
DA:64,0
DA:70,4
LF:31
LH:18
BRDA:39,0,0,0
BRDA:39,0,1,2
BRDA:60,1,0,0
BRDA:60,1,1,2
BRDA:62,2,0,0
BRDA:62,2,1,0
BRDA:70,3,0,0
BRDA:70,3,1,4
BRF:8
BRH:3
end_of_record
TN:
SF:src/lib/AlertMessageContext.js
FN:5,(anonymous_0)
FNF:1
FNH:1
FNDA:11,(anonymous_0)
DA:3,15
DA:7,15
LF:2
LH:2
BRF:0
BRH:0
end_of_record
TN:
SF:src/lib/CurrentUserContext.js
FNF:0
FNH:0
DA:3,10
DA:4,10
LF:2
LH:2
BRF:0
BRH:0
end_of_record
TN:
SF:src/lib/SocketContext.js
FNF:0
FNH:0
DA:3,4
DA:4,4
LF:2
LH:2
BRF:0
BRH:0
end_of_record
TN:
SF:src/lib/axiosClient.js
FNF:0
FNH:0
DA:3,13
LF:1
LH:1
BRDA:7,0,0,0
BRDA:7,0,1,13
BRF:2
BRH:1
end_of_record
TN:
SF:src/lib/dataConstants.js
FNF:0
FNH:0
DA:1,13
DA:2,13
DA:4,13
DA:6,13
DA:8,13
DA:15,13
DA:24,13
LF:7
LH:7
BRF:0
BRH:0
end_of_record
TN:
SF:src/lib/nftInteraction.js
FN:20,(anonymous_0)
FN:43,(anonymous_1)
FNF:2
FNH:1
FNDA:0,(anonymous_0)
FNDA:2,(anonymous_1)
DA:1,2
DA:20,2
DA:21,0
DA:22,0
DA:23,0
DA:26,0
DA:30,0
DA:32,0
DA:39,0
DA:43,2
DA:44,2
DA:45,0
DA:46,0
DA:49,0
DA:50,0
DA:55,0
DA:61,0
DA:68,2
LF:18
LH:5
BRDA:21,0,0,0
BRDA:21,0,1,0
BRDA:44,1,0,0
BRDA:44,1,1,2
BRDA:49,2,0,0
BRDA:49,2,1,0
BRF:6
BRH:1
end_of_record
TN:
SF:src/lib/testHelper.js
FNF:0
FNH:0
DA:1,8
DA:16,8
DA:33,8
LF:3
LH:3
BRF:0
BRH:0
end_of_record
TN:
SF:src/lib/useCurrentUser.js
FN:4,(anonymous_0)
FN:7,(anonymous_1)
FN:11,(anonymous_2)
FN:14,(anonymous_3)
FNF:4
FNH:2
FNDA:4,(anonymous_0)
FNDA:2,(anonymous_1)
FNDA:0,(anonymous_2)
FNDA:0,(anonymous_3)
DA:4,2
DA:5,4
DA:7,4
DA:8,2
DA:9,0
DA:12,0
DA:15,0
DA:16,0
DA:21,4
LF:9
LH:5
BRDA:8,0,0,0
BRDA:8,0,1,2
BRF:2
BRH:1
end_of_record
TN:
SF:src/lib/utils.js
FN:1,(anonymous_0)
FNF:1
FNH:0
FNDA:0,(anonymous_0)
DA:1,2
DA:2,0
LF:2
LH:1
BRF:0
BRH:0
end_of_record
TN:
SF:src/lib/validations.js
FNF:0
FNH:0
DA:4,10
DA:15,10
DA:26,10
DA:31,10
LF:4
LH:4
BRF:0
BRH:0
end_of_record
TN:
SF:src/pages/AICreatorPage.js
FN:7,AICreatorPage
FNF:1
FNH:1
FNDA:2,AICreatorPage
DA:8,2
LF:1
LH:1
BRF:0
BRH:0
end_of_record
TN:
SF:src/pages/EditAssetPage.js
FN:24,EditAssetPage
FN:44,(anonymous_1)
FN:47,(anonymous_2)
FN:51,(anonymous_3)
FN:58,(anonymous_4)
FN:61,(anonymous_5)
FN:64,(anonymous_6)
FN:70,(anonymous_7)
FN:74,(anonymous_8)
FN:79,(anonymous_9)
FN:85,(anonymous_10)
FNF:11
FNH:10
FNDA:10,EditAssetPage
FNDA:4,(anonymous_1)
FNDA:3,(anonymous_2)
FNDA:1,(anonymous_3)
FNDA:4,(anonymous_4)
FNDA:3,(anonymous_5)
FNDA:1,(anonymous_6)
FNDA:1,(anonymous_7)
FNDA:1,(anonymous_8)
FNDA:1,(anonymous_9)
FNDA:0,(anonymous_10)
DA:13,2
DA:25,10
DA:26,10
DA:27,9
DA:28,9
DA:29,9
DA:30,9
DA:31,9
DA:39,9
DA:44,9
DA:45,4
DA:48,3
DA:49,3
DA:52,1
DA:53,1
DA:54,1
DA:58,9
DA:59,4
DA:62,3
DA:65,1
DA:66,1
DA:70,9
DA:71,1
DA:74,9
DA:75,1
DA:77,1
DA:80,1
DA:81,1
DA:82,1
DA:83,1
DA:86,0
DA:87,0
DA:88,0
DA:89,0
DA:90,0
DA:94,9
LF:36
LH:31
BRDA:86,0,0,0
BRDA:86,0,1,0
BRF:2
BRH:0
end_of_record
TN:
SF:src/pages/EditCollectionPage.js
FN:24,EditCollectionPage
FN:43,(anonymous_1)
FN:46,(anonymous_2)
FN:50,(anonymous_3)
FN:57,(anonymous_4)
FN:61,(anonymous_5)
FN:66,(anonymous_6)
FN:72,(anonymous_7)
FNF:8
FNH:7
FNDA:9,EditCollectionPage
FNDA:4,(anonymous_1)
FNDA:3,(anonymous_2)
FNDA:1,(anonymous_3)
FNDA:1,(anonymous_4)
FNDA:1,(anonymous_5)
FNDA:1,(anonymous_6)
FNDA:0,(anonymous_7)
DA:13,2
DA:25,9
DA:26,9
DA:27,8
DA:28,8
DA:29,8
DA:30,8
DA:38,8
DA:43,8
DA:44,4
DA:47,3
DA:48,3
DA:51,1
DA:52,1
DA:53,1
DA:57,8
DA:58,1
DA:61,8
DA:62,1
DA:64,1
DA:67,1
DA:68,1
DA:69,1
DA:70,1
DA:73,0
DA:74,0
DA:75,0
DA:76,0
DA:77,0
DA:81,8
LF:30
LH:25
BRDA:73,0,0,0
BRDA:73,0,1,0
BRF:2
BRH:0
end_of_record
TN:
SF:src/pages/ErrorPage.js
FN:3,ErrorPage
FNF:1
FNH:1
FNDA:1,ErrorPage
DA:4,1
DA:5,1
DA:7,1
LF:3
LH:3
BRDA:13,0,0,1
BRDA:13,0,1,1
BRF:2
BRH:2
end_of_record
TN:
SF:src/pages/ExplorePage.js
FN:14,ExplorePage
FN:23,(anonymous_1)
FN:33,(anonymous_2)
FN:39,(anonymous_3)
FN:48,(anonymous_4)
FN:55,(anonymous_5)
FNF:6
FNH:1
FNDA:2,ExplorePage
FNDA:0,(anonymous_1)
FNDA:0,(anonymous_2)
FNDA:0,(anonymous_3)
FNDA:0,(anonymous_4)
FNDA:0,(anonymous_5)
DA:15,2
DA:16,2
DA:17,2
DA:18,2
DA:19,2
DA:20,2
DA:21,2
DA:23,2
DA:24,0
DA:25,0
DA:27,0
DA:30,0
DA:32,0
DA:34,0
DA:35,0
DA:36,0
DA:37,0
DA:40,0
DA:41,0
DA:42,0
DA:43,0
DA:44,0
DA:48,2
DA:49,0
DA:50,0
DA:51,0
DA:52,0
DA:55,2
DA:56,0
DA:59,2
LF:30
LH:11
BRDA:21,0,0,2
BRDA:21,0,1,2
BRDA:68,1,0,0
BRDA:68,1,1,2
BRDA:76,2,0,2
BRDA:76,2,1,0
BRDA:77,3,0,2
BRDA:77,3,1,0
BRDA:86,4,0,0
BRDA:86,4,1,0
BRDA:90,5,0,0
BRDA:90,5,1,0
BRF:12
BRH:5
end_of_record
TN:
SF:src/pages/HomePage.js
FN:5,HomePage
FNF:1
FNH:1
FNDA:6,HomePage
DA:6,6
LF:1
LH:1
BRF:0
BRH:0
end_of_record
TN:
SF:src/pages/NewAssetPage.js
FN:24,NewAssetPage
FN:34,(anonymous_1)
FN:53,(anonymous_2)
FN:56,(anonymous_3)
FN:60,(anonymous_4)
FN:67,(anonymous_5)
FN:71,(anonymous_6)
FN:81,(anonymous_7)
FN:94,(anonymous_8)
FNF:9
FNH:7
FNDA:9,NewAssetPage
FNDA:9,(anonymous_1)
FNDA:3,(anonymous_2)
FNDA:3,(anonymous_3)
FNDA:0,(anonymous_4)
FNDA:1,(anonymous_5)
FNDA:1,(anonymous_6)
FNDA:1,(anonymous_7)
FNDA:0,(anonymous_8)
DA:13,2
DA:25,9
DA:26,9
DA:27,9
DA:28,9
DA:29,9
DA:30,9
DA:31,9
DA:32,9
DA:34,9
DA:35,9
DA:37,9
DA:38,9
DA:40,9
DA:48,9
DA:53,9
DA:54,3
DA:57,3
DA:58,3
DA:61,0
DA:62,0
DA:63,0
DA:67,9
DA:68,1
DA:71,9
DA:72,1
DA:82,1
DA:83,1
DA:84,1
DA:86,1
DA:92,1
DA:95,0
DA:96,0
DA:97,0
DA:98,0
DA:102,9
LF:36
LH:29
BRDA:37,0,0,0
BRDA:37,0,1,9
BRDA:38,1,0,0
BRDA:38,1,1,9
BRDA:86,2,0,1
BRDA:86,2,1,0
BRDA:92,3,0,0
BRDA:92,3,1,1
BRDA:95,4,0,0
BRDA:95,4,1,0
BRF:10
BRH:4
end_of_record
TN:
SF:src/pages/NewCollectionPage.js
FN:24,NewCollectionPage
FN:41,(anonymous_1)
FN:45,(anonymous_2)
FN:50,(anonymous_3)
FN:62,(anonymous_4)
FNF:5
FNH:4
FNDA:6,NewCollectionPage
FNDA:1,(anonymous_1)
FNDA:1,(anonymous_2)
FNDA:1,(anonymous_3)
FNDA:0,(anonymous_4)
DA:13,2
DA:25,6
DA:26,6
DA:27,6
DA:28,6
DA:29,6
DA:36,6
DA:41,6
DA:42,1
DA:45,6
DA:46,1
DA:48,1
DA:51,1
DA:52,1
DA:53,1
DA:54,1
DA:60,1
DA:63,0
DA:64,0
DA:65,0
DA:66,0
DA:67,0
DA:71,6
LF:23
LH:18
BRDA:54,0,0,1
BRDA:54,0,1,0
BRDA:63,1,0,0
BRDA:63,1,1,0
BRF:4
BRH:1
end_of_record
TN:
SF:src/pages/SingleAssetPage.js
FN:25,(anonymous_0)
FN:78,SingleCollectionPage
FN:88,(anonymous_2)
FN:91,(anonymous_3)
FN:95,(anonymous_4)
FN:102,(anonymous_5)
FN:106,(anonymous_6)
FN:109,(anonymous_7)
FN:116,(anonymous_8)
FN:119,(anonymous_9)
FN:126,(anonymous_10)
FN:129,(anonymous_11)
FN:135,(anonymous_12)
FN:223,(anonymous_13)
FN:275,(anonymous_14)
FNF:15
FNH:12
FNDA:18,(anonymous_0)
FNDA:7,SingleCollectionPage
FNDA:3,(anonymous_2)
FNDA:2,(anonymous_3)
FNDA:1,(anonymous_4)
FNDA:5,(anonymous_5)
FNDA:2,(anonymous_6)
FNDA:0,(anonymous_7)
FNDA:2,(anonymous_8)
FNDA:0,(anonymous_9)
FNDA:1,(anonymous_10)
FNDA:1,(anonymous_11)
FNDA:0,(anonymous_12)
FNDA:1,(anonymous_13)
FNDA:18,(anonymous_14)
DA:25,2
DA:26,18
DA:27,0
DA:47,18
DA:51,0
DA:52,18
DA:53,0
DA:58,18
DA:59,0
DA:75,18
DA:79,7
DA:80,7
DA:81,6
DA:82,6
DA:83,6
DA:84,6
DA:85,6
DA:86,6
DA:88,6
DA:89,3
DA:92,2
DA:93,2
DA:96,1
DA:97,1
DA:98,1
DA:102,6
DA:103,5
DA:104,2
DA:107,2
DA:110,0
DA:111,0
DA:114,2
DA:117,2
DA:120,0
DA:121,0
DA:126,6
DA:127,1
DA:130,1
DA:131,1
DA:132,1
DA:133,1
DA:136,0
DA:137,0
DA:138,0
DA:142,6
DA:223,1
DA:276,18
LF:47
LH:36
BRDA:26,0,0,0
BRDA:26,0,1,18
BRDA:35,1,0,0
BRDA:35,1,1,0
BRDA:37,2,0,0
BRDA:37,2,1,0
BRDA:44,3,0,0
BRDA:44,3,1,0
BRDA:47,4,0,0
BRDA:47,4,1,18
BRDA:48,5,0,18
BRDA:48,5,1,0
BRDA:52,6,0,0
BRDA:52,6,1,18
BRDA:52,7,0,18
BRDA:52,7,1,0
BRDA:58,8,0,0
BRDA:58,8,1,18
BRDA:58,9,0,18
BRDA:58,9,1,0
BRDA:103,10,0,2
BRDA:103,10,1,3
BRDA:144,11,0,6
BRDA:144,11,1,3
BRDA:145,12,0,6
BRDA:145,12,1,3
BRDA:179,13,0,3
BRDA:179,13,1,1
BRDA:198,14,0,3
BRDA:198,14,1,3
BRDA:198,14,2,3
BRDA:270,15,0,3
BRDA:270,15,1,3
BRF:33
BRH:20
end_of_record
TN:
SF:src/pages/SingleCollectionPage.js
FN:8,SingleCollectionPage
FN:14,(anonymous_1)
FN:17,(anonymous_2)
FN:21,(anonymous_3)
FNF:4
FNH:4
FNDA:7,SingleCollectionPage
FNDA:3,(anonymous_1)
FNDA:2,(anonymous_2)
FNDA:1,(anonymous_3)
DA:9,7
DA:10,7
DA:11,6
DA:12,6
DA:14,6
DA:15,3
DA:18,2
DA:19,2
DA:22,1
DA:23,1
DA:24,1
DA:28,6
LF:12
LH:12
BRDA:34,0,0,6
BRDA:34,0,1,6
BRDA:40,1,0,6
BRDA:40,1,1,6
BRDA:41,2,0,6
BRDA:41,2,1,6
BRF:6
BRH:6
end_of_record
TN:
SF:src/pages/SingleUserCollectionsPage.js
FN:8,SingleUserCollectionsPage
FN:14,(anonymous_1)
FN:17,(anonymous_2)
FN:21,(anonymous_3)
FNF:4
FNH:4
FNDA:7,SingleUserCollectionsPage
FNDA:3,(anonymous_1)
FNDA:2,(anonymous_2)
FNDA:1,(anonymous_3)
DA:9,7
DA:10,7
DA:11,6
DA:12,6
DA:14,6
DA:15,3
DA:18,2
DA:19,2
DA:22,1
DA:23,1
DA:25,1
DA:29,6
LF:12
LH:12
BRDA:35,0,0,6
BRDA:35,0,1,0
BRDA:41,1,0,6
BRDA:41,1,1,0
BRDA:42,2,0,6
BRDA:42,2,1,0
BRF:6
BRH:3
end_of_record
