TN:
SF:controllers/aiCreatorController.js
FN:5,(anonymous_0)
FN:11,(anonymous_1)
FN:19,(anonymous_2)
FNF:3
FNH:3
FNDA:2,(anonymous_0)
FNDA:1,(anonymous_1)
FNDA:1,(anonymous_2)
DA:1,1
DA:2,1
DA:3,1
DA:5,1
DA:6,2
DA:8,2
DA:9,2
DA:12,1
DA:17,1
DA:20,1
DA:21,1
DA:23,1
DA:27,1
LF:13
LH:13
BRDA:8,0,0,2
BRDA:8,0,1,0
BRDA:14,1,0,1
BRDA:14,1,1,0
BRDA:20,2,0,1
BRDA:20,2,1,1
BRF:6
BRH:4
end_of_record
TN:
SF:controllers/assetController.js
FN:7,(anonymous_0)
FN:19,(anonymous_1)
FN:22,(anonymous_2)
FN:26,(anonymous_3)
FN:31,(anonymous_4)
FN:32,(anonymous_5)
FN:36,(anonymous_6)
FN:49,(anonymous_7)
FN:59,(anonymous_8)
FN:63,(anonymous_9)
FN:73,(anonymous_10)
FN:74,(anonymous_11)
FN:78,(anonymous_12)
FN:83,(anonymous_13)
FN:84,(anonymous_14)
FNF:15
FNH:15
FNDA:2,(anonymous_0)
FNDA:1,(anonymous_1)
FNDA:1,(anonymous_2)
FNDA:2,(anonymous_3)
FNDA:1,(anonymous_4)
FNDA:1,(anonymous_5)
FNDA:3,(anonymous_6)
FNDA:1,(anonymous_7)
FNDA:1,(anonymous_8)
FNDA:3,(anonymous_9)
FNDA:1,(anonymous_10)
FNDA:1,(anonymous_11)
FNDA:2,(anonymous_12)
FNDA:1,(anonymous_13)
FNDA:1,(anonymous_14)
DA:1,1
DA:2,1
DA:3,1
DA:4,1
DA:7,1
DA:8,2
DA:9,2
DA:11,2
DA:12,2
DA:13,2
DA:14,2
DA:15,2
DA:17,2
DA:20,1
DA:22,1
DA:26,1
DA:27,2
DA:29,2
DA:31,1
DA:32,1
DA:36,1
DA:37,3
DA:38,3
DA:40,3
DA:41,1
DA:45,2
DA:47,2
DA:50,1
DA:52,1
DA:53,0
DA:56,0
DA:59,1
DA:63,1
DA:64,3
DA:65,3
DA:67,3
DA:68,1
DA:71,2
DA:73,1
DA:74,1
DA:78,1
DA:79,2
DA:81,2
DA:83,1
DA:84,1
DA:87,1
LF:46
LH:44
BRDA:11,0,0,1
BRDA:11,0,1,1
BRDA:12,1,0,1
BRDA:12,1,1,1
BRDA:13,2,0,0
BRDA:13,2,1,2
BRDA:14,3,0,1
BRDA:14,3,1,1
BRDA:15,4,0,1
BRDA:15,4,1,1
BRDA:37,5,0,0
BRDA:37,5,1,3
BRDA:40,6,0,1
BRDA:40,6,1,2
BRDA:52,7,0,0
BRDA:52,7,1,1
BRDA:64,8,0,3
BRDA:64,8,1,0
BRDA:67,9,0,1
BRDA:67,9,1,2
BRF:20
BRH:16
end_of_record
TN:
SF:controllers/index.js
FNF:0
FNH:0
DA:1,1
LF:1
LH:1
BRF:0
BRH:0
end_of_record
TN:
SF:controllers/nftCollectionController.js
FN:6,(anonymous_0)
FN:17,(anonymous_1)
FN:20,(anonymous_2)
FN:24,(anonymous_3)
FN:30,(anonymous_4)
FN:31,(anonymous_5)
FN:35,(anonymous_6)
FN:44,(anonymous_7)
FN:45,(anonymous_8)
FN:49,(anonymous_9)
FN:59,(anonymous_10)
FN:60,(anonymous_11)
FN:64,(anonymous_12)
FN:69,(anonymous_13)
FN:70,(anonymous_14)
FNF:15
FNH:15
FNDA:2,(anonymous_0)
FNDA:1,(anonymous_1)
FNDA:1,(anonymous_2)
FNDA:2,(anonymous_3)
FNDA:1,(anonymous_4)
FNDA:1,(anonymous_5)
FNDA:3,(anonymous_6)
FNDA:1,(anonymous_7)
FNDA:1,(anonymous_8)
FNDA:3,(anonymous_9)
FNDA:1,(anonymous_10)
FNDA:1,(anonymous_11)
FNDA:2,(anonymous_12)
FNDA:1,(anonymous_13)
FNDA:1,(anonymous_14)
DA:1,1
DA:2,1
DA:3,1
DA:6,1
DA:7,2
DA:8,2
DA:10,2
DA:11,2
DA:12,2
DA:13,2
DA:15,2
DA:18,1
DA:20,1
DA:24,1
DA:25,2
DA:26,2
DA:28,2
DA:30,1
DA:31,1
DA:35,1
DA:36,3
DA:38,3
DA:39,1
DA:42,2
DA:44,1
DA:45,1
DA:49,1
DA:50,3
DA:51,3
DA:53,3
DA:54,1
DA:57,2
DA:59,1
DA:60,1
DA:64,1
DA:65,2
DA:67,2
DA:69,1
DA:70,1
DA:73,1
LF:40
LH:40
BRDA:10,0,0,1
BRDA:10,0,1,1
BRDA:11,1,0,1
BRDA:11,1,1,1
BRDA:12,2,0,1
BRDA:12,2,1,1
BRDA:13,3,0,1
BRDA:13,3,1,1
BRDA:36,4,0,3
BRDA:36,4,1,0
BRDA:38,5,0,1
BRDA:38,5,1,2
BRDA:50,6,0,3
BRDA:50,6,1,0
BRDA:53,7,0,1
BRDA:53,7,1,2
BRF:16
BRH:14
end_of_record
TN:
SF:controllers/userController.js
FN:6,(anonymous_0)
FN:11,(anonymous_1)
FN:12,(anonymous_2)
FN:16,(anonymous_3)
FN:30,(anonymous_4)
FN:31,(anonymous_5)
FNF:6
FNH:6
FNDA:2,(anonymous_0)
FNDA:1,(anonymous_1)
FNDA:1,(anonymous_2)
FNDA:4,(anonymous_3)
FNDA:1,(anonymous_4)
FNDA:1,(anonymous_5)
DA:1,1
DA:2,1
DA:3,1
DA:6,1
DA:7,2
DA:9,2
DA:11,1
DA:12,1
DA:16,1
DA:17,4
DA:18,4
DA:20,4
DA:21,1
DA:24,3
DA:25,1
DA:28,2
DA:30,1
DA:31,1
DA:34,1
LF:19
LH:19
BRDA:17,0,0,4
BRDA:17,0,1,0
BRDA:20,1,0,1
BRDA:20,1,1,3
BRDA:24,2,0,1
BRDA:24,2,1,2
BRF:6
BRH:5
end_of_record
TN:
SF:models/Asset.js
FNF:0
FNH:0
DA:1,1
DA:2,1
DA:4,1
DA:5,1
DA:7,1
DA:18,1
DA:36,1
DA:38,1
DA:40,1
LF:9
LH:9
BRF:0
BRH:0
end_of_record
TN:
SF:models/NFTCollection.js
FNF:0
FNH:0
DA:1,1
DA:2,1
DA:4,1
DA:5,1
DA:7,1
DA:23,1
DA:25,1
DA:27,1
LF:8
LH:8
BRF:0
BRH:0
end_of_record
TN:
SF:models/User.js
FNF:0
FNH:0
DA:1,1
DA:3,1
DA:58,1
DA:60,1
LF:4
LH:4
BRF:0
BRH:0
end_of_record
TN:
SF:repos/Asset.js
FN:7,(anonymous_0)
FN:20,(anonymous_1)
FN:47,(anonymous_2)
FN:54,(anonymous_3)
FN:65,(anonymous_4)
FNF:5
FNH:5
FNDA:1,(anonymous_0)
FNDA:1,(anonymous_1)
FNDA:4,(anonymous_2)
FNDA:1,(anonymous_3)
FNDA:1,(anonymous_4)
DA:1,1
DA:2,1
DA:7,1
DA:8,1
DA:9,1
DA:12,1
DA:14,1
DA:20,1
DA:27,1
DA:28,1
DA:29,1
DA:30,1
DA:32,1
DA:33,1
DA:35,1
DA:41,1
DA:47,1
DA:48,4
DA:54,1
DA:55,1
DA:65,1
DA:66,1
DA:69,1
LF:23
LH:23
BRDA:9,0,0,1
BRDA:9,0,1,0
BRDA:24,1,0,0
BRDA:25,2,0,0
BRDA:28,3,0,1
BRDA:28,3,1,0
BRDA:29,4,0,1
BRDA:29,4,1,0
BRDA:30,5,0,0
BRDA:30,5,1,1
BRF:10
BRH:4
end_of_record
TN:
SF:repos/NFTCollection.js
FN:7,(anonymous_0)
FN:20,(anonymous_1)
FN:40,(anonymous_2)
FN:47,(anonymous_3)
FN:58,(anonymous_4)
FNF:5
FNH:5
FNDA:3,(anonymous_0)
FNDA:1,(anonymous_1)
FNDA:4,(anonymous_2)
FNDA:1,(anonymous_3)
FNDA:1,(anonymous_4)
DA:1,1
DA:2,1
DA:7,1
DA:8,3
DA:9,3
DA:10,3
DA:13,3
DA:14,3
DA:20,1
DA:21,1
DA:22,1
DA:23,1
DA:25,1
DA:26,1
DA:28,1
DA:34,1
DA:40,1
DA:41,4
DA:47,1
DA:48,1
DA:58,1
DA:59,1
DA:62,1
LF:23
LH:23
BRDA:9,0,0,1
BRDA:9,0,1,2
BRDA:10,1,0,3
BRDA:10,1,1,0
BRDA:20,2,0,1
BRDA:20,3,0,0
BRDA:22,4,0,1
BRDA:22,4,1,0
BRDA:23,5,0,1
BRDA:23,5,1,0
BRF:10
BRH:6
end_of_record
TN:
SF:repos/User.js
FN:7,(anonymous_0)
FN:14,(anonymous_1)
FN:21,(anonymous_2)
FN:28,(anonymous_3)
FN:35,(anonymous_4)
FNF:5
FNH:5
FNDA:3,(anonymous_0)
FNDA:2,(anonymous_1)
FNDA:6,(anonymous_2)
FNDA:7,(anonymous_3)
FNDA:1,(anonymous_4)
DA:1,1
DA:2,1
DA:7,1
DA:8,3
DA:14,1
DA:15,2
DA:21,1
DA:22,6
DA:28,1
DA:29,7
DA:35,1
DA:36,1
DA:43,1
LF:13
LH:13
BRF:0
BRH:0
end_of_record
TN:
SF:routes/aiCreatorRoutes.js
FN:4,(anonymous_0)
FNF:1
FNH:1
FNDA:2,(anonymous_0)
DA:1,1
DA:2,1
DA:4,1
DA:5,2
DA:8,1
LF:5
LH:5
BRF:0
BRH:0
end_of_record
TN:
SF:routes/assetRoutes.js
FN:4,(anonymous_0)
FN:8,(anonymous_1)
FN:12,(anonymous_2)
FN:16,(anonymous_3)
FN:20,(anonymous_4)
FNF:5
FNH:5
FNDA:2,(anonymous_0)
FNDA:2,(anonymous_1)
FNDA:3,(anonymous_2)
FNDA:3,(anonymous_3)
FNDA:2,(anonymous_4)
DA:1,1
DA:2,1
DA:4,1
DA:5,2
DA:8,1
DA:9,2
DA:12,1
DA:13,3
DA:16,1
DA:17,3
DA:20,1
DA:21,2
DA:24,1
LF:13
LH:13
BRF:0
BRH:0
end_of_record
TN:
SF:routes/nftCollectionRoutes.js
FN:4,(anonymous_0)
FN:8,(anonymous_1)
FN:12,(anonymous_2)
FN:16,(anonymous_3)
FN:20,(anonymous_4)
FNF:5
FNH:5
FNDA:2,(anonymous_0)
FNDA:2,(anonymous_1)
FNDA:3,(anonymous_2)
FNDA:3,(anonymous_3)
FNDA:2,(anonymous_4)
DA:1,1
DA:2,1
DA:4,1
DA:5,2
DA:8,1
DA:9,2
DA:12,1
DA:13,3
DA:16,1
DA:17,3
DA:20,1
DA:21,2
DA:24,1
LF:13
LH:13
BRF:0
BRH:0
end_of_record
TN:
SF:routes/userAuthRoutes.js
FN:12,(anonymous_0)
FN:13,(anonymous_1)
FN:24,(anonymous_2)
FN:25,(anonymous_3)
FN:32,(anonymous_4)
FN:53,(anonymous_5)
FNF:6
FNH:5
FNDA:4,(anonymous_0)
FNDA:4,(anonymous_1)
FNDA:3,(anonymous_2)
FNDA:3,(anonymous_3)
FNDA:1,(anonymous_4)
FNDA:0,(anonymous_5)
DA:1,1
DA:2,1
DA:3,1
DA:4,1
DA:5,1
DA:6,1
DA:7,1
DA:10,1
DA:12,1
DA:13,4
DA:14,4
DA:15,3
DA:20,1
DA:24,1
DA:25,3
DA:26,3
DA:27,2
DA:32,1
DA:33,1
DA:34,0
DA:37,1
DA:38,1
DA:40,1
DA:45,1
DA:49,1
DA:51,1
DA:53,0
DA:56,1
LF:28
LH:26
BRDA:14,0,0,3
BRDA:14,0,1,1
BRDA:14,1,0,4
BRDA:14,1,1,2
BRDA:16,2,0,3
BRDA:16,2,1,1
BRDA:26,3,0,2
BRDA:26,3,1,1
BRDA:26,4,0,3
BRDA:26,4,1,2
BRDA:28,5,0,2
BRDA:28,5,1,1
BRDA:33,6,0,0
BRDA:33,6,1,1
BRF:14
BRH:13
end_of_record
TN:
SF:routes/userRoutes.js
FN:5,(anonymous_0)
FN:9,(anonymous_1)
FN:13,(anonymous_2)
FNF:3
FNH:3
FNDA:1,(anonymous_0)
FNDA:2,(anonymous_1)
FNDA:4,(anonymous_2)
DA:1,1
DA:2,1
DA:3,1
DA:5,1
DA:6,1
DA:9,1
DA:10,2
DA:13,1
DA:14,4
DA:17,1
LF:10
LH:10
BRF:0
BRH:0
end_of_record
