<?xml version="1.0" encoding="UTF-8"?>
<coverage generated="1673617036511" clover="3.2.0">
  <project timestamp="1673617036511" name="All files">
    <metrics statements="27" coveredstatements="23" conditionals="12" coveredconditionals="11" methods="13" coveredmethods="11" elements="52" coveredelements="45" complexity="0" loc="27" ncloc="27" packages="3" files="8" classes="8"/>
    <package name="src">
      <metrics statements="6" coveredstatements="6" conditionals="0" coveredconditionals="0" methods="1" coveredmethods="1"/>
      <file name="App.js" path="/Users/quintin/Developer/crazy-bee-project/frontend/src/App.js">
        <metrics statements="2" coveredstatements="2" conditionals="0" coveredconditionals="0" methods="1" coveredmethods="1"/>
        <line num="10" count="2" type="stmt"/>
        <line num="13" count="2" type="stmt"/>
      </file>
      <file name="index.js" path="/Users/quintin/Developer/crazy-bee-project/frontend/src/index.js">
        <metrics statements="4" coveredstatements="4" conditionals="0" coveredconditionals="0" methods="0" coveredmethods="0"/>
        <line num="12" count="1" type="stmt"/>
        <line num="32" count="1" type="stmt"/>
        <line num="33" count="1" type="stmt"/>
        <line num="38" count="1" type="stmt"/>
      </file>
    </package>
    <package name="src.components">
      <metrics statements="14" coveredstatements="10" conditionals="10" coveredconditionals="9" methods="8" coveredmethods="6"/>
      <file name="NFTCollectionsList.js" path="/Users/quintin/Developer/crazy-bee-project/frontend/src/components/NFTCollectionsList.js">
        <metrics statements="12" coveredstatements="8" conditionals="4" coveredconditionals="3" methods="6" coveredmethods="4"/>
        <line num="17" count="2" type="stmt"/>
        <line num="33" count="2" type="stmt"/>
        <line num="34" count="2" type="stmt"/>
        <line num="36" count="2" type="stmt"/>
        <line num="37" count="2" type="stmt"/>
        <line num="40" count="2" type="stmt"/>
        <line num="41" count="2" type="cond" truecount="2" falsecount="0"/>
        <line num="44" count="0" type="stmt"/>
        <line num="45" count="0" type="stmt"/>
        <line num="46" count="0" type="stmt"/>
        <line num="50" count="2" type="stmt"/>
        <line num="57" count="0" type="stmt"/>
      </file>
      <file name="SearchBar.js" path="/Users/quintin/Developer/crazy-bee-project/frontend/src/components/SearchBar.js">
        <metrics statements="1" coveredstatements="1" conditionals="0" coveredconditionals="0" methods="1" coveredmethods="1"/>
        <line num="8" count="2" type="stmt"/>
      </file>
      <file name="TopSlogan.js" path="/Users/quintin/Developer/crazy-bee-project/frontend/src/components/TopSlogan.js">
        <metrics statements="1" coveredstatements="1" conditionals="6" coveredconditionals="6" methods="1" coveredmethods="1"/>
        <line num="10" count="4" type="stmt"/>
      </file>
    </package>
    <package name="src.pages">
      <metrics statements="7" coveredstatements="7" conditionals="2" coveredconditionals="2" methods="4" coveredmethods="4"/>
      <file name="ErrorPage.js" path="/Users/quintin/Developer/crazy-bee-project/frontend/src/pages/ErrorPage.js">
        <metrics statements="3" coveredstatements="3" conditionals="2" coveredconditionals="2" methods="1" coveredmethods="1"/>
        <line num="4" count="1" type="stmt"/>
        <line num="5" count="1" type="stmt"/>
        <line num="7" count="1" type="stmt"/>
      </file>
      <file name="ExplorePage.js" path="/Users/quintin/Developer/crazy-bee-project/frontend/src/pages/ExplorePage.js">
        <metrics statements="3" coveredstatements="3" conditionals="0" coveredconditionals="0" methods="2" coveredmethods="2"/>
        <line num="12" count="2" type="stmt"/>
        <line num="15" count="2" type="stmt"/>
        <line num="26" count="16" type="stmt"/>
      </file>
      <file name="HomePage.js" path="/Users/quintin/Developer/crazy-bee-project/frontend/src/pages/HomePage.js">
        <metrics statements="1" coveredstatements="1" conditionals="0" coveredconditionals="0" methods="1" coveredmethods="1"/>
        <line num="6" count="2" type="stmt"/>
      </file>
    </package>
  </project>
</coverage>
