{"/Users/quintin/Developer/crazy-bee-project/frontend/src/App.js": {"path":"/Users/quintin/Developer/crazy-bee-project/frontend/src/App.js","statementMap":{"0":{"start":{"line":10,"column":14},"end":{"line":10,"column":27}},"1":{"start":{"line":13,"column":2},"end":{"line":24,"column":3}}},"fnMap":{"0":{"name":"App","decl":{"start":{"line":12,"column":9},"end":{"line":12,"column":12}},"loc":{"start":{"line":12,"column":15},"end":{"line":25,"column":1}},"line":12}},"branchMap":{},"s":{"0":2,"1":2},"f":{"0":2},"b":{},"_coverageSchema":"1a1c01bbd47fc00a2c39e90264f33305004495a9","hash":"2e4c6da46e52cb146e0b5d4d8b796f300c468410"}
,"/Users/quintin/Developer/crazy-bee-project/frontend/src/index.js": {"path":"/Users/quintin/Developer/crazy-bee-project/frontend/src/index.js","statementMap":{"0":{"start":{"line":12,"column":15},"end":{"line":30,"column":2}},"1":{"start":{"line":32,"column":13},"end":{"line":32,"column":65}},"2":{"start":{"line":33,"column":19},"end":{"line":33,"column":81}},"3":{"start":{"line":38,"column":0},"end":{"line":38,"column":17}}},"fnMap":{},"branchMap":{},"s":{"0":1,"1":1,"2":1,"3":1},"f":{},"b":{},"_coverageSchema":"1a1c01bbd47fc00a2c39e90264f33305004495a9","hash":"d71d886d0bbd4a4faf82acc616c636ad2bc3f877"}
,"/Users/quintin/Developer/crazy-bee-project/frontend/src/components/NFTCollectionsList.js": {"path":"/Users/quintin/Developer/crazy-bee-project/frontend/src/components/NFTCollectionsList.js","statementMap":{"0":{"start":{"line":17,"column":2},"end":{"line":29,"column":3}},"1":{"start":{"line":33,"column":46},"end":{"line":33,"column":58}},"2":{"start":{"line":34,"column":32},"end":{"line":34,"column":46}},"3":{"start":{"line":36,"column":2},"end":{"line":48,"column":8}},"4":{"start":{"line":37,"column":4},"end":{"line":47,"column":8}},"5":{"start":{"line":40,"column":8},"end":{"line":40,"column":25}},"6":{"start":{"line":41,"column":8},"end":{"line":41,"column":53}},"7":{"start":{"line":44,"column":8},"end":{"line":44,"column":25}},"8":{"start":{"line":45,"column":24},"end":{"line":45,"column":66}},"9":{"start":{"line":46,"column":8},"end":{"line":46,"column":30}},"10":{"start":{"line":50,"column":2},"end":{"line":80,"column":3}},"11":{"start":{"line":57,"column":12},"end":{"line":75,"column":19}}},"fnMap":{"0":{"name":"LoadingSkeletons","decl":{"start":{"line":16,"column":9},"end":{"line":16,"column":25}},"loc":{"start":{"line":16,"column":28},"end":{"line":30,"column":1}},"line":16},"1":{"name":"NFTCollectionsList","decl":{"start":{"line":32,"column":9},"end":{"line":32,"column":27}},"loc":{"start":{"line":32,"column":30},"end":{"line":81,"column":1}},"line":32},"2":{"name":"(anonymous_2)","decl":{"start":{"line":36,"column":12},"end":{"line":36,"column":13}},"loc":{"start":{"line":36,"column":18},"end":{"line":48,"column":3}},"line":36},"3":{"name":"(anonymous_3)","decl":{"start":{"line":39,"column":12},"end":{"line":39,"column":13}},"loc":{"start":{"line":39,"column":26},"end":{"line":42,"column":7}},"line":39},"4":{"name":"(anonymous_4)","decl":{"start":{"line":43,"column":13},"end":{"line":43,"column":14}},"loc":{"start":{"line":43,"column":24},"end":{"line":47,"column":7}},"line":43},"5":{"name":"(anonymous_5)","decl":{"start":{"line":56,"column":29},"end":{"line":56,"column":30}},"loc":{"start":{"line":57,"column":12},"end":{"line":75,"column":19}},"line":57}},"branchMap":{"0":{"loc":{"start":{"line":41,"column":26},"end":{"line":41,"column":52}},"type":"binary-expr","locations":[{"start":{"line":41,"column":26},"end":{"line":41,"column":46}},{"start":{"line":41,"column":50},"end":{"line":41,"column":52}}],"line":41},"1":{"loc":{"start":{"line":53,"column":9},"end":{"line":77,"column":9}},"type":"cond-expr","locations":[{"start":{"line":54,"column":10},"end":{"line":54,"column":30}},{"start":{"line":56,"column":10},"end":{"line":76,"column":12}}],"line":53}},"s":{"0":2,"1":2,"2":2,"3":2,"4":2,"5":2,"6":2,"7":0,"8":0,"9":0,"10":2,"11":0},"f":{"0":2,"1":2,"2":2,"3":2,"4":0,"5":0},"b":{"0":[2,2],"1":[2,0]},"_coverageSchema":"1a1c01bbd47fc00a2c39e90264f33305004495a9","hash":"08177950e9efb7b4073a9235df1b3e76ddf03a05"}
,"/Users/quintin/Developer/crazy-bee-project/frontend/src/components/SearchBar.js": {"path":"/Users/quintin/Developer/crazy-bee-project/frontend/src/components/SearchBar.js","statementMap":{"0":{"start":{"line":8,"column":2},"end":{"line":29,"column":3}}},"fnMap":{"0":{"name":"SearchBar","decl":{"start":{"line":7,"column":9},"end":{"line":7,"column":18}},"loc":{"start":{"line":7,"column":21},"end":{"line":30,"column":1}},"line":7}},"branchMap":{},"s":{"0":2},"f":{"0":2},"b":{},"_coverageSchema":"1a1c01bbd47fc00a2c39e90264f33305004495a9","hash":"780eef4117f06ffb9a6dd031e5258578d20448a0"}
,"/Users/quintin/Developer/crazy-bee-project/frontend/src/components/TopSlogan.js": {"path":"/Users/quintin/Developer/crazy-bee-project/frontend/src/components/TopSlogan.js","statementMap":{"0":{"start":{"line":10,"column":2},"end":{"line":41,"column":3}}},"fnMap":{"0":{"name":"TopSlogan","decl":{"start":{"line":9,"column":9},"end":{"line":9,"column":18}},"loc":{"start":{"line":9,"column":67},"end":{"line":42,"column":1}},"line":9}},"branchMap":{"0":{"loc":{"start":{"line":22,"column":9},"end":{"line":26,"column":9}},"type":"binary-expr","locations":[{"start":{"line":22,"column":9},"end":{"line":22,"column":16}},{"start":{"line":23,"column":10},"end":{"line":25,"column":23}}],"line":22},"1":{"loc":{"start":{"line":28,"column":11},"end":{"line":32,"column":11}},"type":"binary-expr","locations":[{"start":{"line":28,"column":11},"end":{"line":28,"column":22}},{"start":{"line":29,"column":12},"end":{"line":31,"column":21}}],"line":28},"2":{"loc":{"start":{"line":33,"column":11},"end":{"line":37,"column":11}},"type":"binary-expr","locations":[{"start":{"line":33,"column":11},"end":{"line":33,"column":23}},{"start":{"line":34,"column":12},"end":{"line":36,"column":21}}],"line":33}},"s":{"0":4},"f":{"0":4},"b":{"0":[4,4],"1":[4,4],"2":[4,4]},"_coverageSchema":"1a1c01bbd47fc00a2c39e90264f33305004495a9","hash":"e041c51d4039133e2584379efc2322dd5ccfe8de"}
,"/Users/quintin/Developer/crazy-bee-project/frontend/src/pages/ErrorPage.js": {"path":"/Users/quintin/Developer/crazy-bee-project/frontend/src/pages/ErrorPage.js","statementMap":{"0":{"start":{"line":4,"column":16},"end":{"line":4,"column":31}},"1":{"start":{"line":5,"column":2},"end":{"line":5,"column":22}},"2":{"start":{"line":7,"column":2},"end":{"line":16,"column":3}}},"fnMap":{"0":{"name":"ErrorPage","decl":{"start":{"line":3,"column":9},"end":{"line":3,"column":18}},"loc":{"start":{"line":3,"column":21},"end":{"line":17,"column":1}},"line":3}},"branchMap":{"0":{"loc":{"start":{"line":13,"column":43},"end":{"line":13,"column":76}},"type":"binary-expr","locations":[{"start":{"line":13,"column":43},"end":{"line":13,"column":59}},{"start":{"line":13,"column":63},"end":{"line":13,"column":76}}],"line":13}},"s":{"0":1,"1":1,"2":1},"f":{"0":1},"b":{"0":[1,1]},"_coverageSchema":"1a1c01bbd47fc00a2c39e90264f33305004495a9","hash":"a989ef8e549e0a5214cce94362872bbe21478799"}
,"/Users/quintin/Developer/crazy-bee-project/frontend/src/pages/ExplorePage.js": {"path":"/Users/quintin/Developer/crazy-bee-project/frontend/src/pages/ExplorePage.js","statementMap":{"0":{"start":{"line":12,"column":14},"end":{"line":12,"column":38}},"1":{"start":{"line":15,"column":2},"end":{"line":55,"column":3}},"2":{"start":{"line":26,"column":12},"end":{"line":50,"column":19}}},"fnMap":{"0":{"name":"HomePage","decl":{"start":{"line":14,"column":9},"end":{"line":14,"column":17}},"loc":{"start":{"line":14,"column":20},"end":{"line":56,"column":1}},"line":14},"1":{"name":"(anonymous_1)","decl":{"start":{"line":25,"column":21},"end":{"line":25,"column":22}},"loc":{"start":{"line":26,"column":12},"end":{"line":50,"column":19}},"line":26}},"branchMap":{},"s":{"0":2,"1":2,"2":16},"f":{"0":2,"1":16},"b":{},"_coverageSchema":"1a1c01bbd47fc00a2c39e90264f33305004495a9","hash":"43cdb4480b5088dd8bef26e9d5cff33a04ed6e6c"}
,"/Users/quintin/Developer/crazy-bee-project/frontend/src/pages/HomePage.js": {"path":"/Users/quintin/Developer/crazy-bee-project/frontend/src/pages/HomePage.js","statementMap":{"0":{"start":{"line":6,"column":2},"end":{"line":17,"column":3}}},"fnMap":{"0":{"name":"HomePage","decl":{"start":{"line":5,"column":9},"end":{"line":5,"column":17}},"loc":{"start":{"line":5,"column":20},"end":{"line":18,"column":1}},"line":5}},"branchMap":{},"s":{"0":2},"f":{"0":2},"b":{},"_coverageSchema":"1a1c01bbd47fc00a2c39e90264f33305004495a9","hash":"832faf692b54c7fd5d18cb096a3fa30cbbfd9e81"}
}
