TN:
SF:src/App.js
FN:12,App
FNF:1
FNH:1
FNDA:2,App
DA:10,2
DA:13,2
LF:2
LH:2
BRF:0
BRH:0
end_of_record
TN:
SF:src/index.js
FNF:0
FNH:0
DA:12,1
DA:32,1
DA:33,1
DA:38,1
LF:4
LH:4
BRF:0
BRH:0
end_of_record
TN:
SF:src/components/NFTCollectionsList.js
FN:16,LoadingSkeletons
FN:32,NFTCollectionsList
FN:36,(anonymous_2)
FN:39,(anonymous_3)
FN:43,(anonymous_4)
FN:56,(anonymous_5)
FNF:6
FNH:4
FNDA:2,LoadingSkeletons
FNDA:2,NFTCollectionsList
FNDA:2,(anonymous_2)
FNDA:2,(anonymous_3)
FNDA:0,(anonymous_4)
FNDA:0,(anonymous_5)
DA:17,2
DA:33,2
DA:34,2
DA:36,2
DA:37,2
DA:40,2
DA:41,2
DA:44,0
DA:45,0
DA:46,0
DA:50,2
DA:57,0
LF:12
LH:8
BRDA:41,0,0,2
BRDA:41,0,1,2
BRDA:53,1,0,2
BRDA:53,1,1,0
BRF:4
BRH:3
end_of_record
TN:
SF:src/components/SearchBar.js
FN:7,SearchBar
FNF:1
FNH:1
FNDA:2,SearchBar
DA:8,2
LF:1
LH:1
BRF:0
BRH:0
end_of_record
TN:
SF:src/components/TopSlogan.js
FN:9,TopSlogan
FNF:1
FNH:1
FNDA:4,TopSlogan
DA:10,4
LF:1
LH:1
BRDA:22,0,0,4
BRDA:22,0,1,4
BRDA:28,1,0,4
BRDA:28,1,1,4
BRDA:33,2,0,4
BRDA:33,2,1,4
BRF:6
BRH:6
end_of_record
TN:
SF:src/pages/ErrorPage.js
FN:3,ErrorPage
FNF:1
FNH:1
FNDA:1,ErrorPage
DA:4,1
DA:5,1
DA:7,1
LF:3
LH:3
BRDA:13,0,0,1
BRDA:13,0,1,1
BRF:2
BRH:2
end_of_record
TN:
SF:src/pages/ExplorePage.js
FN:14,HomePage
FN:25,(anonymous_1)
FNF:2
FNH:2
FNDA:2,HomePage
FNDA:16,(anonymous_1)
DA:12,2
DA:15,2
DA:26,16
LF:3
LH:3
BRF:0
BRH:0
end_of_record
TN:
SF:src/pages/HomePage.js
FN:5,HomePage
FNF:1
FNH:1
FNDA:2,HomePage
DA:6,2
LF:1
LH:1
BRF:0
BRH:0
end_of_record
